<?xml version="1.0" encoding="utf-8"?>
<TestRun id="b500543e-9d1d-4931-b58d-310845b9d70a" name="Jakub@DESKTOP-I52018A 2026-09-06 18:45:58" runUser="DESKTOP-I52018A\Jakub" xmlns="http://microsoft.com/schemas/VisualStudio/TeamTest/2010">
  <Times creation="2026-09-06T18:45:58.5372082+02:00" queuing="2026-09-06T18:45:58.5372085+02:00" start="2026-09-06T18:45:57.2737398+02:00" finish="2026-09-06T18:45:58.5414698+02:00" />
  <TestSettings name="default" id="5ad6781a-1107-47b7-9efe-2f5c3decda15">
    <Deployment runDeploymentRoot="Jakub_DESKTOP-I52018A_2026-09-06_18_45_58" />
  </TestSettings>
  <Results>
    <UnitTestResult executionId="7dafe4f1-a7f9-442e-8781-399ff1273adb" testId="5385f7d8-3e8f-99f1-f5d1-a04c6cb8d062" testName="WhenQueryTokenIsCancelled_ThenLinkedTokenIsCancelled" computerName="DESKTOP-I52018A" duration="00:00:00.0593525" startTime="2026-09-06T18:45:58.2458690+02:00" endTime="2026-09-06T18:45:58.3054449+02:00" testType="13cdc9d9-ddb5-4fa4-a97d-d965ccfc6d4b" outcome="Passed" testListId="8c84fa94-04c1-424b-9868-57a2d4851a1d" relativeResultsDirectory="7dafe4f1-a7f9-442e-8781-399ff1273adb" />
    <UnitTestResult executionId="b2771664-4db5-42f4-b0df-457a3f0bf36d" testId="a453f451-45b4-0795-c7ad-21ad3586aac9" testName="WhenCollectionObservesCancellation_ThenCompletesWithoutRows" computerName="DESKTOP-I52018A" duration="00:00:00.0439229" startTime="2026-09-06T18:45:58.3057981+02:00" endTime="2026-09-06T18:45:58.3499130+02:00" testType="13cdc9d9-ddb5-4fa4-a97d-d965ccfc6d4b" outcome="Passed" testListId="8c84fa94-04c1-424b-9868-57a2d4851a1d" relativeResultsDirectory="b2771664-4db5-42f4-b0df-457a3f0bf36d" />
    <UnitTestResult executionId="f7de69c1-5df0-40b0-b258-5733f8ce6d15" testId="ff154d58-1452-ed36-9789-f53619491bc2" testName="WhenCollectingThrows_ThenExceptionIsPropagated" computerName="DESKTOP-I52018A" duration="00:00:00.0505480" startTime="2026-09-06T18:45:58.3500048+02:00" endTime="2026-09-06T18:45:58.4013787+02:00" testType="13cdc9d9-ddb5-4fa4-a97d-d965ccfc6d4b" outcome="Passed" testListId="8c84fa94-04c1-424b-9868-57a2d4851a1d" relativeResultsDirectory="f7de69c1-5df0-40b0-b258-5733f8ce6d15" />
    <UnitTestResult executionId="cae82fa5-1e81-403a-bccf-81768824a42f" testId="5931401e-d512-2cb8-835d-4951a6949206" testName="WhenCollectingRows_ThenEmitsTypedChunks" computerName="DESKTOP-I52018A" duration="00:00:00.0480670" startTime="2026-09-06T18:45:58.1552193+02:00" endTime="2026-09-06T18:45:58.2424342+02:00" testType="13cdc9d9-ddb5-4fa4-a97d-d965ccfc6d4b" outcome="Passed" testListId="8c84fa94-04c1-424b-9868-57a2d4851a1d" relativeResultsDirectory="cae82fa5-1e81-403a-bccf-81768824a42f" />
  </Results>
  <TestDefinitions>
    <UnitTest name="WhenCollectingThrows_ThenExceptionIsPropagated" storage="d:\repos\musoq.datasources\musoq.datasources.asyncrowssource.tests\bin\release\net10.0\musoq.datasources.asyncrowssource.tests.dll" id="ff154d58-1452-ed36-9789-f53619491bc2">
      <Execution id="f7de69c1-5df0-40b0-b258-5733f8ce6d15" />
      <TestMethod codeBase="D:\repos\Musoq.DataSources\Musoq.DataSources.AsyncRowsSource.Tests\bin\Release\net10.0\Musoq.DataSources.AsyncRowsSource.Tests.dll" adapterTypeName="executor://mstestadapter/v2" className="Musoq.DataSources.AsyncRowsSource.Tests.AsyncRowsSourceBaseTests" name="WhenCollectingThrows_ThenExceptionIsPropagated" />
    </UnitTest>
    <UnitTest name="WhenQueryTokenIsCancelled_ThenLinkedTokenIsCancelled" storage="d:\repos\musoq.datasources\musoq.datasources.asyncrowssource.tests\bin\release\net10.0\musoq.datasources.asyncrowssource.tests.dll" id="5385f7d8-3e8f-99f1-f5d1-a04c6cb8d062">
      <Execution id="7dafe4f1-a7f9-442e-8781-399ff1273adb" />
      <TestMethod codeBase="D:\repos\Musoq.DataSources\Musoq.DataSources.AsyncRowsSource.Tests\bin\Release\net10.0\Musoq.DataSources.AsyncRowsSource.Tests.dll" adapterTypeName="executor://mstestadapter/v2" className="Musoq.DataSources.AsyncRowsSource.Tests.AsyncRowsSourceBaseTests" name="WhenQueryTokenIsCancelled_ThenLinkedTokenIsCancelled" />
    </UnitTest>
    <UnitTest name="WhenCollectionObservesCancellation_ThenCompletesWithoutRows" storage="d:\repos\musoq.datasources\musoq.datasources.asyncrowssource.tests\bin\release\net10.0\musoq.datasources.asyncrowssource.tests.dll" id="a453f451-45b4-0795-c7ad-21ad3586aac9">
      <Execution id="b2771664-4db5-42f4-b0df-457a3f0bf36d" />
      <TestMethod codeBase="D:\repos\Musoq.DataSources\Musoq.DataSources.AsyncRowsSource.Tests\bin\Release\net10.0\Musoq.DataSources.AsyncRowsSource.Tests.dll" adapterTypeName="executor://mstestadapter/v2" className="Musoq.DataSources.AsyncRowsSource.Tests.AsyncRowsSourceBaseTests" name="WhenCollectionObservesCancellation_ThenCompletesWithoutRows" />
    </UnitTest>
    <UnitTest name="WhenCollectingRows_ThenEmitsTypedChunks" storage="d:\repos\musoq.datasources\musoq.datasources.asyncrowssource.tests\bin\release\net10.0\musoq.datasources.asyncrowssource.tests.dll" id="5931401e-d512-2cb8-835d-4951a6949206">
      <Execution id="cae82fa5-1e81-403a-bccf-81768824a42f" />
      <TestMethod codeBase="D:\repos\Musoq.DataSources\Musoq.DataSources.AsyncRowsSource.Tests\bin\Release\net10.0\Musoq.DataSources.AsyncRowsSource.Tests.dll" adapterTypeName="executor://mstestadapter/v2" className="Musoq.DataSources.AsyncRowsSource.Tests.AsyncRowsSourceBaseTests" name="WhenCollectingRows_ThenEmitsTypedChunks" />
    </UnitTest>
  </TestDefinitions>
  <TestEntries>
    <TestEntry testId="5385f7d8-3e8f-99f1-f5d1-a04c6cb8d062" executionId="7dafe4f1-a7f9-442e-8781-399ff1273adb" testListId="8c84fa94-04c1-424b-9868-57a2d4851a1d" />
    <TestEntry testId="a453f451-45b4-0795-c7ad-21ad3586aac9" executionId="b2771664-4db5-42f4-b0df-457a3f0bf36d" testListId="8c84fa94-04c1-424b-9868-57a2d4851a1d" />
    <TestEntry testId="ff154d58-1452-ed36-9789-f53619491bc2" executionId="f7de69c1-5df0-40b0-b258-5733f8ce6d15" testListId="8c84fa94-04c1-424b-9868-57a2d4851a1d" />
    <TestEntry testId="5931401e-d512-2cb8-835d-4951a6949206" executionId="cae82fa5-1e81-403a-bccf-81768824a42f" testListId="8c84fa94-04c1-424b-9868-57a2d4851a1d" />
  </TestEntries>
  <TestLists>
    <TestList name="Results Not in a List" id="8c84fa94-04c1-424b-9868-57a2d4851a1d" />
    <TestList name="All Loaded Results" id="19431567-8539-422a-85d7-44ee4e166bda" />
  </TestLists>
  <ResultSummary outcome="Completed">
    <Counters total="4" executed="4" passed="4" failed="0" error="0" timeout="0" aborted="0" inconclusive="0" passedButRunAborted="0" notRunnable="0" notExecuted="0" disconnected="0" warning="0" completed="0" inProgress="0" pending="0" />
  </ResultSummary>
</TestRun>