<?xml version="1.0" encoding="utf-8"?>
<TestRun id="6a4e209f-99ec-4134-9cf3-24690007fe5c" name="Jakub@DESKTOP-I52018A 2026-09-06 18:46:09" runUser="DESKTOP-I52018A\Jakub" xmlns="http://microsoft.com/schemas/VisualStudio/TeamTest/2010">
  <Times creation="2026-09-06T18:46:09.9365318+02:00" queuing="2026-09-06T18:46:09.9365319+02:00" start="2026-09-06T18:46:07.2485486+02:00" finish="2026-09-06T18:46:09.9398268+02:00" />
  <TestSettings name="default" id="255daef9-e7e3-4bb0-8ee5-cac6a31d0341">
    <Deployment runDeploymentRoot="Jakub_DESKTOP-I52018A_2026-09-06_18_46_09" />
  </TestSettings>
  <Results>
    <UnitTestResult executionId="5f849c3e-6d7a-4200-a4d4-9aeebf3ae5f2" testId="93ae26e7-a51d-eabd-cb3f-711cfb290bfa" testName="WhenCommitsCountPerRepositoryCalculated_ShouldPass" computerName="DESKTOP-I52018A" duration="00:00:00.3503402" startTime="2026-09-06T18:46:09.5224110+02:00" endTime="2026-09-06T18:46:09.8738761+02:00" testType="13cdc9d9-ddb5-4fa4-a97d-d965ccfc6d4b" outcome="Passed" testListId="8c84fa94-04c1-424b-9868-57a2d4851a1d" relativeResultsDirectory="5f849c3e-6d7a-4200-a4d4-9aeebf3ae5f2" />
    <UnitTestResult executionId="67a4b8d3-b06b-4c9e-b7af-2258a458d1b9" testId="94f94bb4-38b2-c8de-1107-0d91dfe25866" testName="WhenSelectCommitsFromMultipleRepositories_ShouldPass" computerName="DESKTOP-I52018A" duration="00:00:01.9864142" startTime="2026-09-06T18:46:07.5252857+02:00" endTime="2026-09-06T18:46:09.5199894+02:00" testType="13cdc9d9-ddb5-4fa4-a97d-d965ccfc6d4b" outcome="Passed" testListId="8c84fa94-04c1-424b-9868-57a2d4851a1d" relativeResultsDirectory="67a4b8d3-b06b-4c9e-b7af-2258a458d1b9" />
  </Results>
  <TestDefinitions>
    <UnitTest name="WhenSelectCommitsFromMultipleRepositories_ShouldPass" storage="d:\repos\musoq.datasources\musoq.datasources.osandgittests\bin\release\net10.0\musoq.datasources.osandgittests.dll" id="94f94bb4-38b2-c8de-1107-0d91dfe25866">
      <Execution id="67a4b8d3-b06b-4c9e-b7af-2258a458d1b9" />
      <TestMethod codeBase="D:\repos\Musoq.DataSources\Musoq.DataSources.OsAndGitTests\bin\Release\net10.0\Musoq.DataSources.OsAndGitTests.dll" adapterTypeName="executor://mstestadapter/v2" className="Musoq.DataSources.OsAndGitTests.OsAndGitToSqlTests" name="WhenSelectCommitsFromMultipleRepositories_ShouldPass" />
    </UnitTest>
    <UnitTest name="WhenCommitsCountPerRepositoryCalculated_ShouldPass" storage="d:\repos\musoq.datasources\musoq.datasources.osandgittests\bin\release\net10.0\musoq.datasources.osandgittests.dll" id="93ae26e7-a51d-eabd-cb3f-711cfb290bfa">
      <Execution id="5f849c3e-6d7a-4200-a4d4-9aeebf3ae5f2" />
      <TestMethod codeBase="D:\repos\Musoq.DataSources\Musoq.DataSources.OsAndGitTests\bin\Release\net10.0\Musoq.DataSources.OsAndGitTests.dll" adapterTypeName="executor://mstestadapter/v2" className="Musoq.DataSources.OsAndGitTests.OsAndGitToSqlTests" name="WhenCommitsCountPerRepositoryCalculated_ShouldPass" />
    </UnitTest>
  </TestDefinitions>
  <TestEntries>
    <TestEntry testId="93ae26e7-a51d-eabd-cb3f-711cfb290bfa" executionId="5f849c3e-6d7a-4200-a4d4-9aeebf3ae5f2" testListId="8c84fa94-04c1-424b-9868-57a2d4851a1d" />
    <TestEntry testId="94f94bb4-38b2-c8de-1107-0d91dfe25866" executionId="67a4b8d3-b06b-4c9e-b7af-2258a458d1b9" testListId="8c84fa94-04c1-424b-9868-57a2d4851a1d" />
  </TestEntries>
  <TestLists>
    <TestList name="Results Not in a List" id="8c84fa94-04c1-424b-9868-57a2d4851a1d" />
    <TestList name="All Loaded Results" id="19431567-8539-422a-85d7-44ee4e166bda" />
  </TestLists>
  <ResultSummary outcome="Completed">
    <Counters total="2" executed="2" passed="2" failed="0" error="0" timeout="0" aborted="0" inconclusive="0" passedButRunAborted="0" notRunnable="0" notExecuted="0" disconnected="0" warning="0" completed="0" inProgress="0" pending="0" />
  </ResultSummary>
</TestRun>