<?xml version="1.0" encoding="utf-8"?>
<TestRun id="d7a06391-7a41-4677-b0f6-86884cb678af" name="Jakub@DESKTOP-I52018A 2026-09-06 18:46:06" runUser="DESKTOP-I52018A\Jakub" xmlns="http://microsoft.com/schemas/VisualStudio/TeamTest/2010">
  <Times creation="2026-09-06T18:46:06.8303516+02:00" queuing="2026-09-06T18:46:06.8303517+02:00" start="2026-09-06T18:46:04.0821923+02:00" finish="2026-09-06T18:46:15.2371846+02:00" />
  <TestSettings name="default" id="09ea3910-eb4b-4ee6-93aa-40e6941c870a">
    <Deployment runDeploymentRoot="Jakub_DESKTOP-I52018A_2026-09-06_18_46_06" />
  </TestSettings>
  <Results>
    <UnitTestResult executionId="a4eb8013-a0ed-4626-b7f9-fd181da1e042" testId="5181a4ce-8aa6-be6e-87dc-d065fe25e18d" testName="DescFiles_ShouldReturnMethodSignature" computerName="DESKTOP-I52018A" duration="00:00:00.0325653" startTime="2026-09-06T18:46:11.6151839+02:00" endTime="2026-09-06T18:46:11.6478910+02:00" testType="13cdc9d9-ddb5-4fa4-a97d-d965ccfc6d4b" outcome="Passed" testListId="8c84fa94-04c1-424b-9868-57a2d4851a1d" relativeResultsDirectory="a4eb8013-a0ed-4626-b7f9-fd181da1e042" />
    <UnitTestResult executionId="e35fb129-5758-40e7-9a23-851c86d7a475" testId="b313f0df-4d3c-3828-59f9-0e3cd763bb2e" testName="DescFilesWithArgs_ShouldReturnTableSchema" computerName="DESKTOP-I52018A" duration="00:00:00.0342292" startTime="2026-09-06T18:46:12.1085846+02:00" endTime="2026-09-06T18:46:12.1429755+02:00" testType="13cdc9d9-ddb5-4fa4-a97d-d965ccfc6d4b" outcome="Passed" testListId="8c84fa94-04c1-424b-9868-57a2d4851a1d" relativeResultsDirectory="e35fb129-5758-40e7-9a23-851c86d7a475" />
    <UnitTestResult executionId="46b5e43f-920d-4645-87a2-f025cb9b05e3" testId="c021b9f7-375b-85d5-39ca-2b6f7edbefe1" testName="File_GetHead_Test" computerName="DESKTOP-I52018A" duration="00:00:00.0496350" startTime="2026-09-06T18:46:14.4962908+02:00" endTime="2026-09-06T18:46:14.5460356+02:00" testType="13cdc9d9-ddb5-4fa4-a97d-d965ccfc6d4b" outcome="Passed" testListId="8c84fa94-04c1-424b-9868-57a2d4851a1d" relativeResultsDirectory="46b5e43f-920d-4645-87a2-f025cb9b05e3" />
    <UnitTestResult executionId="5dfdf669-ee90-4c7d-8033-5e51e7be759e" testId="7a40ffa9-feea-94f6-6d5c-98ce64758d61" testName="WhenGetMetadataWithDirectoryCalled_ShouldReturnMetadata" computerName="DESKTOP-I52018A" duration="00:00:00.0573117" startTime="2026-09-06T18:46:06.2539215+02:00" endTime="2026-09-06T18:46:06.3113403+02:00" testType="13cdc9d9-ddb5-4fa4-a97d-d965ccfc6d4b" outcome="Passed" testListId="8c84fa94-04c1-424b-9868-57a2d4851a1d" relativeResultsDirectory="5dfdf669-ee90-4c7d-8033-5e51e7be759e" />
    <UnitTestResult executionId="9f68ed0d-3029-447c-bbed-a524cbf21755" testId="db57b0b1-c609-d1ab-9744-51f9844e02ed" testName="WhenDirectoriesFilteredByName_ShouldReturnOnlyMatchingDirectory" computerName="DESKTOP-I52018A" duration="00:00:00.0542837" startTime="2026-09-06T18:46:14.0302477+02:00" endTime="2026-09-06T18:46:14.0846549+02:00" testType="13cdc9d9-ddb5-4fa4-a97d-d965ccfc6d4b" outcome="Passed" testListId="8c84fa94-04c1-424b-9868-57a2d4851a1d" relativeResultsDirectory="9f68ed0d-3029-447c-bbed-a524cbf21755" />
    <UnitTestResult executionId="40343233-d626-417d-9377-0c6464e35469" testId="b8d4eaf7-2b45-bdab-2873-6b588ddaa8ec" testName="DirectoriesCompare_CompareWithItself" computerName="DESKTOP-I52018A" duration="00:00:00.0007961" startTime="2026-09-06T18:46:14.6443600+02:00" endTime="2026-09-06T18:46:14.6452269+02:00" testType="13cdc9d9-ddb5-4fa4-a97d-d965ccfc6d4b" outcome="Passed" testListId="8c84fa94-04c1-424b-9868-57a2d4851a1d" relativeResultsDirectory="40343233-d626-417d-9377-0c6464e35469" />
    <UnitTestResult executionId="105c49cc-d284-4e1e-9f42-671ade8f2ff6" testId="751bbf97-7767-9dad-6184-4c872085b808" testName="Directories_AttributesSupportsFlagsPredicatesWithoutEnumMaterialization" computerName="DESKTOP-I52018A" duration="00:00:00.1078481" startTime="2026-09-06T18:46:08.4609837+02:00" endTime="2026-09-06T18:46:08.5689494+02:00" testType="13cdc9d9-ddb5-4fa4-a97d-d965ccfc6d4b" outcome="Passed" testListId="8c84fa94-04c1-424b-9868-57a2d4851a1d" relativeResultsDirectory="105c49cc-d284-4e1e-9f42-671ade8f2ff6" />
    <UnitTestResult executionId="6a786c4f-f6ea-4f57-9c35-49ed1f41d444" testId="b033a0a4-5342-32b8-0f36-7fbf6269135f" testName="DescMetadataWithArgs_ShouldReturnTableSchema" computerName="DESKTOP-I52018A" duration="00:00:00.0390886" startTime="2026-09-06T18:46:12.3316524+02:00" endTime="2026-09-06T18:46:12.3708823+02:00" testType="13cdc9d9-ddb5-4fa4-a97d-d965ccfc6d4b" outcome="Passed" testListId="8c84fa94-04c1-424b-9868-57a2d4851a1d" relativeResultsDirectory="6a786c4f-f6ea-4f57-9c35-49ed1f41d444" />
    <UnitTestResult executionId="dbc8dd9f-060d-4621-a6e8-cb59861b2db6" testId="c65cc73c-55e7-f0da-7fd1-3d36748998ee" testName="DescNoParameterRuntimeDiscoverySource_ShouldReturnNoParameterSignature (&quot;timezones&quot;)" computerName="DESKTOP-I52018A" duration="00:00:00.0459866" startTime="2026-09-06T18:46:09.5905048+02:00" endTime="2026-09-06T18:46:09.6366535+02:00" testType="13cdc9d9-ddb5-4fa4-a97d-d965ccfc6d4b" outcome="Passed" testListId="8c84fa94-04c1-424b-9868-57a2d4851a1d" relativeResultsDirectory="dbc8dd9f-060d-4621-a6e8-cb59861b2db6" />
    <UnitTestResult executionId="e6249b26-64d3-47ce-b0cf-e46e008c9f27" testId="8640ad32-fbf4-3e77-7b37-07e1ad8a3416" testName="Query_ShouldNotThrowException" computerName="DESKTOP-I52018A" duration="00:00:00.0423431" startTime="2026-09-06T18:46:15.0741685+02:00" endTime="2026-09-06T18:46:15.1166598+02:00" testType="13cdc9d9-ddb5-4fa4-a97d-d965ccfc6d4b" outcome="Passed" testListId="8c84fa94-04c1-424b-9868-57a2d4851a1d" relativeResultsDirectory="e6249b26-64d3-47ce-b0cf-e46e008c9f27" />
    <UnitTestResult executionId="0ccc45be-176d-4b8c-b11f-25a83eec5256" testId="18b65279-249f-a75d-bd16-883e92a5812c" testName="FilesSourceIterateDirectoriesTest" computerName="DESKTOP-I52018A" duration="00:00:00.0011241" startTime="2026-09-06T18:46:14.2592162+02:00" endTime="2026-09-06T18:46:14.2604332+02:00" testType="13cdc9d9-ddb5-4fa4-a97d-d965ccfc6d4b" outcome="Passed" testListId="8c84fa94-04c1-424b-9868-57a2d4851a1d" relativeResultsDirectory="0ccc45be-176d-4b8c-b11f-25a83eec5256" />
    <UnitTestResult executionId="2b200922-70a7-444d-8f7e-b3a9fa4f5f10" testId="74224bbb-ed3d-d6c7-7c06-c5d3341609c1" testName="WhenFilesFilteredByNonExistentName_ShouldReturnNoFiles" computerName="DESKTOP-I52018A" duration="00:00:00.0544713" startTime="2026-09-06T18:46:13.9755755+02:00" endTime="2026-09-06T18:46:14.0301889+02:00" testType="13cdc9d9-ddb5-4fa4-a97d-d965ccfc6d4b" outcome="Passed" testListId="8c84fa94-04c1-424b-9868-57a2d4851a1d" relativeResultsDirectory="2b200922-70a7-444d-8f7e-b3a9fa4f5f10" />
    <UnitTestResult executionId="9474e6ca-01f1-4600-a485-c5d23c92eeb0" testId="19a4bf93-c477-d846-0fa9-00afd8c2896e" testName="NonExistingFileTest" computerName="DESKTOP-I52018A" duration="00:00:00.0003769" startTime="2026-09-06T18:46:14.2628587+02:00" endTime="2026-09-06T18:46:14.2632898+02:00" testType="13cdc9d9-ddb5-4fa4-a97d-d965ccfc6d4b" outcome="Passed" testListId="8c84fa94-04c1-424b-9868-57a2d4851a1d" relativeResultsDirectory="9474e6ca-01f1-4600-a485-c5d23c92eeb0" />
    <UnitTestResult executionId="1ae54f5e-1bfa-4eaf-be95-de008a5f33e7" testId="7c2d5a1e-b84e-19f7-79e2-f9f1d2d774cf" testName="DescDirsCompareWithArgs_ShouldReturnTableSchema" computerName="DESKTOP-I52018A" duration="00:00:00.0336755" startTime="2026-09-06T18:46:12.2977817+02:00" endTime="2026-09-06T18:46:12.3315826+02:00" testType="13cdc9d9-ddb5-4fa4-a97d-d965ccfc6d4b" outcome="Passed" testListId="8c84fa94-04c1-424b-9868-57a2d4851a1d" relativeResultsDirectory="1ae54f5e-1bfa-4eaf-be95-de008a5f33e7" />
    <UnitTestResult executionId="4dbdf085-101e-43fe-bea6-1aff2736100c" testId="cea933e8-8278-98f3-8469-fd89f3fedfcc" testName="DescZip_ShouldReturnMethodSignature" computerName="DESKTOP-I52018A" duration="00:00:00.0326556" startTime="2026-09-06T18:46:11.7236823+02:00" endTime="2026-09-06T18:46:11.7564703+02:00" testType="13cdc9d9-ddb5-4fa4-a97d-d965ccfc6d4b" outcome="Passed" testListId="8c84fa94-04c1-424b-9868-57a2d4851a1d" relativeResultsDirectory="4dbdf085-101e-43fe-bea6-1aff2736100c" />
    <UnitTestResult executionId="0d4f18f8-5e3e-4d9e-bf30-bf4ccc37138e" testId="f348a7f4-fc7e-6cec-f19d-5016e8d3fcf6" testName="File_ShouldReturnSingleMetadataRow" computerName="DESKTOP-I52018A" duration="00:00:00.0549630" startTime="2026-09-06T18:46:06.8199246+02:00" endTime="2026-09-06T18:46:06.8750278+02:00" testType="13cdc9d9-ddb5-4fa4-a97d-d965ccfc6d4b" outcome="Passed" testListId="8c84fa94-04c1-424b-9868-57a2d4851a1d" relativeResultsDirectory="0d4f18f8-5e3e-4d9e-bf30-bf4ccc37138e" />
    <UnitTestResult executionId="5dfc03f5-e02b-4a83-ae0b-ec599576bf5f" testId="f7a29ee0-f301-5418-13a4-8cb1bec4cde5" testName="File_ShouldApplyAcceptedExtensionPredicate" computerName="DESKTOP-I52018A" duration="00:00:00.0859761" startTime="2026-09-06T18:46:07.0671229+02:00" endTime="2026-09-06T18:46:07.1532039+02:00" testType="13cdc9d9-ddb5-4fa4-a97d-d965ccfc6d4b" outcome="Passed" testListId="8c84fa94-04c1-424b-9868-57a2d4851a1d" relativeResultsDirectory="5dfc03f5-e02b-4a83-ae0b-ec599576bf5f" />
    <UnitTestResult executionId="fa6f9f16-fe4f-45d2-9ec0-bb9136991ae9" testId="c4b8dbe3-f9a8-ab98-9711-f7beeb81e059" testName="TryPlanSource_WhenFileExtensionWildcardLiteralIsUsed_KeepsPredicateResidual" computerName="DESKTOP-I52018A" duration="00:00:00.0002703" startTime="2026-09-06T18:46:11.5781212+02:00" endTime="2026-09-06T18:46:11.5784311+02:00" testType="13cdc9d9-ddb5-4fa4-a97d-d965ccfc6d4b" outcome="Passed" testListId="8c84fa94-04c1-424b-9868-57a2d4851a1d" relativeResultsDirectory="fa6f9f16-fe4f-45d2-9ec0-bb9136991ae9" />
    <UnitTestResult executionId="fac31e9a-72d0-42ad-b020-6480f20e8c86" testId="140ff59c-147f-8724-4571-e2a1bc29430b" testName="DescFilesTest" computerName="DESKTOP-I52018A" duration="00:00:00.0342414" startTime="2026-09-06T18:46:14.1933701+02:00" endTime="2026-09-06T18:46:14.2277312+02:00" testType="13cdc9d9-ddb5-4fa4-a97d-d965ccfc6d4b" outcome="Passed" testListId="8c84fa94-04c1-424b-9868-57a2d4851a1d" relativeResultsDirectory="fac31e9a-72d0-42ad-b020-6480f20e8c86" />
    <UnitTestResult executionId="b7f851c9-d285-43ae-9494-855ee3e01e1a" testId="245bd889-cdc6-9918-3179-0a3655f8cb6a" testName="DescDirectoriesWithArgs_ShouldReturnTableSchema" computerName="DESKTOP-I52018A" duration="00:00:00.0339517" startTime="2026-09-06T18:46:12.2248365+02:00" endTime="2026-09-06T18:46:12.2589209+02:00" testType="13cdc9d9-ddb5-4fa4-a97d-d965ccfc6d4b" outcome="Passed" testListId="8c84fa94-04c1-424b-9868-57a2d4851a1d" relativeResultsDirectory="b7f851c9-d285-43ae-9494-855ee3e01e1a" />
    <UnitTestResult executionId="579f1590-48dc-4c52-b18d-53cef70da17f" testId="b5d91ad9-ee01-a9d1-c434-c192de80a670" testName="TraverseToDirectoryFromRootTest" computerName="DESKTOP-I52018A" duration="00:00:00.0004584" startTime="2026-09-06T18:46:15.1167255+02:00" endTime="2026-09-06T18:46:15.1173125+02:00" testType="13cdc9d9-ddb5-4fa4-a97d-d965ccfc6d4b" outcome="Passed" testListId="8c84fa94-04c1-424b-9868-57a2d4851a1d" relativeResultsDirectory="579f1590-48dc-4c52-b18d-53cef70da17f" />
    <UnitTestResult executionId="13283761-c0df-47b2-8bf0-c48d06da1ee9" testId="338729fb-3403-ce1f-5b9b-660adc3de771" testName="Drives_ShouldReturnAtLeastOneDriveWithoutAssumingDriveLetters" computerName="DESKTOP-I52018A" duration="00:00:00.0639139" startTime="2026-09-06T18:46:11.2130513+02:00" endTime="2026-09-06T18:46:11.2771418+02:00" testType="13cdc9d9-ddb5-4fa4-a97d-d965ccfc6d4b" outcome="Passed" testListId="8c84fa94-04c1-424b-9868-57a2d4851a1d" relativeResultsDirectory="13283761-c0df-47b2-8bf0-c48d06da1ee9" />
    <UnitTestResult executionId="7624e91d-5d69-46b0-ab8b-ee2d37de3685" testId="7c1010de-4833-3fc3-afe4-d440303584a6" testName="File_ShouldApplyAcceptedNamePredicate" computerName="DESKTOP-I52018A" duration="00:00:00.0465041" startTime="2026-09-06T18:46:06.9736905+02:00" endTime="2026-09-06T18:46:07.0203003+02:00" testType="13cdc9d9-ddb5-4fa4-a97d-d965ccfc6d4b" outcome="Passed" testListId="8c84fa94-04c1-424b-9868-57a2d4851a1d" relativeResultsDirectory="7624e91d-5d69-46b0-ab8b-ee2d37de3685" />
    <UnitTestResult executionId="1b672356-368b-46a0-90ba-590b39faa220" testId="eaba9726-e69e-6ea2-82fd-2538bcd57993" testName="DescFileWithArgs_ShouldReturnSameTableSchemaAsFiles" computerName="DESKTOP-I52018A" duration="00:00:00.0815556" startTime="2026-09-06T18:46:12.1430547+02:00" endTime="2026-09-06T18:46:12.2247730+02:00" testType="13cdc9d9-ddb5-4fa4-a97d-d965ccfc6d4b" outcome="Passed" testListId="8c84fa94-04c1-424b-9868-57a2d4851a1d" relativeResultsDirectory="1b672356-368b-46a0-90ba-590b39faa220" />
    <UnitTestResult executionId="31b4abf5-2034-46e4-9020-7632ffeb8482" testId="2977cb95-ca60-8722-8c7e-d467aeb80fe6" testName="EnvironmentVariables_ShouldExposeNamesAndTargetsOnly" computerName="DESKTOP-I52018A" duration="00:00:00.0697743" startTime="2026-09-06T18:46:11.3932939+02:00" endTime="2026-09-06T18:46:11.4632205+02:00" testType="13cdc9d9-ddb5-4fa4-a97d-d965ccfc6d4b" outcome="Passed" testListId="8c84fa94-04c1-424b-9868-57a2d4851a1d" relativeResultsDirectory="31b4abf5-2034-46e4-9020-7632ffeb8482" />
    <UnitTestResult executionId="f9bf1534-fb7a-4ac0-99b6-86427367e646" testId="182eb037-b675-4f27-123a-b25fc9760c5b" testName="FilesSource_CancelledLoadTest" computerName="DESKTOP-I52018A" duration="00:00:00.0006085" startTime="2026-09-06T18:46:14.6411192+02:00" endTime="2026-09-06T18:46:14.6418462+02:00" testType="13cdc9d9-ddb5-4fa4-a97d-d965ccfc6d4b" outcome="Passed" testListId="8c84fa94-04c1-424b-9868-57a2d4851a1d" relativeResultsDirectory="f9bf1534-fb7a-4ac0-99b6-86427367e646" />
    <UnitTestResult executionId="a0646efd-6ddb-45b4-a97c-e184b607c2fb" testId="2ba0bdac-9fdc-68ea-b3e0-afd6569b1f00" testName="File_ShouldReturnNoRowsForDirectoryPath" computerName="DESKTOP-I52018A" duration="00:00:00.0584115" startTime="2026-09-06T18:46:07.1948363+02:00" endTime="2026-09-06T18:46:07.2533857+02:00" testType="13cdc9d9-ddb5-4fa4-a97d-d965ccfc6d4b" outcome="Passed" testListId="8c84fa94-04c1-424b-9868-57a2d4851a1d" relativeResultsDirectory="a0646efd-6ddb-45b4-a97c-e184b607c2fb" />
    <UnitTestResult executionId="75ce2535-a074-4302-9226-8a1f49f08cf8" testId="7a26bc1d-d093-780f-f6a9-bf5c6e68be2e" testName="TryPlanSource_WhenRequiredColumnsArePresent_DoesNotAcceptProjection" computerName="DESKTOP-I52018A" duration="00:00:00.0002693" startTime="2026-09-06T18:46:11.5788391+02:00" endTime="2026-09-06T18:46:11.5791491+02:00" testType="13cdc9d9-ddb5-4fa4-a97d-d965ccfc6d4b" outcome="Passed" testListId="8c84fa94-04c1-424b-9868-57a2d4851a1d" relativeResultsDirectory="75ce2535-a074-4302-9226-8a1f49f08cf8" />
    <UnitTestResult executionId="6d453b49-cbde-4578-a29f-761aa4ba82da" testId="5597c787-2446-7087-79f0-c2d65ae545bb" testName="Directories_AttributesUsesDirectoryInfoCarrierAndPortableNames" computerName="DESKTOP-I52018A" duration="00:00:00.1489448" startTime="2026-09-06T18:46:08.3118432+02:00" endTime="2026-09-06T18:46:08.4609298+02:00" testType="13cdc9d9-ddb5-4fa4-a97d-d965ccfc6d4b" outcome="Passed" testListId="8c84fa94-04c1-424b-9868-57a2d4851a1d" relativeResultsDirectory="6d453b49-cbde-4578-a29f-761aa4ba82da" />
    <UnitTestResult executionId="58f5fb3f-4518-4898-8a3b-28cf303ececf" testId="38647561-d2f7-0e32-f7c1-6ec3f28977d9" testName="DescSchema_ShouldListAllAvailableMethods" computerName="DESKTOP-I52018A" duration="00:00:00.0351448" startTime="2026-09-06T18:46:11.5797906+02:00" endTime="2026-09-06T18:46:11.6151182+02:00" testType="13cdc9d9-ddb5-4fa4-a97d-d965ccfc6d4b" outcome="Passed" testListId="8c84fa94-04c1-424b-9868-57a2d4851a1d" relativeResultsDirectory="58f5fb3f-4518-4898-8a3b-28cf303ececf" />
    <UnitTestResult executionId="61fac499-63a7-4e25-97e3-8de68be0d142" testId="d47c2b4c-ce25-fbb4-f0c2-9be9731080fc" testName="Cultures_ShouldExposeCurrentRuntimeCulturesAndFormattingColumns" computerName="DESKTOP-I52018A" duration="00:00:01.0582239" startTime="2026-09-06T18:46:09.8292056+02:00" endTime="2026-09-06T18:46:10.8876168+02:00" testType="13cdc9d9-ddb5-4fa4-a97d-d965ccfc6d4b" outcome="Passed" testListId="8c84fa94-04c1-424b-9868-57a2d4851a1d" relativeResultsDirectory="61fac499-63a7-4e25-97e3-8de68be0d142" />
    <UnitTestResult executionId="6c69a3c6-48e1-4d56-8031-7fc384af630c" testId="5326995c-341e-0b2b-fd10-8bafb03753e3" testName="Query_IntersectSameDirectoryTest" computerName="DESKTOP-I52018A" duration="00:00:00.0965962" startTime="2026-09-06T18:46:14.7220290+02:00" endTime="2026-09-06T18:46:14.8187135+02:00" testType="13cdc9d9-ddb5-4fa4-a97d-d965ccfc6d4b" outcome="Passed" testListId="8c84fa94-04c1-424b-9868-57a2d4851a1d" relativeResultsDirectory="6c69a3c6-48e1-4d56-8031-7fc384af630c" />
    <UnitTestResult executionId="d1cdb14d-14be-4c19-b65a-186b335c4fbc" testId="0b48e883-a76d-93be-b63e-7712e5117f0b" testName="DescUnknownMethod_ShouldThrowException" computerName="DESKTOP-I52018A" duration="00:00:00.0333139" startTime="2026-09-06T18:46:11.9001412+02:00" endTime="2026-09-06T18:46:11.9335814+02:00" testType="13cdc9d9-ddb5-4fa4-a97d-d965ccfc6d4b" outcome="Passed" testListId="8c84fa94-04c1-424b-9868-57a2d4851a1d" relativeResultsDirectory="d1cdb14d-14be-4c19-b65a-186b335c4fbc" />
    <UnitTestResult executionId="c91fa20f-6376-428e-9f70-f1f7cfe4da3c" testId="b87e2d2a-c65a-f311-aa8d-2bf5fae71ef6" testName="DescDirectories_ShouldReturnMethodSignature" computerName="DESKTOP-I52018A" duration="00:00:00.0396023" startTime="2026-09-06T18:46:11.6838948+02:00" endTime="2026-09-06T18:46:11.7236183+02:00" testType="13cdc9d9-ddb5-4fa4-a97d-d965ccfc6d4b" outcome="Passed" testListId="8c84fa94-04c1-424b-9868-57a2d4851a1d" relativeResultsDirectory="c91fa20f-6376-428e-9f70-f1f7cfe4da3c" />
    <UnitTestResult executionId="209d3b33-107e-40ee-a912-009b7b9646c8" testId="6f52a389-44c3-07dc-9d68-9cf26d82cd5d" testName="DescDirsCompare_ShouldReturnMethodSignature" computerName="DESKTOP-I52018A" duration="00:00:00.0298737" startTime="2026-09-06T18:46:11.8385432+02:00" endTime="2026-09-06T18:46:11.8685323+02:00" testType="13cdc9d9-ddb5-4fa4-a97d-d965ccfc6d4b" outcome="Passed" testListId="8c84fa94-04c1-424b-9868-57a2d4851a1d" relativeResultsDirectory="209d3b33-107e-40ee-a912-009b7b9646c8" />
    <UnitTestResult executionId="a4c0cd3a-fd0c-43f8-b308-6a1988f63768" testId="a15a2410-b2b0-d20b-ab3e-8deb5a3ee4dc" testName="File_GetFirstByte_Test" computerName="DESKTOP-I52018A" duration="00:00:00.1057643" startTime="2026-09-06T18:46:14.2656307+02:00" endTime="2026-09-06T18:46:14.3714770+02:00" testType="13cdc9d9-ddb5-4fa4-a97d-d965ccfc6d4b" outcome="Passed" testListId="8c84fa94-04c1-424b-9868-57a2d4851a1d" relativeResultsDirectory="a4c0cd3a-fd0c-43f8-b308-6a1988f63768" />
    <UnitTestResult executionId="0802df03-74b6-4b18-b060-695ff10aa45b" testId="9953c2c6-ae9c-dc0d-1cf7-4b1aab71c4ce" testName="File_ShouldReturnNoRowsForMissingPath" computerName="DESKTOP-I52018A" duration="00:00:00.0414214" startTime="2026-09-06T18:46:07.1532546+02:00" endTime="2026-09-06T18:46:07.1947812+02:00" testType="13cdc9d9-ddb5-4fa4-a97d-d965ccfc6d4b" outcome="Passed" testListId="8c84fa94-04c1-424b-9868-57a2d4851a1d" relativeResultsDirectory="0802df03-74b6-4b18-b060-695ff10aa45b" />
    <UnitTestResult executionId="fbcdc6da-1f10-4920-81d0-5539a33c007c" testId="60658ef9-979e-6f0d-99fc-43bf4d72fecc" testName="DirectoriesCompare_CompareTwoDirectories" computerName="DESKTOP-I52018A" duration="00:00:00.0015447" startTime="2026-09-06T18:46:14.6427207+02:00" endTime="2026-09-06T18:46:14.6443311+02:00" testType="13cdc9d9-ddb5-4fa4-a97d-d965ccfc6d4b" outcome="Passed" testListId="8c84fa94-04c1-424b-9868-57a2d4851a1d" relativeResultsDirectory="fbcdc6da-1f10-4920-81d0-5539a33c007c" />
    <UnitTestResult executionId="c7b61b86-6913-400b-b6c4-39654106f126" testId="4ce42f0b-93d3-a235-75f5-bc62b88f5790" testName="WhenImagePointed_ShouldReturnItsMetadata" computerName="DESKTOP-I52018A" duration="00:00:00.0824686" startTime="2026-09-06T18:46:06.0762646+02:00" endTime="2026-09-06T18:46:06.1590300+02:00" testType="13cdc9d9-ddb5-4fa4-a97d-d965ccfc6d4b" outcome="Passed" testListId="8c84fa94-04c1-424b-9868-57a2d4851a1d" relativeResultsDirectory="c7b61b86-6913-400b-b6c4-39654106f126" />
    <UnitTestResult executionId="7a54e80a-27b9-4d71-ae04-51139d583e54" testId="fdd5bdc6-98d6-2d71-138a-592ab286afcb" testName="TryPlanSource_WhenDirectoryNamePredicateIsUsed_AcceptsPredicate" computerName="DESKTOP-I52018A" duration="00:00:00.0003383" startTime="2026-09-06T18:46:11.5784456+02:00" endTime="2026-09-06T18:46:11.5788204+02:00" testType="13cdc9d9-ddb5-4fa4-a97d-d965ccfc6d4b" outcome="Passed" testListId="8c84fa94-04c1-424b-9868-57a2d4851a1d" relativeResultsDirectory="7a54e80a-27b9-4d71-ae04-51139d583e54" />
    <UnitTestResult executionId="071f839d-d284-42ea-9d1b-2ea06c0d8785" testId="36650d6b-8533-2414-5bc7-20f39965af37" testName="File_SkipTwoBytesAndTakeFiveBytes_Test" computerName="DESKTOP-I52018A" duration="00:00:00.0611064" startTime="2026-09-06T18:46:14.3722089+02:00" endTime="2026-09-06T18:46:14.4334347+02:00" testType="13cdc9d9-ddb5-4fa4-a97d-d965ccfc6d4b" outcome="Passed" testListId="8c84fa94-04c1-424b-9868-57a2d4851a1d" relativeResultsDirectory="071f839d-d284-42ea-9d1b-2ea06c0d8785" />
    <UnitTestResult executionId="c55b883b-e2be-4aaf-9eb4-c31f330d2ef4" testId="9827102c-5eb9-5992-dbd9-ebf3298ada24" testName="WhenHasMetadataCalled_ShouldReturnTrue" computerName="DESKTOP-I52018A" duration="00:00:00.0592207" startTime="2026-09-06T18:46:06.3710486+02:00" endTime="2026-09-06T18:46:06.4303754+02:00" testType="13cdc9d9-ddb5-4fa4-a97d-d965ccfc6d4b" outcome="Passed" testListId="8c84fa94-04c1-424b-9868-57a2d4851a1d" relativeResultsDirectory="c55b883b-e2be-4aaf-9eb4-c31f330d2ef4" />
    <UnitTestResult executionId="ce29e9dd-d33a-4343-a0b8-a033b5ac3d58" testId="02900856-d84a-e09c-12da-7bcad35fc692" testName="DescNoParameterRuntimeDiscoverySource_ShouldReturnNoParameterSignature (&quot;drives&quot;)" computerName="DESKTOP-I52018A" duration="00:00:00.0314414" startTime="2026-09-06T18:46:09.6692899+02:00" endTime="2026-09-06T18:46:09.7008877+02:00" testType="13cdc9d9-ddb5-4fa4-a97d-d965ccfc6d4b" outcome="Passed" testListId="8c84fa94-04c1-424b-9868-57a2d4851a1d" relativeResultsDirectory="ce29e9dd-d33a-4343-a0b8-a033b5ac3d58" />
    <UnitTestResult executionId="74c3945b-1e78-46e5-9e04-442fab0ce800" testId="5014d438-7e55-4157-6018-c043077e0ec9" testName="State_CteAndDerivedProjectionRetainStateDescriptor" computerName="DESKTOP-I52018A" duration="00:00:00.0827979" startTime="2026-09-06T18:46:08.2288509+02:00" endTime="2026-09-06T18:46:08.3117922+02:00" testType="13cdc9d9-ddb5-4fa4-a97d-d965ccfc6d4b" outcome="Passed" testListId="8c84fa94-04c1-424b-9868-57a2d4851a1d" relativeResultsDirectory="74c3945b-1e78-46e5-9e04-442fab0ce800" />
    <UnitTestResult executionId="63cc6759-4b29-4af1-a92f-442931e9f101" testId="9510d7bf-2a6a-bee5-3337-0dad417fc089" testName="DescZipWithArgs_ShouldReturnTableSchema" computerName="DESKTOP-I52018A" duration="00:00:00.0449783" startTime="2026-09-06T18:46:12.3709587+02:00" endTime="2026-09-06T18:46:12.4160784+02:00" testType="13cdc9d9-ddb5-4fa4-a97d-d965ccfc6d4b" outcome="Passed" testListId="8c84fa94-04c1-424b-9868-57a2d4851a1d" relativeResultsDirectory="63cc6759-4b29-4af1-a92f-442931e9f101" />
    <UnitTestResult executionId="9b3af3e1-16df-4a27-ba6d-b2f9a52e884c" testId="596cc738-271a-1e60-0660-0e3e4ce2a39b" testName="Encodings_ShouldExposeUtf8AndCodePageEncodings" computerName="DESKTOP-I52018A" duration="00:00:00.0636843" startTime="2026-09-06T18:46:10.9618535+02:00" endTime="2026-09-06T18:46:11.0257053+02:00" testType="13cdc9d9-ddb5-4fa4-a97d-d965ccfc6d4b" outcome="Passed" testListId="8c84fa94-04c1-424b-9868-57a2d4851a1d" relativeResultsDirectory="9b3af3e1-16df-4a27-ba6d-b2f9a52e884c" />
    <UnitTestResult executionId="fb9dc35a-8dc8-4d8a-b4be-7c280e778246" testId="65c0ee78-e7fb-db58-59f1-a91ce9ad78df" testName="DescProcesses_ShouldReturnMethodSignatureWithNoParameters" computerName="DESKTOP-I52018A" duration="00:00:00.0386939" startTime="2026-09-06T18:46:11.7565456+02:00" endTime="2026-09-06T18:46:11.7953902+02:00" testType="13cdc9d9-ddb5-4fa4-a97d-d965ccfc6d4b" outcome="Passed" testListId="8c84fa94-04c1-424b-9868-57a2d4851a1d" relativeResultsDirectory="fb9dc35a-8dc8-4d8a-b4be-7c280e778246" />
    <UnitTestResult executionId="d0de66dd-56e3-4757-a0a1-13905beb97e9" testId="ed9f9419-8dcc-2afd-e449-92277bd3c4bd" testName="File_SkipTwoBytesAndTakeFiveBytes2_Test" computerName="DESKTOP-I52018A" duration="00:00:00.0626290" startTime="2026-09-06T18:46:14.4334939+02:00" endTime="2026-09-06T18:46:14.4962424+02:00" testType="13cdc9d9-ddb5-4fa4-a97d-d965ccfc6d4b" outcome="Passed" testListId="8c84fa94-04c1-424b-9868-57a2d4851a1d" relativeResultsDirectory="d0de66dd-56e3-4757-a0a1-13905beb97e9" />
    <UnitTestResult executionId="2864e6e1-6893-4570-b274-7e57404c6843" testId="7fa5b4e8-898b-c150-089f-dcfc22ea9f04" testName="FilesSourceIterateWithNestedDirectoriesTest" computerName="DESKTOP-I52018A" duration="00:00:00.0005797" startTime="2026-09-06T18:46:14.2604590+02:00" endTime="2026-09-06T18:46:14.2610918+02:00" testType="13cdc9d9-ddb5-4fa4-a97d-d965ccfc6d4b" outcome="Passed" testListId="8c84fa94-04c1-424b-9868-57a2d4851a1d" relativeResultsDirectory="2864e6e1-6893-4570-b274-7e57404c6843" />
    <UnitTestResult executionId="dabdc2dc-b869-4dfb-9286-020bad000676" testId="5a7323f1-7c98-6a5b-8c8b-b00b9f1e41ac" testName="DirectoriesCompare_StateUsesPrimitiveValuesAndDeclaredNames" computerName="DESKTOP-I52018A" duration="00:00:00.1043088" startTime="2026-09-06T18:46:08.6355733+02:00" endTime="2026-09-06T18:46:08.7400033+02:00" testType="13cdc9d9-ddb5-4fa4-a97d-d965ccfc6d4b" outcome="Passed" testListId="8c84fa94-04c1-424b-9868-57a2d4851a1d" relativeResultsDirectory="dabdc2dc-b869-4dfb-9286-020bad000676" />
    <UnitTestResult executionId="aff5ad89-8f26-4565-854b-a692c9c799bf" testId="1bf24ece-4567-63a3-3bc1-a190f78a84ba" testName="DescDllsTest" computerName="DESKTOP-I52018A" duration="00:00:00.0307141" startTime="2026-09-06T18:46:14.2277825+02:00" endTime="2026-09-06T18:46:14.2586024+02:00" testType="13cdc9d9-ddb5-4fa4-a97d-d965ccfc6d4b" outcome="Passed" testListId="8c84fa94-04c1-424b-9868-57a2d4851a1d" relativeResultsDirectory="aff5ad89-8f26-4565-854b-a692c9c799bf" />
    <UnitTestResult executionId="9eb92219-3fc8-4a9b-aba4-8b9cad2050a8" testId="5ce247c1-d47c-cb5a-dca6-a16b25f2ab38" testName="File_ShouldUseExistingByteContentHelpers" computerName="DESKTOP-I52018A" duration="00:00:00.0526959" startTime="2026-09-06T18:46:06.9208430+02:00" endTime="2026-09-06T18:46:06.9736426+02:00" testType="13cdc9d9-ddb5-4fa4-a97d-d965ccfc6d4b" outcome="Passed" testListId="8c84fa94-04c1-424b-9868-57a2d4851a1d" relativeResultsDirectory="9eb92219-3fc8-4a9b-aba4-8b9cad2050a8" />
    <UnitTestResult executionId="54e8864f-9d61-4043-bfd0-23e9de874762" testId="40536cc7-41c9-70fd-1181-fc018f26a09b" testName="DirectoriesCompare_StateResidualMembershipNullChecksAndNamesRemainPortable" computerName="DESKTOP-I52018A" duration="00:00:00.4758010" startTime="2026-09-06T18:46:08.9883387+02:00" endTime="2026-09-06T18:46:09.4642501+02:00" testType="13cdc9d9-ddb5-4fa4-a97d-d965ccfc6d4b" outcome="Passed" testListId="8c84fa94-04c1-424b-9868-57a2d4851a1d" relativeResultsDirectory="54e8864f-9d61-4043-bfd0-23e9de874762" />
    <UnitTestResult executionId="e2d5ca67-c8b2-412b-872c-d7db1a624c18" testId="f8f9cf24-6cfa-4502-065e-0ba8aae1c31e" testName="WhenImagePointedWrongFile_ShouldNotThrow" computerName="DESKTOP-I52018A" duration="00:00:00.0944096" startTime="2026-09-06T18:46:06.1593476+02:00" endTime="2026-09-06T18:46:06.2538689+02:00" testType="13cdc9d9-ddb5-4fa4-a97d-d965ccfc6d4b" outcome="Passed" testListId="8c84fa94-04c1-424b-9868-57a2d4851a1d" relativeResultsDirectory="e2d5ca67-c8b2-412b-872c-d7db1a624c18" />
    <UnitTestResult executionId="3a56fb3b-73be-4416-88f6-2666331b32c2" testId="d924d4ad-0894-2caf-db54-cb30a237045e" testName="State_RelationalShapesPreserveCarrierMetadataAndValues" computerName="DESKTOP-I52018A" duration="00:00:00.9736982" startTime="2026-09-06T18:46:07.2534747+02:00" endTime="2026-09-06T18:46:08.2273709+02:00" testType="13cdc9d9-ddb5-4fa4-a97d-d965ccfc6d4b" outcome="Passed" testListId="8c84fa94-04c1-424b-9868-57a2d4851a1d" relativeResultsDirectory="3a56fb3b-73be-4416-88f6-2666331b32c2" />
    <UnitTestResult executionId="801be550-860a-465b-8fa8-9eda289316f1" testId="ab28c35a-0f96-5aa1-8e83-9303719f7f77" testName="FilesSource_FullLoadTest" computerName="DESKTOP-I52018A" duration="00:00:00.0007331" startTime="2026-09-06T18:46:14.6418806+02:00" endTime="2026-09-06T18:46:14.6426969+02:00" testType="13cdc9d9-ddb5-4fa4-a97d-d965ccfc6d4b" outcome="Passed" testListId="8c84fa94-04c1-424b-9868-57a2d4851a1d" relativeResultsDirectory="801be550-860a-465b-8fa8-9eda289316f1" />
    <UnitTestResult executionId="0e8e64d2-bd05-48e2-98e2-65fb6d7566a6" testId="9f0258c5-4743-95c0-6600-685ce81d9021" testName="DescNoParameterRuntimeDiscoverySource_ShouldReturnNoParameterSignature (&quot;currentculture&quot;)" computerName="DESKTOP-I52018A" duration="00:00:00.0360878" startTime="2026-09-06T18:46:09.5186232+02:00" endTime="2026-09-06T18:46:09.5549420+02:00" testType="13cdc9d9-ddb5-4fa4-a97d-d965ccfc6d4b" outcome="Passed" testListId="8c84fa94-04c1-424b-9868-57a2d4851a1d" relativeResultsDirectory="0e8e64d2-bd05-48e2-98e2-65fb6d7566a6" />
    <UnitTestResult executionId="1161a816-7a9d-41ea-a899-d6d1f2f87897" testId="c10d0a75-5638-b66e-d43f-1cb1054052be" testName="SpecialFolders_ShouldExposeKnownFolderNames" computerName="DESKTOP-I52018A" duration="00:00:00.0624300" startTime="2026-09-06T18:46:11.2772243+02:00" endTime="2026-09-06T18:46:11.3398316+02:00" testType="13cdc9d9-ddb5-4fa4-a97d-d965ccfc6d4b" outcome="Passed" testListId="8c84fa94-04c1-424b-9868-57a2d4851a1d" relativeResultsDirectory="1161a816-7a9d-41ea-a899-d6d1f2f87897" />
    <UnitTestResult executionId="5ed7f740-a4f6-4b59-8f62-a318dd0e126b" testId="a1d51c4e-2038-4230-41a3-854a6c970f9c" testName="SimpleZipSelectTest" computerName="DESKTOP-I52018A" duration="00:00:00.0530843" startTime="2026-09-06T18:46:15.1173563+02:00" endTime="2026-09-06T18:46:15.1713596+02:00" testType="13cdc9d9-ddb5-4fa4-a97d-d965ccfc6d4b" outcome="Passed" testListId="8c84fa94-04c1-424b-9868-57a2d4851a1d" relativeResultsDirectory="5ed7f740-a4f6-4b59-8f62-a318dd0e126b" />
    <UnitTestResult executionId="1bc08cb1-65a9-4cef-abda-a9a53867206b" testId="44ac6d95-085c-1982-5799-5219ace82424" testName="TryPlanSource_WhenFileNameWildcardLiteralIsUsed_KeepsPredicateResidual" computerName="DESKTOP-I52018A" duration="00:00:00.0005052" startTime="2026-09-06T18:46:11.5775453+02:00" endTime="2026-09-06T18:46:11.5781020+02:00" testType="13cdc9d9-ddb5-4fa4-a97d-d965ccfc6d4b" outcome="Passed" testListId="8c84fa94-04c1-424b-9868-57a2d4851a1d" relativeResultsDirectory="1bc08cb1-65a9-4cef-abda-a9a53867206b" />
    <UnitTestResult executionId="aae51377-db8e-4927-b74a-cb4c15e495c1" testId="61fbd559-84fc-6387-9572-60c6df01ac57" testName="DescFile_ShouldReturnMethodSignature" computerName="DESKTOP-I52018A" duration="00:00:00.0357095" startTime="2026-09-06T18:46:11.6479703+02:00" endTime="2026-09-06T18:46:11.6838296+02:00" testType="13cdc9d9-ddb5-4fa4-a97d-d965ccfc6d4b" outcome="Passed" testListId="8c84fa94-04c1-424b-9868-57a2d4851a1d" relativeResultsDirectory="aae51377-db8e-4927-b74a-cb4c15e495c1" />
    <UnitTestResult executionId="6e024f5b-c040-4ee1-bad8-282319a433ec" testId="7b7e9672-ab2c-88be-d0eb-16550620ec6a" testName="DirectoriesSource_FullLoadTest" computerName="DESKTOP-I52018A" duration="00:00:00.0017285" startTime="2026-09-06T18:46:14.2638162+02:00" endTime="2026-09-06T18:46:14.2656074+02:00" testType="13cdc9d9-ddb5-4fa4-a97d-d965ccfc6d4b" outcome="Passed" testListId="8c84fa94-04c1-424b-9868-57a2d4851a1d" relativeResultsDirectory="6e024f5b-c040-4ee1-bad8-282319a433ec" />
    <UnitTestResult executionId="0a0720ee-4478-4a57-8109-f8530ba54246" testId="dd698d9b-23dc-26ae-82a4-fd6b5cafbef5" testName="DescNoParameterRuntimeDiscoverySource_ShouldReturnNoParameterSignature (&quot;encodings&quot;)" computerName="DESKTOP-I52018A" duration="00:00:00.0352785" startTime="2026-09-06T18:46:09.5549985+02:00" endTime="2026-09-06T18:46:09.5904431+02:00" testType="13cdc9d9-ddb5-4fa4-a97d-d965ccfc6d4b" outcome="Passed" testListId="8c84fa94-04c1-424b-9868-57a2d4851a1d" relativeResultsDirectory="0a0720ee-4478-4a57-8109-f8530ba54246" />
    <UnitTestResult executionId="fa412fa5-fdd2-47c9-bca8-6e35fd101257" testId="03a0b911-7dd7-ebe5-3cb9-90598e92c891" testName="DescDllsWithArgs_ShouldReturnTableSchema" computerName="DESKTOP-I52018A" duration="00:00:00.0367751" startTime="2026-09-06T18:46:12.4161383+02:00" endTime="2026-09-06T18:46:12.4530436+02:00" testType="13cdc9d9-ddb5-4fa4-a97d-d965ccfc6d4b" outcome="Passed" testListId="8c84fa94-04c1-424b-9868-57a2d4851a1d" relativeResultsDirectory="fa412fa5-fdd2-47c9-bca8-6e35fd101257" />
    <UnitTestResult executionId="929e915c-aeac-435d-a2f0-ed9d2267f68e" testId="e8cb8ddf-d50d-9296-cb6a-59807ea09535" testName="WhenDirectoryPointed_ShouldReturnItsMetadata" computerName="DESKTOP-I52018A" duration="00:00:01.6770493" startTime="2026-09-06T18:46:04.3881838+02:00" endTime="2026-09-06T18:46:06.0737079+02:00" testType="13cdc9d9-ddb5-4fa4-a97d-d965ccfc6d4b" outcome="Passed" testListId="8c84fa94-04c1-424b-9868-57a2d4851a1d" relativeResultsDirectory="929e915c-aeac-435d-a2f0-ed9d2267f68e" />
    <UnitTestResult executionId="67a04541-7bed-4aac-a607-3eb83a4f05e6" testId="fa1a4f82-15f6-bbd0-3913-71245a347ea2" testName="DirectoriesSourceIterateDirectoriesTest" computerName="DESKTOP-I52018A" duration="00:00:00.0006860" startTime="2026-09-06T18:46:14.2611117+02:00" endTime="2026-09-06T18:46:14.2618463+02:00" testType="13cdc9d9-ddb5-4fa4-a97d-d965ccfc6d4b" outcome="Passed" testListId="8c84fa94-04c1-424b-9868-57a2d4851a1d" relativeResultsDirectory="67a04541-7bed-4aac-a607-3eb83a4f05e6" />
    <UnitTestResult executionId="a4d52e26-fa48-4139-afc8-dbb535040563" testId="f2609ecc-d64c-1bce-19c8-80b09d55f8cb" testName="File_GetTail_Test" computerName="DESKTOP-I52018A" duration="00:00:00.0482588" startTime="2026-09-06T18:46:14.5460849+02:00" endTime="2026-09-06T18:46:14.5944532+02:00" testType="13cdc9d9-ddb5-4fa4-a97d-d965ccfc6d4b" outcome="Passed" testListId="8c84fa94-04c1-424b-9868-57a2d4851a1d" relativeResultsDirectory="a4d52e26-fa48-4139-afc8-dbb535040563" />
    <UnitTestResult executionId="96e47186-d0ec-47ae-95fb-e1dfb7f9918d" testId="d5e201c1-d564-2b7f-3bd2-3446b8ee37c3" testName="NonExistingDirectoryTest" computerName="DESKTOP-I52018A" duration="00:00:00.0003913" startTime="2026-09-06T18:46:14.2623950+02:00" endTime="2026-09-06T18:46:14.2628342+02:00" testType="13cdc9d9-ddb5-4fa4-a97d-d965ccfc6d4b" outcome="Passed" testListId="8c84fa94-04c1-424b-9868-57a2d4851a1d" relativeResultsDirectory="96e47186-d0ec-47ae-95fb-e1dfb7f9918d" />
    <UnitTestResult executionId="fa4ffc06-442e-4a7d-b620-bd1b9c46943d" testId="2c204a04-b65f-2dec-b0a3-c66c234edc9a" testName="DescPathInfo_ShouldReturnPathParameterSignature" computerName="DESKTOP-I52018A" duration="00:00:00.0334668" startTime="2026-09-06T18:46:09.7949754+02:00" endTime="2026-09-06T18:46:09.8285669+02:00" testType="13cdc9d9-ddb5-4fa4-a97d-d965ccfc6d4b" outcome="Passed" testListId="8c84fa94-04c1-424b-9868-57a2d4851a1d" relativeResultsDirectory="fa4ffc06-442e-4a7d-b620-bd1b9c46943d" />
    <UnitTestResult executionId="607ef5b7-9cf4-40b2-8963-ffa26529fff4" testId="839a6674-172a-ce3f-1fbc-892c5aa7d902" testName="WhenDirectoriesFilteredByNonExistentName_ShouldReturnNoDirectories" computerName="DESKTOP-I52018A" duration="00:00:00.0498194" startTime="2026-09-06T18:46:14.0847226+02:00" endTime="2026-09-06T18:46:14.1346908+02:00" testType="13cdc9d9-ddb5-4fa4-a97d-d965ccfc6d4b" outcome="Passed" testListId="8c84fa94-04c1-424b-9868-57a2d4851a1d" relativeResultsDirectory="607ef5b7-9cf4-40b2-8963-ffa26529fff4" />
    <UnitTestResult executionId="49158652-dac1-46b5-8e5f-3dad1c1ccc1d" testId="2256d184-812b-c30a-b4b0-0b9cbab88967" testName="WhenFilesFilteredByName_ShouldReturnOnlyMatchingFile" computerName="DESKTOP-I52018A" duration="00:00:00.0519321" startTime="2026-09-06T18:46:13.9234456+02:00" endTime="2026-09-06T18:46:13.9755140+02:00" testType="13cdc9d9-ddb5-4fa4-a97d-d965ccfc6d4b" outcome="Passed" testListId="8c84fa94-04c1-424b-9868-57a2d4851a1d" relativeResultsDirectory="49158652-dac1-46b5-8e5f-3dad1c1ccc1d" />
    <UnitTestResult executionId="bf50cf50-57d3-4a7d-8a19-441e4281ccd7" testId="bcec056d-c20b-a719-3ce7-e2a376b6652f" testName="Directories_AttributesResidualEqualityAndFlagsKeepPrimitiveCarrier" computerName="DESKTOP-I52018A" duration="00:00:00.1830240" startTime="2026-09-06T18:46:08.8051421+02:00" endTime="2026-09-06T18:46:08.9882893+02:00" testType="13cdc9d9-ddb5-4fa4-a97d-d965ccfc6d4b" outcome="Passed" testListId="8c84fa94-04c1-424b-9868-57a2d4851a1d" relativeResultsDirectory="bf50cf50-57d3-4a7d-8a19-441e4281ccd7" />
    <UnitTestResult executionId="c0af1af5-aabd-443a-8b62-0bdf98daad8c" testId="93e8fd61-d923-c349-4fea-96e900b578a6" testName="TryPlanSource_WhenFileExtensionPredicateIsUsed_AcceptsPredicate" computerName="DESKTOP-I52018A" duration="00:00:00.0007315" startTime="2026-09-06T18:46:11.5766393+02:00" endTime="2026-09-06T18:46:11.5775188+02:00" testType="13cdc9d9-ddb5-4fa4-a97d-d965ccfc6d4b" outcome="Passed" testListId="8c84fa94-04c1-424b-9868-57a2d4851a1d" relativeResultsDirectory="c0af1af5-aabd-443a-8b62-0bdf98daad8c" />
    <UnitTestResult executionId="5a1a296a-bd01-45bd-bec6-93bee8b61e35" testId="83f38cf2-2ac6-c6f2-282e-91c6ddeebb6e" testName="DescNoParameterRuntimeDiscoverySource_ShouldReturnNoParameterSignature (&quot;environmentvariables&quot;)" computerName="DESKTOP-I52018A" duration="00:00:00.0369772" startTime="2026-09-06T18:46:09.7577421+02:00" endTime="2026-09-06T18:46:09.7949047+02:00" testType="13cdc9d9-ddb5-4fa4-a97d-d965ccfc6d4b" outcome="Passed" testListId="8c84fa94-04c1-424b-9868-57a2d4851a1d" relativeResultsDirectory="5a1a296a-bd01-45bd-bec6-93bee8b61e35" />
    <UnitTestResult executionId="eb636a36-aef5-4b07-8b40-e77522bfeaec" testId="953be2d4-c9c2-4e92-0fd0-520d3bdc1c6f" testName="DirectoriesSource_CancelledLoadTest" computerName="DESKTOP-I52018A" duration="00:00:00.0004367" startTime="2026-09-06T18:46:14.2633107+02:00" endTime="2026-09-06T18:46:14.2637969+02:00" testType="13cdc9d9-ddb5-4fa4-a97d-d965ccfc6d4b" outcome="Passed" testListId="8c84fa94-04c1-424b-9868-57a2d4851a1d" relativeResultsDirectory="eb636a36-aef5-4b07-8b40-e77522bfeaec" />
    <UnitTestResult executionId="2abdd738-4482-4567-981d-8d26ffca1445" testId="23880dec-2071-d755-ac07-32900b863650" testName="DescFiles_ShouldHaveConsistentColumnTypes" computerName="DESKTOP-I52018A" duration="00:00:00.0313247" startTime="2026-09-06T18:46:11.9673343+02:00" endTime="2026-09-06T18:46:11.9987744+02:00" testType="13cdc9d9-ddb5-4fa4-a97d-d965ccfc6d4b" outcome="Passed" testListId="8c84fa94-04c1-424b-9868-57a2d4851a1d" relativeResultsDirectory="2abdd738-4482-4567-981d-8d26ffca1445" />
    <UnitTestResult executionId="1a6d430e-9e61-4c14-ba4d-52e72976241e" testId="5ecac2e7-a0e9-90db-cd35-5d3556cdfa43" testName="Directories_AttributesReorderedAndAliasedProjectionRetainsDescriptor" computerName="DESKTOP-I52018A" duration="00:00:00.0663983" startTime="2026-09-06T18:46:08.5690050+02:00" endTime="2026-09-06T18:46:08.6355196+02:00" testType="13cdc9d9-ddb5-4fa4-a97d-d965ccfc6d4b" outcome="Passed" testListId="8c84fa94-04c1-424b-9868-57a2d4851a1d" relativeResultsDirectory="1a6d430e-9e61-4c14-ba4d-52e72976241e" />
    <UnitTestResult executionId="9ea849e5-7a4d-4f55-809e-62f564ad58a3" testId="63c7eff1-8223-2cad-e06e-6dd72e6d35d4" testName="File_ShouldReturnNoRowsWhenAcceptedNamePredicateDoesNotMatch" computerName="DESKTOP-I52018A" duration="00:00:00.0466214" startTime="2026-09-06T18:46:07.0203442+02:00" endTime="2026-09-06T18:46:07.0670677+02:00" testType="13cdc9d9-ddb5-4fa4-a97d-d965ccfc6d4b" outcome="Passed" testListId="8c84fa94-04c1-424b-9868-57a2d4851a1d" relativeResultsDirectory="9ea849e5-7a4d-4f55-809e-62f564ad58a3" />
    <UnitTestResult executionId="25eac49e-5118-4faa-885a-9b45804a88e8" testId="34d2a1eb-7621-dc2e-2c24-c9e4ea600d6b" testName="DescProcessesWithArgs_ShouldReturnTableSchema" computerName="DESKTOP-I52018A" duration="00:00:00.0377047" startTime="2026-09-06T18:46:12.2598436+02:00" endTime="2026-09-06T18:46:12.2977198+02:00" testType="13cdc9d9-ddb5-4fa4-a97d-d965ccfc6d4b" outcome="Passed" testListId="8c84fa94-04c1-424b-9868-57a2d4851a1d" relativeResultsDirectory="25eac49e-5118-4faa-885a-9b45804a88e8" />
    <UnitTestResult executionId="ed51218c-3779-4c72-a2c2-5995063f502e" testId="47c30969-d61e-dbf1-9a74-24c747c41c06" testName="DescNoParameterRuntimeDiscoverySource_ShouldReturnNoParameterSignature (&quot;specialfolders&quot;)" computerName="DESKTOP-I52018A" duration="00:00:00.0277615" startTime="2026-09-06T18:46:09.7009375+02:00" endTime="2026-09-06T18:46:09.7288358+02:00" testType="13cdc9d9-ddb5-4fa4-a97d-d965ccfc6d4b" outcome="Passed" testListId="8c84fa94-04c1-424b-9868-57a2d4851a1d" relativeResultsDirectory="ed51218c-3779-4c72-a2c2-5995063f502e" />
    <UnitTestResult executionId="27970360-d24d-419b-9c48-85a0b9672e59" testId="6fc74583-e4d8-6709-22ad-31d989de3821" testName="Query_CompareTwoDirectories_WithSha" computerName="DESKTOP-I52018A" duration="00:00:00.0015337" startTime="2026-09-06T18:46:14.7203933+02:00" endTime="2026-09-06T18:46:14.7220064+02:00" testType="13cdc9d9-ddb5-4fa4-a97d-d965ccfc6d4b" outcome="Passed" testListId="8c84fa94-04c1-424b-9868-57a2d4851a1d" relativeResultsDirectory="27970360-d24d-419b-9c48-85a0b9672e59" />
    <UnitTestResult executionId="f9c11924-652a-410e-ac8c-9b8eb037a296" testId="bc2347ef-0cfd-a7e5-eee1-46b020591eb0" testName="File_GetBase64_Test" computerName="DESKTOP-I52018A" duration="00:00:00.0463910" startTime="2026-09-06T18:46:14.5945419+02:00" endTime="2026-09-06T18:46:14.6410584+02:00" testType="13cdc9d9-ddb5-4fa4-a97d-d965ccfc6d4b" outcome="Passed" testListId="8c84fa94-04c1-424b-9868-57a2d4851a1d" relativeResultsDirectory="f9c11924-652a-410e-ac8c-9b8eb037a296" />
    <UnitTestResult executionId="1b5ad1aa-eb5d-48e6-bc61-ffc2e4c8580a" testId="9284ffe5-008c-2c78-7000-3f8b626047f1" testName="WhenFilesFilteredByExtension_ShouldReturnOnlyMatchingFiles" computerName="DESKTOP-I52018A" duration="00:00:00.0550557" startTime="2026-09-06T18:46:13.8681525+02:00" endTime="2026-09-06T18:46:13.9233938+02:00" testType="13cdc9d9-ddb5-4fa4-a97d-d965ccfc6d4b" outcome="Passed" testListId="8c84fa94-04c1-424b-9868-57a2d4851a1d" relativeResultsDirectory="1b5ad1aa-eb5d-48e6-bc61-ffc2e4c8580a" />
    <UnitTestResult executionId="9bf988c8-fac5-4de7-a64d-dba0f7422b18" testId="aefc2592-b1c8-7b09-f820-a22ef2a1536a" testName="DirectoriesCompare_TheSameStateAndSparseProjectionRemainPortable" computerName="DESKTOP-I52018A" duration="00:00:00.0649105" startTime="2026-09-06T18:46:08.7400583+02:00" endTime="2026-09-06T18:46:08.8050828+02:00" testType="13cdc9d9-ddb5-4fa4-a97d-d965ccfc6d4b" outcome="Passed" testListId="8c84fa94-04c1-424b-9868-57a2d4851a1d" relativeResultsDirectory="9bf988c8-fac5-4de7-a64d-dba0f7422b18" />
    <UnitTestResult executionId="70b633ab-437a-433a-975f-867245f5b724" testId="8ddd1173-5362-f341-4435-fe4903093ce8" testName="DescNoParameterRuntimeDiscoverySource_ShouldReturnNoParameterSignature (&quot;fileattributes&quot;)" computerName="DESKTOP-I52018A" duration="00:00:00.0286564" startTime="2026-09-06T18:46:09.7288849+02:00" endTime="2026-09-06T18:46:09.7576828+02:00" testType="13cdc9d9-ddb5-4fa4-a97d-d965ccfc6d4b" outcome="Passed" testListId="8c84fa94-04c1-424b-9868-57a2d4851a1d" relativeResultsDirectory="70b633ab-437a-433a-975f-867245f5b724" />
    <UnitTestResult executionId="ad0ed0d5-af54-4d6e-bdbb-0560727c74c8" testId="47abc064-bd4b-7600-98cd-9579087e65c3" testName="WhenRetrieveMetadataFromMultipleFiles_ShouldPass" computerName="DESKTOP-I52018A" duration="00:00:00.2897959" startTime="2026-09-06T18:46:06.5260288+02:00" endTime="2026-09-06T18:46:06.8160434+02:00" testType="13cdc9d9-ddb5-4fa4-a97d-d965ccfc6d4b" outcome="Passed" testListId="8c84fa94-04c1-424b-9868-57a2d4851a1d" relativeResultsDirectory="ad0ed0d5-af54-4d6e-bdbb-0560727c74c8" />
    <UnitTestResult executionId="e0ce2b2f-10ab-41fe-a880-e4549ee72fc7" testId="5504a173-57f9-d093-a416-9787aa80ef03" testName="WhenGetMetadataCalled_ShouldReturnMetadata" computerName="DESKTOP-I52018A" duration="00:00:00.0595160" startTime="2026-09-06T18:46:06.3113872+02:00" endTime="2026-09-06T18:46:06.3710002+02:00" testType="13cdc9d9-ddb5-4fa4-a97d-d965ccfc6d4b" outcome="Passed" testListId="8c84fa94-04c1-424b-9868-57a2d4851a1d" relativeResultsDirectory="e0ce2b2f-10ab-41fe-a880-e4549ee72fc7" />
    <UnitTestResult executionId="e2ff9aaa-6fd1-4daa-b863-9fa62fd2d028" testId="68af451d-d0a8-d9cd-5e84-773e9b699c27" testName="WhenAllMetadataJsonCalled_ShouldReturnJson" computerName="DESKTOP-I52018A" duration="00:00:00.0507018" startTime="2026-09-06T18:46:06.4751782+02:00" endTime="2026-09-06T18:46:06.5259811+02:00" testType="13cdc9d9-ddb5-4fa4-a97d-d965ccfc6d4b" outcome="Passed" testListId="8c84fa94-04c1-424b-9868-57a2d4851a1d" relativeResultsDirectory="e2ff9aaa-6fd1-4daa-b863-9fa62fd2d028" />
    <UnitTestResult executionId="caaad213-dc19-40bb-bc7a-76a52aeae97a" testId="88f98847-e264-540c-7ef3-8a998eaae799" testName="DescNoParameterRuntimeDiscoverySource_ShouldReturnNoParameterSignature (&quot;cultures&quot;)" computerName="DESKTOP-I52018A" duration="00:00:00.0511774" startTime="2026-09-06T18:46:09.4643033+02:00" endTime="2026-09-06T18:46:09.5177598+02:00" testType="13cdc9d9-ddb5-4fa4-a97d-d965ccfc6d4b" outcome="Passed" testListId="8c84fa94-04c1-424b-9868-57a2d4851a1d" relativeResultsDirectory="caaad213-dc19-40bb-bc7a-76a52aeae97a" />
    <UnitTestResult executionId="37f3a714-a90a-4776-96fa-8c04b42f94d0" testId="8f9d49c6-3bc8-fc50-5189-0ade56200caf" testName="DescFilesNoArgs_VsWithArgs_ShouldReturnDifferentResults" computerName="DESKTOP-I52018A" duration="00:00:00.0668395" startTime="2026-09-06T18:46:12.4531299+02:00" endTime="2026-09-06T18:46:12.5201391+02:00" testType="13cdc9d9-ddb5-4fa4-a97d-d965ccfc6d4b" outcome="Passed" testListId="8c84fa94-04c1-424b-9868-57a2d4851a1d" relativeResultsDirectory="37f3a714-a90a-4776-96fa-8c04b42f94d0" />
    <UnitTestResult executionId="e0fc99e5-7299-47e9-8c63-8d116483dc07" testId="9febc2cf-374a-da71-e1c2-f5d88702790d" testName="DescDirsCompare_ShouldShowTwoStringParameters" computerName="DESKTOP-I52018A" duration="00:00:00.0369638" startTime="2026-09-06T18:46:12.0395113+02:00" endTime="2026-09-06T18:46:12.0766278+02:00" testType="13cdc9d9-ddb5-4fa4-a97d-d965ccfc6d4b" outcome="Passed" testListId="8c84fa94-04c1-424b-9868-57a2d4851a1d" relativeResultsDirectory="e0fc99e5-7299-47e9-8c63-8d116483dc07" />
    <UnitTestResult executionId="81cd6898-af4f-4469-84ea-c645c394df54" testId="44bf7e9e-b8ad-dede-ffec-8b490d74891d" testName="PathInfo_ShouldReturnSingleRowForExistingAndMissingPaths" computerName="DESKTOP-I52018A" duration="00:00:00.1131307" startTime="2026-09-06T18:46:11.4632910+02:00" endTime="2026-09-06T18:46:11.5765702+02:00" testType="13cdc9d9-ddb5-4fa4-a97d-d965ccfc6d4b" outcome="Passed" testListId="8c84fa94-04c1-424b-9868-57a2d4851a1d" relativeResultsDirectory="81cd6898-af4f-4469-84ea-c645c394df54" />
    <UnitTestResult executionId="c9bf2cd3-9068-4a03-a611-50629c427cef" testId="5a51127b-c385-6b20-84b7-e052e7544c1f" testName="TimeZones_ShouldReturnSystemTimeZones" computerName="DESKTOP-I52018A" duration="00:00:00.1075219" startTime="2026-09-06T18:46:11.0257858+02:00" endTime="2026-09-06T18:46:11.1334927+02:00" testType="13cdc9d9-ddb5-4fa4-a97d-d965ccfc6d4b" outcome="Passed" testListId="8c84fa94-04c1-424b-9868-57a2d4851a1d" relativeResultsDirectory="c9bf2cd3-9068-4a03-a611-50629c427cef" />
    <UnitTestResult executionId="348f6f5c-ade3-4310-aa5b-10bc1a5f9946" testId="9ab9fec9-cbfe-568c-738f-bb37ffc2a5a7" testName="Query_DirectoryDiffTest" computerName="DESKTOP-I52018A" duration="00:00:00.2551729" startTime="2026-09-06T18:46:14.8187784+02:00" endTime="2026-09-06T18:46:15.0740975+02:00" testType="13cdc9d9-ddb5-4fa4-a97d-d965ccfc6d4b" outcome="Passed" testListId="8c84fa94-04c1-424b-9868-57a2d4851a1d" relativeResultsDirectory="348f6f5c-ade3-4310-aa5b-10bc1a5f9946" />
    <UnitTestResult executionId="94b61fa2-236c-404f-9dfa-7628d72aa6bf" testId="c7cceb1d-ef98-e54e-d2b9-06bda31a4f04" testName="WhenHasMetadataTagCalled_ShouldReturnTrue" computerName="DESKTOP-I52018A" duration="00:00:00.0445998" startTime="2026-09-06T18:46:06.4304297+02:00" endTime="2026-09-06T18:46:06.4751317+02:00" testType="13cdc9d9-ddb5-4fa4-a97d-d965ccfc6d4b" outcome="Passed" testListId="8c84fa94-04c1-424b-9868-57a2d4851a1d" relativeResultsDirectory="94b61fa2-236c-404f-9dfa-7628d72aa6bf" />
    <UnitTestResult executionId="2cb94736-f5d8-4eff-ab67-66cd082cfb7d" testId="a755a03d-c9ff-ae45-c284-916c2ea1e2d3" testName="FileAttributes_ShouldExposeCommonFileAttributeValues" computerName="DESKTOP-I52018A" duration="00:00:00.0531619" startTime="2026-09-06T18:46:11.3398966+02:00" endTime="2026-09-06T18:46:11.3932242+02:00" testType="13cdc9d9-ddb5-4fa4-a97d-d965ccfc6d4b" outcome="Passed" testListId="8c84fa94-04c1-424b-9868-57a2d4851a1d" relativeResultsDirectory="2cb94736-f5d8-4eff-ab67-66cd082cfb7d" />
    <UnitTestResult executionId="e8caa676-c672-4d35-a208-4d37210dae03" testId="05e84ba6-8ab9-da5a-0614-056075a388cd" testName="ComplexObjectPropertyTest" computerName="DESKTOP-I52018A" duration="00:00:00.0583841" startTime="2026-09-06T18:46:14.1347470+02:00" endTime="2026-09-06T18:46:14.1933144+02:00" testType="13cdc9d9-ddb5-4fa4-a97d-d965ccfc6d4b" outcome="Passed" testListId="8c84fa94-04c1-424b-9868-57a2d4851a1d" relativeResultsDirectory="e8caa676-c672-4d35-a208-4d37210dae03" />
    <UnitTestResult executionId="b14499ba-3f5e-4bb9-b428-0960d6fddb80" testId="ab0e8f4f-4b20-b498-95db-7c80906ffae7" testName="DescDlls_ShouldReturnMethodSignature" computerName="DESKTOP-I52018A" duration="00:00:00.0428716" startTime="2026-09-06T18:46:11.7954670+02:00" endTime="2026-09-06T18:46:11.8384821+02:00" testType="13cdc9d9-ddb5-4fa4-a97d-d965ccfc6d4b" outcome="Passed" testListId="8c84fa94-04c1-424b-9868-57a2d4851a1d" relativeResultsDirectory="b14499ba-3f5e-4bb9-b428-0960d6fddb80" />
    <UnitTestResult executionId="85490c85-61a9-4e35-a011-6dff631f4138" testId="229d66c3-b7c0-c609-ba48-faec20050c10" testName="DescSchema_ShouldIncludeAllDataSourceTypes" computerName="DESKTOP-I52018A" duration="00:00:00.0316877" startTime="2026-09-06T18:46:12.0766900+02:00" endTime="2026-09-06T18:46:12.1085031+02:00" testType="13cdc9d9-ddb5-4fa4-a97d-d965ccfc6d4b" outcome="Passed" testListId="8c84fa94-04c1-424b-9868-57a2d4851a1d" relativeResultsDirectory="85490c85-61a9-4e35-a011-6dff631f4138" />
    <UnitTestResult executionId="01a45395-4a58-4d9c-9cb3-e4e80ca12989" testId="67bc7691-4a4b-0120-0999-344275d5d514" testName="Query_CompareTwoDirectories" computerName="DESKTOP-I52018A" duration="00:00:00.0742311" startTime="2026-09-06T18:46:14.6460046+02:00" endTime="2026-09-06T18:46:14.7203401+02:00" testType="13cdc9d9-ddb5-4fa4-a97d-d965ccfc6d4b" outcome="Passed" testListId="8c84fa94-04c1-424b-9868-57a2d4851a1d" relativeResultsDirectory="01a45395-4a58-4d9c-9cb3-e4e80ca12989" />
    <UnitTestResult executionId="eb679db5-6671-4497-9efd-3cb65ec42c39" testId="d93fc25d-e544-035d-a6a1-2dd9e6c99f39" testName="DescMetadata_ShouldReturnAllOverloads" computerName="DESKTOP-I52018A" duration="00:00:00.0307698" startTime="2026-09-06T18:46:11.8685898+02:00" endTime="2026-09-06T18:46:11.8994801+02:00" testType="13cdc9d9-ddb5-4fa4-a97d-d965ccfc6d4b" outcome="Passed" testListId="8c84fa94-04c1-424b-9868-57a2d4851a1d" relativeResultsDirectory="eb679db5-6671-4497-9efd-3cb65ec42c39" />
    <UnitTestResult executionId="f6fa01ac-8a0f-421f-9b43-34f9fa861009" testId="f5155119-ed14-c066-78ff-1b166bf9892c" testName="File_ShouldUseExistingTextContentHelper" computerName="DESKTOP-I52018A" duration="00:00:00.0456079" startTime="2026-09-06T18:46:06.8750812+02:00" endTime="2026-09-06T18:46:06.9207928+02:00" testType="13cdc9d9-ddb5-4fa4-a97d-d965ccfc6d4b" outcome="Passed" testListId="8c84fa94-04c1-424b-9868-57a2d4851a1d" relativeResultsDirectory="f6fa01ac-8a0f-421f-9b43-34f9fa861009" />
    <UnitTestResult executionId="baab0aee-f31e-4819-bfc6-522fe703d6a0" testId="2b2d73dc-a10d-19f2-d365-f4cec9e4a62f" testName="DescNoParameterRuntimeDiscoverySource_ShouldReturnNoParameterSignature (&quot;runtime&quot;)" computerName="DESKTOP-I52018A" duration="00:00:00.0323606" startTime="2026-09-06T18:46:09.6367072+02:00" endTime="2026-09-06T18:46:09.6692340+02:00" testType="13cdc9d9-ddb5-4fa4-a97d-d965ccfc6d4b" outcome="Passed" testListId="8c84fa94-04c1-424b-9868-57a2d4851a1d" relativeResultsDirectory="baab0aee-f31e-4819-bfc6-522fe703d6a0" />
    <UnitTestResult executionId="595453c2-bd58-4e56-a071-18de29778667" testId="4c1d75f1-0ad8-74e8-5c78-3658fc55c9e2" testName="DescMetadata_ShouldShowParameterTypesCorrectly" computerName="DESKTOP-I52018A" duration="00:00:00.0404458" startTime="2026-09-06T18:46:11.9988372+02:00" endTime="2026-09-06T18:46:12.0394246+02:00" testType="13cdc9d9-ddb5-4fa4-a97d-d965ccfc6d4b" outcome="Passed" testListId="8c84fa94-04c1-424b-9868-57a2d4851a1d" relativeResultsDirectory="595453c2-bd58-4e56-a071-18de29778667" />
    <UnitTestResult executionId="eac5bd12-6d72-44c1-978d-918fae483ecf" testId="d9c7775b-9e85-be79-70cd-ee0b6404ad83" testName="TestDirectoriesSourceIterateWithNestedDirectories" computerName="DESKTOP-I52018A" duration="00:00:00.0004616" startTime="2026-09-06T18:46:14.2618667+02:00" endTime="2026-09-06T18:46:14.2623772+02:00" testType="13cdc9d9-ddb5-4fa4-a97d-d965ccfc6d4b" outcome="Passed" testListId="8c84fa94-04c1-424b-9868-57a2d4851a1d" relativeResultsDirectory="eac5bd12-6d72-44c1-978d-918fae483ecf" />
    <UnitTestResult executionId="f134b5f7-ff59-4351-bed3-f1be0efe641d" testId="66a5b7b8-89af-1680-9416-9bfe1435f028" testName="Runtime_ShouldReturnSingleSafeRowWithoutIdentityColumns" computerName="DESKTOP-I52018A" duration="00:00:00.0792172" startTime="2026-09-06T18:46:11.1335675+02:00" endTime="2026-09-06T18:46:11.2129641+02:00" testType="13cdc9d9-ddb5-4fa4-a97d-d965ccfc6d4b" outcome="Passed" testListId="8c84fa94-04c1-424b-9868-57a2d4851a1d" relativeResultsDirectory="f134b5f7-ff59-4351-bed3-f1be0efe641d" />
    <UnitTestResult executionId="e5e25267-1c91-4602-ab18-692c56059d1c" testId="5f97839d-f497-8885-e197-3076690f5de9" testName="EveryOsConstructor_HasOneExactStarContract" computerName="DESKTOP-I52018A" duration="00:00:01.3476389" startTime="2026-09-06T18:46:12.5202218+02:00" endTime="2026-09-06T18:46:13.8680754+02:00" testType="13cdc9d9-ddb5-4fa4-a97d-d965ccfc6d4b" outcome="Passed" testListId="8c84fa94-04c1-424b-9868-57a2d4851a1d" relativeResultsDirectory="e5e25267-1c91-4602-ab18-692c56059d1c" />
    <UnitTestResult executionId="a2af2dde-e506-4187-ab15-352db7ac0bee" testId="9c55c09f-d985-ab5d-b740-8ccaa6febe9a" testName="DescSchema_ShouldHaveConsistentColumnTypes" computerName="DESKTOP-I52018A" duration="00:00:00.0335078" startTime="2026-09-06T18:46:11.9336415+02:00" endTime="2026-09-06T18:46:11.9672718+02:00" testType="13cdc9d9-ddb5-4fa4-a97d-d965ccfc6d4b" outcome="Passed" testListId="8c84fa94-04c1-424b-9868-57a2d4851a1d" relativeResultsDirectory="a2af2dde-e506-4187-ab15-352db7ac0bee" />
    <UnitTestResult executionId="bbc611a3-d77f-431a-8e05-0424fbe1f3ef" testId="9fb157fc-51b6-1c28-b9de-457ab1fc0c9f" testName="CurrentCulture_ShouldReturnSingleRow" computerName="DESKTOP-I52018A" duration="00:00:00.0738712" startTime="2026-09-06T18:46:10.8877136+02:00" endTime="2026-09-06T18:46:10.9617711+02:00" testType="13cdc9d9-ddb5-4fa4-a97d-d965ccfc6d4b" outcome="Passed" testListId="8c84fa94-04c1-424b-9868-57a2d4851a1d" relativeResultsDirectory="bbc611a3-d77f-431a-8e05-0424fbe1f3ef" />
  </Results>
  <TestDefinitions>
    <UnitTest name="Query_ShouldNotThrowException" storage="d:\repos\musoq.datasources\musoq.datasources.os.tests\bin\release\net10.0\musoq.datasources.os.tests.dll" id="8640ad32-fbf4-3e77-7b37-07e1ad8a3416">
      <Execution id="e6249b26-64d3-47ce-b0cf-e46e008c9f27" />
      <TestMethod codeBase="D:\repos\Musoq.DataSources\Musoq.DataSources.Os.Tests\bin\Release\net10.0\Musoq.DataSources.Os.Tests.dll" adapterTypeName="executor://mstestadapter/v2" className="Musoq.DataSources.Os.Tests.QueryDiskTests" name="Query_ShouldNotThrowException" />
    </UnitTest>
    <UnitTest name="DescDllsWithArgs_ShouldReturnTableSchema" storage="d:\repos\musoq.datasources\musoq.datasources.os.tests\bin\release\net10.0\musoq.datasources.os.tests.dll" id="03a0b911-7dd7-ebe5-3cb9-90598e92c891">
      <Execution id="fa412fa5-fdd2-47c9-bca8-6e35fd101257" />
      <TestMethod codeBase="D:\repos\Musoq.DataSources\Musoq.DataSources.Os.Tests\bin\Release\net10.0\Musoq.DataSources.Os.Tests.dll" adapterTypeName="executor://mstestadapter/v2" className="Musoq.DataSources.Os.Tests.OsSchemaDescribeTests" name="DescDllsWithArgs_ShouldReturnTableSchema" />
    </UnitTest>
    <UnitTest name="TimeZones_ShouldReturnSystemTimeZones" storage="d:\repos\musoq.datasources\musoq.datasources.os.tests\bin\release\net10.0\musoq.datasources.os.tests.dll" id="5a51127b-c385-6b20-84b7-e052e7544c1f">
      <Execution id="c9bf2cd3-9068-4a03-a611-50629c427cef" />
      <TestMethod codeBase="D:\repos\Musoq.DataSources\Musoq.DataSources.Os.Tests\bin\Release\net10.0\Musoq.DataSources.Os.Tests.dll" adapterTypeName="executor://mstestadapter/v2" className="Musoq.DataSources.Os.Tests.OsRuntimeDiscoveryTests" name="TimeZones_ShouldReturnSystemTimeZones" />
    </UnitTest>
    <UnitTest name="WhenImagePointed_ShouldReturnItsMetadata" storage="d:\repos\musoq.datasources\musoq.datasources.os.tests\bin\release\net10.0\musoq.datasources.os.tests.dll" id="4ce42f0b-93d3-a235-75f5-bc62b88f5790">
      <Execution id="c7b61b86-6913-400b-b6c4-39654106f126" />
      <TestMethod codeBase="D:\repos\Musoq.DataSources\Musoq.DataSources.Os.Tests\bin\Release\net10.0\Musoq.DataSources.Os.Tests.dll" adapterTypeName="executor://mstestadapter/v2" className="Musoq.DataSources.Os.Tests.ImagesTests" name="WhenImagePointed_ShouldReturnItsMetadata" />
    </UnitTest>
    <UnitTest name="WhenAllMetadataJsonCalled_ShouldReturnJson" storage="d:\repos\musoq.datasources\musoq.datasources.os.tests\bin\release\net10.0\musoq.datasources.os.tests.dll" id="68af451d-d0a8-d9cd-5e84-773e9b699c27">
      <Execution id="e2ff9aaa-6fd1-4daa-b863-9fa62fd2d028" />
      <TestMethod codeBase="D:\repos\Musoq.DataSources\Musoq.DataSources.Os.Tests\bin\Release\net10.0\Musoq.DataSources.Os.Tests.dll" adapterTypeName="executor://mstestadapter/v2" className="Musoq.DataSources.Os.Tests.ImagesTests" name="WhenAllMetadataJsonCalled_ShouldReturnJson" />
    </UnitTest>
    <UnitTest name="File_ShouldApplyAcceptedNamePredicate" storage="d:\repos\musoq.datasources\musoq.datasources.os.tests\bin\release\net10.0\musoq.datasources.os.tests.dll" id="7c1010de-4833-3fc3-afe4-d440303584a6">
      <Execution id="7624e91d-5d69-46b0-ab8b-ee2d37de3685" />
      <TestMethod codeBase="D:\repos\Musoq.DataSources\Musoq.DataSources.Os.Tests\bin\Release\net10.0\Musoq.DataSources.Os.Tests.dll" adapterTypeName="executor://mstestadapter/v2" className="Musoq.DataSources.Os.Tests.OsFileSourceTests" name="File_ShouldApplyAcceptedNamePredicate" />
    </UnitTest>
    <UnitTest name="DirectoriesSourceIterateDirectoriesTest" storage="d:\repos\musoq.datasources\musoq.datasources.os.tests\bin\release\net10.0\musoq.datasources.os.tests.dll" id="fa1a4f82-15f6-bbd0-3913-71245a347ea2">
      <Execution id="67a04541-7bed-4aac-a607-3eb83a4f05e6" />
      <TestMethod codeBase="D:\repos\Musoq.DataSources\Musoq.DataSources.Os.Tests\bin\Release\net10.0\Musoq.DataSources.Os.Tests.dll" adapterTypeName="executor://mstestadapter/v2" className="Musoq.DataSources.Os.Tests.QueryDiskTests" name="DirectoriesSourceIterateDirectoriesTest" />
    </UnitTest>
    <UnitTest name="File_SkipTwoBytesAndTakeFiveBytes_Test" storage="d:\repos\musoq.datasources\musoq.datasources.os.tests\bin\release\net10.0\musoq.datasources.os.tests.dll" id="36650d6b-8533-2414-5bc7-20f39965af37">
      <Execution id="071f839d-d284-42ea-9d1b-2ea06c0d8785" />
      <TestMethod codeBase="D:\repos\Musoq.DataSources\Musoq.DataSources.Os.Tests\bin\Release\net10.0\Musoq.DataSources.Os.Tests.dll" adapterTypeName="executor://mstestadapter/v2" className="Musoq.DataSources.Os.Tests.QueryDiskTests" name="File_SkipTwoBytesAndTakeFiveBytes_Test" />
    </UnitTest>
    <UnitTest name="DescFile_ShouldReturnMethodSignature" storage="d:\repos\musoq.datasources\musoq.datasources.os.tests\bin\release\net10.0\musoq.datasources.os.tests.dll" id="61fbd559-84fc-6387-9572-60c6df01ac57">
      <Execution id="aae51377-db8e-4927-b74a-cb4c15e495c1" />
      <TestMethod codeBase="D:\repos\Musoq.DataSources\Musoq.DataSources.Os.Tests\bin\Release\net10.0\Musoq.DataSources.Os.Tests.dll" adapterTypeName="executor://mstestadapter/v2" className="Musoq.DataSources.Os.Tests.OsSchemaDescribeTests" name="DescFile_ShouldReturnMethodSignature" />
    </UnitTest>
    <UnitTest name="NonExistingDirectoryTest" storage="d:\repos\musoq.datasources\musoq.datasources.os.tests\bin\release\net10.0\musoq.datasources.os.tests.dll" id="d5e201c1-d564-2b7f-3bd2-3446b8ee37c3">
      <Execution id="96e47186-d0ec-47ae-95fb-e1dfb7f9918d" />
      <TestMethod codeBase="D:\repos\Musoq.DataSources\Musoq.DataSources.Os.Tests\bin\Release\net10.0\Musoq.DataSources.Os.Tests.dll" adapterTypeName="executor://mstestadapter/v2" className="Musoq.DataSources.Os.Tests.QueryDiskTests" name="NonExistingDirectoryTest" />
    </UnitTest>
    <UnitTest name="DescDirectories_ShouldReturnMethodSignature" storage="d:\repos\musoq.datasources\musoq.datasources.os.tests\bin\release\net10.0\musoq.datasources.os.tests.dll" id="b87e2d2a-c65a-f311-aa8d-2bf5fae71ef6">
      <Execution id="c91fa20f-6376-428e-9f70-f1f7cfe4da3c" />
      <TestMethod codeBase="D:\repos\Musoq.DataSources\Musoq.DataSources.Os.Tests\bin\Release\net10.0\Musoq.DataSources.Os.Tests.dll" adapterTypeName="executor://mstestadapter/v2" className="Musoq.DataSources.Os.Tests.OsSchemaDescribeTests" name="DescDirectories_ShouldReturnMethodSignature" />
    </UnitTest>
    <UnitTest name="Directories_AttributesResidualEqualityAndFlagsKeepPrimitiveCarrier" storage="d:\repos\musoq.datasources\musoq.datasources.os.tests\bin\release\net10.0\musoq.datasources.os.tests.dll" id="bcec056d-c20b-a719-3ce7-e2a376b6652f">
      <Execution id="bf50cf50-57d3-4a7d-8a19-441e4281ccd7" />
      <TestMethod codeBase="D:\repos\Musoq.DataSources\Musoq.DataSources.Os.Tests\bin\Release\net10.0\Musoq.DataSources.Os.Tests.dll" adapterTypeName="executor://mstestadapter/v2" className="Musoq.DataSources.Os.Tests.OsNativeEnumTests" name="Directories_AttributesResidualEqualityAndFlagsKeepPrimitiveCarrier" />
    </UnitTest>
    <UnitTest name="Encodings_ShouldExposeUtf8AndCodePageEncodings" storage="d:\repos\musoq.datasources\musoq.datasources.os.tests\bin\release\net10.0\musoq.datasources.os.tests.dll" id="596cc738-271a-1e60-0660-0e3e4ce2a39b">
      <Execution id="9b3af3e1-16df-4a27-ba6d-b2f9a52e884c" />
      <TestMethod codeBase="D:\repos\Musoq.DataSources\Musoq.DataSources.Os.Tests\bin\Release\net10.0\Musoq.DataSources.Os.Tests.dll" adapterTypeName="executor://mstestadapter/v2" className="Musoq.DataSources.Os.Tests.OsRuntimeDiscoveryTests" name="Encodings_ShouldExposeUtf8AndCodePageEncodings" />
    </UnitTest>
    <UnitTest name="WhenFilesFilteredByExtension_ShouldReturnOnlyMatchingFiles" storage="d:\repos\musoq.datasources\musoq.datasources.os.tests\bin\release\net10.0\musoq.datasources.os.tests.dll" id="9284ffe5-008c-2c78-7000-3f8b626047f1">
      <Execution id="1b5ad1aa-eb5d-48e6-bc61-ffc2e4c8580a" />
      <TestMethod codeBase="D:\repos\Musoq.DataSources\Musoq.DataSources.Os.Tests\bin\Release\net10.0\Musoq.DataSources.Os.Tests.dll" adapterTypeName="executor://mstestadapter/v2" className="Musoq.DataSources.Os.Tests.OsWhereNodeOptimizationTests" name="WhenFilesFilteredByExtension_ShouldReturnOnlyMatchingFiles" />
    </UnitTest>
    <UnitTest name="Query_CompareTwoDirectories" storage="d:\repos\musoq.datasources\musoq.datasources.os.tests\bin\release\net10.0\musoq.datasources.os.tests.dll" id="67bc7691-4a4b-0120-0999-344275d5d514">
      <Execution id="01a45395-4a58-4d9c-9cb3-e4e80ca12989" />
      <TestMethod codeBase="D:\repos\Musoq.DataSources\Musoq.DataSources.Os.Tests\bin\Release\net10.0\Musoq.DataSources.Os.Tests.dll" adapterTypeName="executor://mstestadapter/v2" className="Musoq.DataSources.Os.Tests.QueryDiskTests" name="Query_CompareTwoDirectories" />
    </UnitTest>
    <UnitTest name="CurrentCulture_ShouldReturnSingleRow" storage="d:\repos\musoq.datasources\musoq.datasources.os.tests\bin\release\net10.0\musoq.datasources.os.tests.dll" id="9fb157fc-51b6-1c28-b9de-457ab1fc0c9f">
      <Execution id="bbc611a3-d77f-431a-8e05-0424fbe1f3ef" />
      <TestMethod codeBase="D:\repos\Musoq.DataSources\Musoq.DataSources.Os.Tests\bin\Release\net10.0\Musoq.DataSources.Os.Tests.dll" adapterTypeName="executor://mstestadapter/v2" className="Musoq.DataSources.Os.Tests.OsRuntimeDiscoveryTests" name="CurrentCulture_ShouldReturnSingleRow" />
    </UnitTest>
    <UnitTest name="DescNoParameterRuntimeDiscoverySource_ShouldReturnNoParameterSignature (&quot;timezones&quot;)" storage="d:\repos\musoq.datasources\musoq.datasources.os.tests\bin\release\net10.0\musoq.datasources.os.tests.dll" id="c65cc73c-55e7-f0da-7fd1-3d36748998ee">
      <Execution id="dbc8dd9f-060d-4621-a6e8-cb59861b2db6" />
      <TestMethod codeBase="D:\repos\Musoq.DataSources\Musoq.DataSources.Os.Tests\bin\Release\net10.0\Musoq.DataSources.Os.Tests.dll" adapterTypeName="executor://mstestadapter/v2" className="Musoq.DataSources.Os.Tests.OsRuntimeDiscoveryTests" name="DescNoParameterRuntimeDiscoverySource_ShouldReturnNoParameterSignature" />
    </UnitTest>
    <UnitTest name="File_ShouldReturnNoRowsForDirectoryPath" storage="d:\repos\musoq.datasources\musoq.datasources.os.tests\bin\release\net10.0\musoq.datasources.os.tests.dll" id="2ba0bdac-9fdc-68ea-b3e0-afd6569b1f00">
      <Execution id="a0646efd-6ddb-45b4-a97c-e184b607c2fb" />
      <TestMethod codeBase="D:\repos\Musoq.DataSources\Musoq.DataSources.Os.Tests\bin\Release\net10.0\Musoq.DataSources.Os.Tests.dll" adapterTypeName="executor://mstestadapter/v2" className="Musoq.DataSources.Os.Tests.OsFileSourceTests" name="File_ShouldReturnNoRowsForDirectoryPath" />
    </UnitTest>
    <UnitTest name="DirectoriesCompare_StateResidualMembershipNullChecksAndNamesRemainPortable" storage="d:\repos\musoq.datasources\musoq.datasources.os.tests\bin\release\net10.0\musoq.datasources.os.tests.dll" id="40536cc7-41c9-70fd-1181-fc018f26a09b">
      <Execution id="54e8864f-9d61-4043-bfd0-23e9de874762" />
      <TestMethod codeBase="D:\repos\Musoq.DataSources\Musoq.DataSources.Os.Tests\bin\Release\net10.0\Musoq.DataSources.Os.Tests.dll" adapterTypeName="executor://mstestadapter/v2" className="Musoq.DataSources.Os.Tests.OsNativeEnumTests" name="DirectoriesCompare_StateResidualMembershipNullChecksAndNamesRemainPortable" />
    </UnitTest>
    <UnitTest name="DescFilesTest" storage="d:\repos\musoq.datasources\musoq.datasources.os.tests\bin\release\net10.0\musoq.datasources.os.tests.dll" id="140ff59c-147f-8724-4571-e2a1bc29430b">
      <Execution id="fac31e9a-72d0-42ad-b020-6480f20e8c86" />
      <TestMethod codeBase="D:\repos\Musoq.DataSources\Musoq.DataSources.Os.Tests\bin\Release\net10.0\Musoq.DataSources.Os.Tests.dll" adapterTypeName="executor://mstestadapter/v2" className="Musoq.DataSources.Os.Tests.QueryDiskTests" name="DescFilesTest" />
    </UnitTest>
    <UnitTest name="File_ShouldReturnNoRowsForMissingPath" storage="d:\repos\musoq.datasources\musoq.datasources.os.tests\bin\release\net10.0\musoq.datasources.os.tests.dll" id="9953c2c6-ae9c-dc0d-1cf7-4b1aab71c4ce">
      <Execution id="0802df03-74b6-4b18-b060-695ff10aa45b" />
      <TestMethod codeBase="D:\repos\Musoq.DataSources\Musoq.DataSources.Os.Tests\bin\Release\net10.0\Musoq.DataSources.Os.Tests.dll" adapterTypeName="executor://mstestadapter/v2" className="Musoq.DataSources.Os.Tests.OsFileSourceTests" name="File_ShouldReturnNoRowsForMissingPath" />
    </UnitTest>
    <UnitTest name="DescNoParameterRuntimeDiscoverySource_ShouldReturnNoParameterSignature (&quot;fileattributes&quot;)" storage="d:\repos\musoq.datasources\musoq.datasources.os.tests\bin\release\net10.0\musoq.datasources.os.tests.dll" id="8ddd1173-5362-f341-4435-fe4903093ce8">
      <Execution id="70b633ab-437a-433a-975f-867245f5b724" />
      <TestMethod codeBase="D:\repos\Musoq.DataSources\Musoq.DataSources.Os.Tests\bin\Release\net10.0\Musoq.DataSources.Os.Tests.dll" adapterTypeName="executor://mstestadapter/v2" className="Musoq.DataSources.Os.Tests.OsRuntimeDiscoveryTests" name="DescNoParameterRuntimeDiscoverySource_ShouldReturnNoParameterSignature" />
    </UnitTest>
    <UnitTest name="FileAttributes_ShouldExposeCommonFileAttributeValues" storage="d:\repos\musoq.datasources\musoq.datasources.os.tests\bin\release\net10.0\musoq.datasources.os.tests.dll" id="a755a03d-c9ff-ae45-c284-916c2ea1e2d3">
      <Execution id="2cb94736-f5d8-4eff-ab67-66cd082cfb7d" />
      <TestMethod codeBase="D:\repos\Musoq.DataSources\Musoq.DataSources.Os.Tests\bin\Release\net10.0\Musoq.DataSources.Os.Tests.dll" adapterTypeName="executor://mstestadapter/v2" className="Musoq.DataSources.Os.Tests.OsRuntimeDiscoveryTests" name="FileAttributes_ShouldExposeCommonFileAttributeValues" />
    </UnitTest>
    <UnitTest name="FilesSourceIterateDirectoriesTest" storage="d:\repos\musoq.datasources\musoq.datasources.os.tests\bin\release\net10.0\musoq.datasources.os.tests.dll" id="18b65279-249f-a75d-bd16-883e92a5812c">
      <Execution id="0ccc45be-176d-4b8c-b11f-25a83eec5256" />
      <TestMethod codeBase="D:\repos\Musoq.DataSources\Musoq.DataSources.Os.Tests\bin\Release\net10.0\Musoq.DataSources.Os.Tests.dll" adapterTypeName="executor://mstestadapter/v2" className="Musoq.DataSources.Os.Tests.QueryDiskTests" name="FilesSourceIterateDirectoriesTest" />
    </UnitTest>
    <UnitTest name="FilesSource_FullLoadTest" storage="d:\repos\musoq.datasources\musoq.datasources.os.tests\bin\release\net10.0\musoq.datasources.os.tests.dll" id="ab28c35a-0f96-5aa1-8e83-9303719f7f77">
      <Execution id="801be550-860a-465b-8fa8-9eda289316f1" />
      <TestMethod codeBase="D:\repos\Musoq.DataSources\Musoq.DataSources.Os.Tests\bin\Release\net10.0\Musoq.DataSources.Os.Tests.dll" adapterTypeName="executor://mstestadapter/v2" className="Musoq.DataSources.Os.Tests.QueryDiskTests" name="FilesSource_FullLoadTest" />
    </UnitTest>
    <UnitTest name="SpecialFolders_ShouldExposeKnownFolderNames" storage="d:\repos\musoq.datasources\musoq.datasources.os.tests\bin\release\net10.0\musoq.datasources.os.tests.dll" id="c10d0a75-5638-b66e-d43f-1cb1054052be">
      <Execution id="1161a816-7a9d-41ea-a899-d6d1f2f87897" />
      <TestMethod codeBase="D:\repos\Musoq.DataSources\Musoq.DataSources.Os.Tests\bin\Release\net10.0\Musoq.DataSources.Os.Tests.dll" adapterTypeName="executor://mstestadapter/v2" className="Musoq.DataSources.Os.Tests.OsRuntimeDiscoveryTests" name="SpecialFolders_ShouldExposeKnownFolderNames" />
    </UnitTest>
    <UnitTest name="Runtime_ShouldReturnSingleSafeRowWithoutIdentityColumns" storage="d:\repos\musoq.datasources\musoq.datasources.os.tests\bin\release\net10.0\musoq.datasources.os.tests.dll" id="66a5b7b8-89af-1680-9416-9bfe1435f028">
      <Execution id="f134b5f7-ff59-4351-bed3-f1be0efe641d" />
      <TestMethod codeBase="D:\repos\Musoq.DataSources\Musoq.DataSources.Os.Tests\bin\Release\net10.0\Musoq.DataSources.Os.Tests.dll" adapterTypeName="executor://mstestadapter/v2" className="Musoq.DataSources.Os.Tests.OsRuntimeDiscoveryTests" name="Runtime_ShouldReturnSingleSafeRowWithoutIdentityColumns" />
    </UnitTest>
    <UnitTest name="DescDlls_ShouldReturnMethodSignature" storage="d:\repos\musoq.datasources\musoq.datasources.os.tests\bin\release\net10.0\musoq.datasources.os.tests.dll" id="ab0e8f4f-4b20-b498-95db-7c80906ffae7">
      <Execution id="b14499ba-3f5e-4bb9-b428-0960d6fddb80" />
      <TestMethod codeBase="D:\repos\Musoq.DataSources\Musoq.DataSources.Os.Tests\bin\Release\net10.0\Musoq.DataSources.Os.Tests.dll" adapterTypeName="executor://mstestadapter/v2" className="Musoq.DataSources.Os.Tests.OsSchemaDescribeTests" name="DescDlls_ShouldReturnMethodSignature" />
    </UnitTest>
    <UnitTest name="File_ShouldUseExistingByteContentHelpers" storage="d:\repos\musoq.datasources\musoq.datasources.os.tests\bin\release\net10.0\musoq.datasources.os.tests.dll" id="5ce247c1-d47c-cb5a-dca6-a16b25f2ab38">
      <Execution id="9eb92219-3fc8-4a9b-aba4-8b9cad2050a8" />
      <TestMethod codeBase="D:\repos\Musoq.DataSources\Musoq.DataSources.Os.Tests\bin\Release\net10.0\Musoq.DataSources.Os.Tests.dll" adapterTypeName="executor://mstestadapter/v2" className="Musoq.DataSources.Os.Tests.OsFileSourceTests" name="File_ShouldUseExistingByteContentHelpers" />
    </UnitTest>
    <UnitTest name="DirectoriesSource_CancelledLoadTest" storage="d:\repos\musoq.datasources\musoq.datasources.os.tests\bin\release\net10.0\musoq.datasources.os.tests.dll" id="953be2d4-c9c2-4e92-0fd0-520d3bdc1c6f">
      <Execution id="eb636a36-aef5-4b07-8b40-e77522bfeaec" />
      <TestMethod codeBase="D:\repos\Musoq.DataSources\Musoq.DataSources.Os.Tests\bin\Release\net10.0\Musoq.DataSources.Os.Tests.dll" adapterTypeName="executor://mstestadapter/v2" className="Musoq.DataSources.Os.Tests.QueryDiskTests" name="DirectoriesSource_CancelledLoadTest" />
    </UnitTest>
    <UnitTest name="DescNoParameterRuntimeDiscoverySource_ShouldReturnNoParameterSignature (&quot;drives&quot;)" storage="d:\repos\musoq.datasources\musoq.datasources.os.tests\bin\release\net10.0\musoq.datasources.os.tests.dll" id="02900856-d84a-e09c-12da-7bcad35fc692">
      <Execution id="ce29e9dd-d33a-4343-a0b8-a033b5ac3d58" />
      <TestMethod codeBase="D:\repos\Musoq.DataSources\Musoq.DataSources.Os.Tests\bin\Release\net10.0\Musoq.DataSources.Os.Tests.dll" adapterTypeName="executor://mstestadapter/v2" className="Musoq.DataSources.Os.Tests.OsRuntimeDiscoveryTests" name="DescNoParameterRuntimeDiscoverySource_ShouldReturnNoParameterSignature" />
    </UnitTest>
    <UnitTest name="WhenRetrieveMetadataFromMultipleFiles_ShouldPass" storage="d:\repos\musoq.datasources\musoq.datasources.os.tests\bin\release\net10.0\musoq.datasources.os.tests.dll" id="47abc064-bd4b-7600-98cd-9579087e65c3">
      <Execution id="ad0ed0d5-af54-4d6e-bdbb-0560727c74c8" />
      <TestMethod codeBase="D:\repos\Musoq.DataSources\Musoq.DataSources.Os.Tests\bin\Release\net10.0\Musoq.DataSources.Os.Tests.dll" adapterTypeName="executor://mstestadapter/v2" className="Musoq.DataSources.Os.Tests.ImagesTests" name="WhenRetrieveMetadataFromMultipleFiles_ShouldPass" />
    </UnitTest>
    <UnitTest name="DescDirsCompareWithArgs_ShouldReturnTableSchema" storage="d:\repos\musoq.datasources\musoq.datasources.os.tests\bin\release\net10.0\musoq.datasources.os.tests.dll" id="7c2d5a1e-b84e-19f7-79e2-f9f1d2d774cf">
      <Execution id="1ae54f5e-1bfa-4eaf-be95-de008a5f33e7" />
      <TestMethod codeBase="D:\repos\Musoq.DataSources\Musoq.DataSources.Os.Tests\bin\Release\net10.0\Musoq.DataSources.Os.Tests.dll" adapterTypeName="executor://mstestadapter/v2" className="Musoq.DataSources.Os.Tests.OsSchemaDescribeTests" name="DescDirsCompareWithArgs_ShouldReturnTableSchema" />
    </UnitTest>
    <UnitTest name="DescDirsCompare_ShouldReturnMethodSignature" storage="d:\repos\musoq.datasources\musoq.datasources.os.tests\bin\release\net10.0\musoq.datasources.os.tests.dll" id="6f52a389-44c3-07dc-9d68-9cf26d82cd5d">
      <Execution id="209d3b33-107e-40ee-a912-009b7b9646c8" />
      <TestMethod codeBase="D:\repos\Musoq.DataSources\Musoq.DataSources.Os.Tests\bin\Release\net10.0\Musoq.DataSources.Os.Tests.dll" adapterTypeName="executor://mstestadapter/v2" className="Musoq.DataSources.Os.Tests.OsSchemaDescribeTests" name="DescDirsCompare_ShouldReturnMethodSignature" />
    </UnitTest>
    <UnitTest name="DescMetadataWithArgs_ShouldReturnTableSchema" storage="d:\repos\musoq.datasources\musoq.datasources.os.tests\bin\release\net10.0\musoq.datasources.os.tests.dll" id="b033a0a4-5342-32b8-0f36-7fbf6269135f">
      <Execution id="6a786c4f-f6ea-4f57-9c35-49ed1f41d444" />
      <TestMethod codeBase="D:\repos\Musoq.DataSources\Musoq.DataSources.Os.Tests\bin\Release\net10.0\Musoq.DataSources.Os.Tests.dll" adapterTypeName="executor://mstestadapter/v2" className="Musoq.DataSources.Os.Tests.OsSchemaDescribeTests" name="DescMetadataWithArgs_ShouldReturnTableSchema" />
    </UnitTest>
    <UnitTest name="PathInfo_ShouldReturnSingleRowForExistingAndMissingPaths" storage="d:\repos\musoq.datasources\musoq.datasources.os.tests\bin\release\net10.0\musoq.datasources.os.tests.dll" id="44bf7e9e-b8ad-dede-ffec-8b490d74891d">
      <Execution id="81cd6898-af4f-4469-84ea-c645c394df54" />
      <TestMethod codeBase="D:\repos\Musoq.DataSources\Musoq.DataSources.Os.Tests\bin\Release\net10.0\Musoq.DataSources.Os.Tests.dll" adapterTypeName="executor://mstestadapter/v2" className="Musoq.DataSources.Os.Tests.OsRuntimeDiscoveryTests" name="PathInfo_ShouldReturnSingleRowForExistingAndMissingPaths" />
    </UnitTest>
    <UnitTest name="DescFilesWithArgs_ShouldReturnTableSchema" storage="d:\repos\musoq.datasources\musoq.datasources.os.tests\bin\release\net10.0\musoq.datasources.os.tests.dll" id="b313f0df-4d3c-3828-59f9-0e3cd763bb2e">
      <Execution id="e35fb129-5758-40e7-9a23-851c86d7a475" />
      <TestMethod codeBase="D:\repos\Musoq.DataSources\Musoq.DataSources.Os.Tests\bin\Release\net10.0\Musoq.DataSources.Os.Tests.dll" adapterTypeName="executor://mstestadapter/v2" className="Musoq.DataSources.Os.Tests.OsSchemaDescribeTests" name="DescFilesWithArgs_ShouldReturnTableSchema" />
    </UnitTest>
    <UnitTest name="DescNoParameterRuntimeDiscoverySource_ShouldReturnNoParameterSignature (&quot;cultures&quot;)" storage="d:\repos\musoq.datasources\musoq.datasources.os.tests\bin\release\net10.0\musoq.datasources.os.tests.dll" id="88f98847-e264-540c-7ef3-8a998eaae799">
      <Execution id="caaad213-dc19-40bb-bc7a-76a52aeae97a" />
      <TestMethod codeBase="D:\repos\Musoq.DataSources\Musoq.DataSources.Os.Tests\bin\Release\net10.0\Musoq.DataSources.Os.Tests.dll" adapterTypeName="executor://mstestadapter/v2" className="Musoq.DataSources.Os.Tests.OsRuntimeDiscoveryTests" name="DescNoParameterRuntimeDiscoverySource_ShouldReturnNoParameterSignature" />
    </UnitTest>
    <UnitTest name="TryPlanSource_WhenFileNameWildcardLiteralIsUsed_KeepsPredicateResidual" storage="d:\repos\musoq.datasources\musoq.datasources.os.tests\bin\release\net10.0\musoq.datasources.os.tests.dll" id="44ac6d95-085c-1982-5799-5219ace82424">
      <Execution id="1bc08cb1-65a9-4cef-abda-a9a53867206b" />
      <TestMethod codeBase="D:\repos\Musoq.DataSources\Musoq.DataSources.Os.Tests\bin\Release\net10.0\Musoq.DataSources.Os.Tests.dll" adapterTypeName="executor://mstestadapter/v2" className="Musoq.DataSources.Os.Tests.OsRuntimeV2PlanningTests" name="TryPlanSource_WhenFileNameWildcardLiteralIsUsed_KeepsPredicateResidual" />
    </UnitTest>
    <UnitTest name="TryPlanSource_WhenFileExtensionPredicateIsUsed_AcceptsPredicate" storage="d:\repos\musoq.datasources\musoq.datasources.os.tests\bin\release\net10.0\musoq.datasources.os.tests.dll" id="93e8fd61-d923-c349-4fea-96e900b578a6">
      <Execution id="c0af1af5-aabd-443a-8b62-0bdf98daad8c" />
      <TestMethod codeBase="D:\repos\Musoq.DataSources\Musoq.DataSources.Os.Tests\bin\Release\net10.0\Musoq.DataSources.Os.Tests.dll" adapterTypeName="executor://mstestadapter/v2" className="Musoq.DataSources.Os.Tests.OsRuntimeV2PlanningTests" name="TryPlanSource_WhenFileExtensionPredicateIsUsed_AcceptsPredicate" />
[...]
    </UnitTest>
    <UnitTest name="Query_IntersectSameDirectoryTest" storage="d:\repos\musoq.datasources\musoq.datasources.os.tests\bin\release\net10.0\musoq.datasources.os.tests.dll" id="5326995c-341e-0b2b-fd10-8bafb03753e3">
      <Execution id="6c69a3c6-48e1-4d56-8031-7fc384af630c" />
      <TestMethod codeBase="D:\repos\Musoq.DataSources\Musoq.DataSources.Os.Tests\bin\Release\net10.0\Musoq.DataSources.Os.Tests.dll" adapterTypeName="executor://mstestadapter/v2" className="Musoq.DataSources.Os.Tests.QueryDiskTests" name="Query_IntersectSameDirectoryTest" />
    </UnitTest>
    <UnitTest name="DescDirsCompare_ShouldShowTwoStringParameters" storage="d:\repos\musoq.datasources\musoq.datasources.os.tests\bin\release\net10.0\musoq.datasources.os.tests.dll" id="9febc2cf-374a-da71-e1c2-f5d88702790d">
      <Execution id="e0fc99e5-7299-47e9-8c63-8d116483dc07" />
      <TestMethod codeBase="D:\repos\Musoq.DataSources\Musoq.DataSources.Os.Tests\bin\Release\net10.0\Musoq.DataSources.Os.Tests.dll" adapterTypeName="executor://mstestadapter/v2" className="Musoq.DataSources.Os.Tests.OsSchemaDescribeTests" name="DescDirsCompare_ShouldShowTwoStringParameters" />
    </UnitTest>
  </TestDefinitions>
  <TestEntries>
    <TestEntry testId="5181a4ce-8aa6-be6e-87dc-d065fe25e18d" executionId="a4eb8013-a0ed-4626-b7f9-fd181da1e042" testListId="8c84fa94-04c1-424b-9868-57a2d4851a1d" />
    <TestEntry testId="b313f0df-4d3c-3828-59f9-0e3cd763bb2e" executionId="e35fb129-5758-40e7-9a23-851c86d7a475" testListId="8c84fa94-04c1-424b-9868-57a2d4851a1d" />
    <TestEntry testId="c021b9f7-375b-85d5-39ca-2b6f7edbefe1" executionId="46b5e43f-920d-4645-87a2-f025cb9b05e3" testListId="8c84fa94-04c1-424b-9868-57a2d4851a1d" />
    <TestEntry testId="7a40ffa9-feea-94f6-6d5c-98ce64758d61" executionId="5dfdf669-ee90-4c7d-8033-5e51e7be759e" testListId="8c84fa94-04c1-424b-9868-57a2d4851a1d" />
    <TestEntry testId="db57b0b1-c609-d1ab-9744-51f9844e02ed" executionId="9f68ed0d-3029-447c-bbed-a524cbf21755" testListId="8c84fa94-04c1-424b-9868-57a2d4851a1d" />
    <TestEntry testId="b8d4eaf7-2b45-bdab-2873-6b588ddaa8ec" executionId="40343233-d626-417d-9377-0c6464e35469" testListId="8c84fa94-04c1-424b-9868-57a2d4851a1d" />
    <TestEntry testId="751bbf97-7767-9dad-6184-4c872085b808" executionId="105c49cc-d284-4e1e-9f42-671ade8f2ff6" testListId="8c84fa94-04c1-424b-9868-57a2d4851a1d" />
    <TestEntry testId="b033a0a4-5342-32b8-0f36-7fbf6269135f" executionId="6a786c4f-f6ea-4f57-9c35-49ed1f41d444" testListId="8c84fa94-04c1-424b-9868-57a2d4851a1d" />
    <TestEntry testId="c65cc73c-55e7-f0da-7fd1-3d36748998ee" executionId="dbc8dd9f-060d-4621-a6e8-cb59861b2db6" testListId="8c84fa94-04c1-424b-9868-57a2d4851a1d" />
    <TestEntry testId="8640ad32-fbf4-3e77-7b37-07e1ad8a3416" executionId="e6249b26-64d3-47ce-b0cf-e46e008c9f27" testListId="8c84fa94-04c1-424b-9868-57a2d4851a1d" />
    <TestEntry testId="18b65279-249f-a75d-bd16-883e92a5812c" executionId="0ccc45be-176d-4b8c-b11f-25a83eec5256" testListId="8c84fa94-04c1-424b-9868-57a2d4851a1d" />
    <TestEntry testId="74224bbb-ed3d-d6c7-7c06-c5d3341609c1" executionId="2b200922-70a7-444d-8f7e-b3a9fa4f5f10" testListId="8c84fa94-04c1-424b-9868-57a2d4851a1d" />
    <TestEntry testId="19a4bf93-c477-d846-0fa9-00afd8c2896e" executionId="9474e6ca-01f1-4600-a485-c5d23c92eeb0" testListId="8c84fa94-04c1-424b-9868-57a2d4851a1d" />
    <TestEntry testId="7c2d5a1e-b84e-19f7-79e2-f9f1d2d774cf" executionId="1ae54f5e-1bfa-4eaf-be95-de008a5f33e7" testListId="8c84fa94-04c1-424b-9868-57a2d4851a1d" />
    <TestEntry testId="cea933e8-8278-98f3-8469-fd89f3fedfcc" executionId="4dbdf085-101e-43fe-bea6-1aff2736100c" testListId="8c84fa94-04c1-424b-9868-57a2d4851a1d" />
    <TestEntry testId="f348a7f4-fc7e-6cec-f19d-5016e8d3fcf6" executionId="0d4f18f8-5e3e-4d9e-bf30-bf4ccc37138e" testListId="8c84fa94-04c1-424b-9868-57a2d4851a1d" />
    <TestEntry testId="f7a29ee0-f301-5418-13a4-8cb1bec4cde5" executionId="5dfc03f5-e02b-4a83-ae0b-ec599576bf5f" testListId="8c84fa94-04c1-424b-9868-57a2d4851a1d" />
    <TestEntry testId="c4b8dbe3-f9a8-ab98-9711-f7beeb81e059" executionId="fa6f9f16-fe4f-45d2-9ec0-bb9136991ae9" testListId="8c84fa94-04c1-424b-9868-57a2d4851a1d" />
    <TestEntry testId="140ff59c-147f-8724-4571-e2a1bc29430b" executionId="fac31e9a-72d0-42ad-b020-6480f20e8c86" testListId="8c84fa94-04c1-424b-9868-57a2d4851a1d" />
    <TestEntry testId="245bd889-cdc6-9918-3179-0a3655f8cb6a" executionId="b7f851c9-d285-43ae-9494-855ee3e01e1a" testListId="8c84fa94-04c1-424b-9868-57a2d4851a1d" />
    <TestEntry testId="b5d91ad9-ee01-a9d1-c434-c192de80a670" executionId="579f1590-48dc-4c52-b18d-53cef70da17f" testListId="8c84fa94-04c1-424b-9868-57a2d4851a1d" />
    <TestEntry testId="338729fb-3403-ce1f-5b9b-660adc3de771" executionId="13283761-c0df-47b2-8bf0-c48d06da1ee9" testListId="8c84fa94-04c1-424b-9868-57a2d4851a1d" />
    <TestEntry testId="7c1010de-4833-3fc3-afe4-d440303584a6" executionId="7624e91d-5d69-46b0-ab8b-ee2d37de3685" testListId="8c84fa94-04c1-424b-9868-57a2d4851a1d" />
    <TestEntry testId="eaba9726-e69e-6ea2-82fd-2538bcd57993" executionId="1b672356-368b-46a0-90ba-590b39faa220" testListId="8c84fa94-04c1-424b-9868-57a2d4851a1d" />
    <TestEntry testId="2977cb95-ca60-8722-8c7e-d467aeb80fe6" executionId="31b4abf5-2034-46e4-9020-7632ffeb8482" testListId="8c84fa94-04c1-424b-9868-57a2d4851a1d" />
    <TestEntry testId="182eb037-b675-4f27-123a-b25fc9760c5b" executionId="f9bf1534-fb7a-4ac0-99b6-86427367e646" testListId="8c84fa94-04c1-424b-9868-57a2d4851a1d" />
    <TestEntry testId="2ba0bdac-9fdc-68ea-b3e0-afd6569b1f00" executionId="a0646efd-6ddb-45b4-a97c-e184b607c2fb" testListId="8c84fa94-04c1-424b-9868-57a2d4851a1d" />
    <TestEntry testId="7a26bc1d-d093-780f-f6a9-bf5c6e68be2e" executionId="75ce2535-a074-4302-9226-8a1f49f08cf8" testListId="8c84fa94-04c1-424b-9868-57a2d4851a1d" />
    <TestEntry testId="5597c787-2446-7087-79f0-c2d65ae545bb" executionId="6d453b49-cbde-4578-a29f-761aa4ba82da" testListId="8c84fa94-04c1-424b-9868-57a2d4851a1d" />
    <TestEntry testId="38647561-d2f7-0e32-f7c1-6ec3f28977d9" executionId="58f5fb3f-4518-4898-8a3b-28cf303ececf" testListId="8c84fa94-04c1-424b-9868-57a2d4851a1d" />
    <TestEntry testId="d47c2b4c-ce25-fbb4-f0c2-9be9731080fc" executionId="61fac499-63a7-4e25-97e3-8de68be0d142" testListId="8c84fa94-04c1-424b-9868-57a2d4851a1d" />
    <TestEntry testId="5326995c-341e-0b2b-fd10-8bafb03753e3" executionId="6c69a3c6-48e1-4d56-8031-7fc384af630c" testListId="8c84fa94-04c1-424b-9868-57a2d4851a1d" />
    <TestEntry testId="0b48e883-a76d-93be-b63e-7712e5117f0b" executionId="d1cdb14d-14be-4c19-b65a-186b335c4fbc" testListId="8c84fa94-04c1-424b-9868-57a2d4851a1d" />
    <TestEntry testId="b87e2d2a-c65a-f311-aa8d-2bf5fae71ef6" executionId="c91fa20f-6376-428e-9f70-f1f7cfe4da3c" testListId="8c84fa94-04c1-424b-9868-57a2d4851a1d" />
    <TestEntry testId="6f52a389-44c3-07dc-9d68-9cf26d82cd5d" executionId="209d3b33-107e-40ee-a912-009b7b9646c8" testListId="8c84fa94-04c1-424b-9868-57a2d4851a1d" />
    <TestEntry testId="a15a2410-b2b0-d20b-ab3e-8deb5a3ee4dc" executionId="a4c0cd3a-fd0c-43f8-b308-6a1988f63768" testListId="8c84fa94-04c1-424b-9868-57a2d4851a1d" />
    <TestEntry testId="9953c2c6-ae9c-dc0d-1cf7-4b1aab71c4ce" executionId="0802df03-74b6-4b18-b060-695ff10aa45b" testListId="8c84fa94-04c1-424b-9868-57a2d4851a1d" />
    <TestEntry testId="60658ef9-979e-6f0d-99fc-43bf4d72fecc" executionId="fbcdc6da-1f10-4920-81d0-5539a33c007c" testListId="8c84fa94-04c1-424b-9868-57a2d4851a1d" />
    <TestEntry testId="4ce42f0b-93d3-a235-75f5-bc62b88f5790" executionId="c7b61b86-6913-400b-b6c4-39654106f126" testListId="8c84fa94-04c1-424b-9868-57a2d4851a1d" />
    <TestEntry testId="fdd5bdc6-98d6-2d71-138a-592ab286afcb" executionId="7a54e80a-27b9-4d71-ae04-51139d583e54" testListId="8c84fa94-04c1-424b-9868-57a2d4851a1d" />
    <TestEntry testId="36650d6b-8533-2414-5bc7-20f39965af37" executionId="071f839d-d284-42ea-9d1b-2ea06c0d8785" testListId="8c84fa94-04c1-424b-9868-57a2d4851a1d" />
    <TestEntry testId="9827102c-5eb9-5992-dbd9-ebf3298ada24" executionId="c55b883b-e2be-4aaf-9eb4-c31f330d2ef4" testListId="8c84fa94-04c1-424b-9868-57a2d4851a1d" />
    <TestEntry testId="02900856-d84a-e09c-12da-7bcad35fc692" executionId="ce29e9dd-d33a-4343-a0b8-a033b5ac3d58" testListId="8c84fa94-04c1-424b-9868-57a2d4851a1d" />
    <TestEntry testId="5014d438-7e55-4157-6018-c043077e0ec9" executionId="74c3945b-1e78-46e5-9e04-442fab0ce800" testListId="8c84fa94-04c1-424b-9868-57a2d4851a1d" />
    <TestEntry testId="9510d7bf-2a6a-bee5-3337-0dad417fc089" executionId="63cc6759-4b29-4af1-a92f-442931e9f101" testListId="8c84fa94-04c1-424b-9868-57a2d4851a1d" />
    <TestEntry testId="596cc738-271a-1e60-0660-0e3e4ce2a39b" executionId="9b3af3e1-16df-4a27-ba6d-b2f9a52e884c" testListId="8c84fa94-04c1-424b-9868-57a2d4851a1d" />
    <TestEntry testId="65c0ee78-e7fb-db58-59f1-a91ce9ad78df" executionId="fb9dc35a-8dc8-4d8a-b4be-7c280e778246" testListId="8c84fa94-04c1-424b-9868-57a2d4851a1d" />
    <TestEntry testId="ed9f9419-8dcc-2afd-e449-92277bd3c4bd" executionId="d0de66dd-56e3-4757-a0a1-13905beb97e9" testListId="8c84fa94-04c1-424b-9868-57a2d4851a1d" />
    <TestEntry testId="7fa5b4e8-898b-c150-089f-dcfc22ea9f04" executionId="2864e6e1-6893-4570-b274-7e57404c6843" testListId="8c84fa94-04c1-424b-9868-57a2d4851a1d" />
    <TestEntry testId="5a7323f1-7c98-6a5b-8c8b-b00b9f1e41ac" executionId="dabdc2dc-b869-4dfb-9286-020bad000676" testListId="8c84fa94-04c1-424b-9868-57a2d4851a1d" />
    <TestEntry testId="1bf24ece-4567-63a3-3bc1-a190f78a84ba" executionId="aff5ad89-8f26-4565-854b-a692c9c799bf" testListId="8c84fa94-04c1-424b-9868-57a2d4851a1d" />
    <TestEntry testId="5ce247c1-d47c-cb5a-dca6-a16b25f2ab38" executionId="9eb92219-3fc8-4a9b-aba4-8b9cad2050a8" testListId="8c84fa94-04c1-424b-9868-57a2d4851a1d" />
    <TestEntry testId="40536cc7-41c9-70fd-1181-fc018f26a09b" executionId="54e8864f-9d61-4043-bfd0-23e9de874762" testListId="8c84fa94-04c1-424b-9868-57a2d4851a1d" />
    <TestEntry testId="f8f9cf24-6cfa-4502-065e-0ba8aae1c31e" executionId="e2d5ca67-c8b2-412b-872c-d7db1a624c18" testListId="8c84fa94-04c1-424b-9868-57a2d4851a1d" />
    <TestEntry testId="d924d4ad-0894-2caf-db54-cb30a237045e" executionId="3a56fb3b-73be-4416-88f6-2666331b32c2" testListId="8c84fa94-04c1-424b-9868-57a2d4851a1d" />
    <TestEntry testId="ab28c35a-0f96-5aa1-8e83-9303719f7f77" executionId="801be550-860a-465b-8fa8-9eda289316f1" testListId="8c84fa94-04c1-424b-9868-57a2d4851a1d" />
    <TestEntry testId="9f0258c5-4743-95c0-6600-685ce81d9021" executionId="0e8e64d2-bd05-48e2-98e2-65fb6d7566a6" testListId="8c84fa94-04c1-424b-9868-57a2d4851a1d" />
    <TestEntry testId="c10d0a75-5638-b66e-d43f-1cb1054052be" executionId="1161a816-7a9d-41ea-a899-d6d1f2f87897" testListId="8c84fa94-04c1-424b-9868-57a2d4851a1d" />
    <TestEntry testId="a1d51c4e-2038-4230-41a3-854a6c970f9c" executionId="5ed7f740-a4f6-4b59-8f62-a318dd0e126b" testListId="8c84fa94-04c1-424b-9868-57a2d4851a1d" />
    <TestEntry testId="44ac6d95-085c-1982-5799-5219ace82424" executionId="1bc08cb1-65a9-4cef-abda-a9a53867206b" testListId="8c84fa94-04c1-424b-9868-57a2d4851a1d" />
    <TestEntry testId="61fbd559-84fc-6387-9572-60c6df01ac57" executionId="aae51377-db8e-4927-b74a-cb4c15e495c1" testListId="8c84fa94-04c1-424b-9868-57a2d4851a1d" />
    <TestEntry testId="7b7e9672-ab2c-88be-d0eb-16550620ec6a" executionId="6e024f5b-c040-4ee1-bad8-282319a433ec" testListId="8c84fa94-04c1-424b-9868-57a2d4851a1d" />
    <TestEntry testId="dd698d9b-23dc-26ae-82a4-fd6b5cafbef5" executionId="0a0720ee-4478-4a57-8109-f8530ba54246" testListId="8c84fa94-04c1-424b-9868-57a2d4851a1d" />
    <TestEntry testId="03a0b911-7dd7-ebe5-3cb9-90598e92c891" executionId="fa412fa5-fdd2-47c9-bca8-6e35fd101257" testListId="8c84fa94-04c1-424b-9868-57a2d4851a1d" />
    <TestEntry testId="e8cb8ddf-d50d-9296-cb6a-59807ea09535" executionId="929e915c-aeac-435d-a2f0-ed9d2267f68e" testListId="8c84fa94-04c1-424b-9868-57a2d4851a1d" />
    <TestEntry testId="fa1a4f82-15f6-bbd0-3913-71245a347ea2" executionId="67a04541-7bed-4aac-a607-3eb83a4f05e6" testListId="8c84fa94-04c1-424b-9868-57a2d4851a1d" />
    <TestEntry testId="f2609ecc-d64c-1bce-19c8-80b09d55f8cb" executionId="a4d52e26-fa48-4139-afc8-dbb535040563" testListId="8c84fa94-04c1-424b-9868-57a2d4851a1d" />
    <TestEntry testId="d5e201c1-d564-2b7f-3bd2-3446b8ee37c3" executionId="96e47186-d0ec-47ae-95fb-e1dfb7f9918d" testListId="8c84fa94-04c1-424b-9868-57a2d4851a1d" />
    <TestEntry testId="2c204a04-b65f-2dec-b0a3-c66c234edc9a" executionId="fa4ffc06-442e-4a7d-b620-bd1b9c46943d" testListId="8c84fa94-04c1-424b-9868-57a2d4851a1d" />
    <TestEntry testId="839a6674-172a-ce3f-1fbc-892c5aa7d902" executionId="607ef5b7-9cf4-40b2-8963-ffa26529fff4" testListId="8c84fa94-04c1-424b-9868-57a2d4851a1d" />
    <TestEntry testId="2256d184-812b-c30a-b4b0-0b9cbab88967" executionId="49158652-dac1-46b5-8e5f-3dad1c1ccc1d" testListId="8c84fa94-04c1-424b-9868-57a2d4851a1d" />
    <TestEntry testId="bcec056d-c20b-a719-3ce7-e2a376b6652f" executionId="bf50cf50-57d3-4a7d-8a19-441e4281ccd7" testListId="8c84fa94-04c1-424b-9868-57a2d4851a1d" />
    <TestEntry testId="93e8fd61-d923-c349-4fea-96e900b578a6" executionId="c0af1af5-aabd-443a-8b62-0bdf98daad8c" testListId="8c84fa94-04c1-424b-9868-57a2d4851a1d" />
    <TestEntry testId="83f38cf2-2ac6-c6f2-282e-91c6ddeebb6e" executionId="5a1a296a-bd01-45bd-bec6-93bee8b61e35" testListId="8c84fa94-04c1-424b-9868-57a2d4851a1d" />
    <TestEntry testId="953be2d4-c9c2-4e92-0fd0-520d3bdc1c6f" executionId="eb636a36-aef5-4b07-8b40-e77522bfeaec" testListId="8c84fa94-04c1-424b-9868-57a2d4851a1d" />
    <TestEntry testId="23880dec-2071-d755-ac07-32900b863650" executionId="2abdd738-4482-4567-981d-8d26ffca1445" testListId="8c84fa94-04c1-424b-9868-57a2d4851a1d" />
    <TestEntry testId="5ecac2e7-a0e9-90db-cd35-5d3556cdfa43" executionId="1a6d430e-9e61-4c14-ba4d-52e72976241e" testListId="8c84fa94-04c1-424b-9868-57a2d4851a1d" />
    <TestEntry testId="63c7eff1-8223-2cad-e06e-6dd72e6d35d4" executionId="9ea849e5-7a4d-4f55-809e-62f564ad58a3" testListId="8c84fa94-04c1-424b-9868-57a2d4851a1d" />
    <TestEntry testId="34d2a1eb-7621-dc2e-2c24-c9e4ea600d6b" executionId="25eac49e-5118-4faa-885a-9b45804a88e8" testListId="8c84fa94-04c1-424b-9868-57a2d4851a1d" />
    <TestEntry testId="47c30969-d61e-dbf1-9a74-24c747c41c06" executionId="ed51218c-3779-4c72-a2c2-5995063f502e" testListId="8c84fa94-04c1-424b-9868-57a2d4851a1d" />
    <TestEntry testId="6fc74583-e4d8-6709-22ad-31d989de3821" executionId="27970360-d24d-419b-9c48-85a0b9672e59" testListId="8c84fa94-04c1-424b-9868-57a2d4851a1d" />
    <TestEntry testId="bc2347ef-0cfd-a7e5-eee1-46b020591eb0" executionId="f9c11924-652a-410e-ac8c-9b8eb037a296" testListId="8c84fa94-04c1-424b-9868-57a2d4851a1d" />
    <TestEntry testId="9284ffe5-008c-2c78-7000-3f8b626047f1" executionId="1b5ad1aa-eb5d-48e6-bc61-ffc2e4c8580a" testListId="8c84fa94-04c1-424b-9868-57a2d4851a1d" />
    <TestEntry testId="aefc2592-b1c8-7b09-f820-a22ef2a1536a" executionId="9bf988c8-fac5-4de7-a64d-dba0f7422b18" testListId="8c84fa94-04c1-424b-9868-57a2d4851a1d" />
    <TestEntry testId="8ddd1173-5362-f341-4435-fe4903093ce8" executionId="70b633ab-437a-433a-975f-867245f5b724" testListId="8c84fa94-04c1-424b-9868-57a2d4851a1d" />
    <TestEntry testId="47abc064-bd4b-7600-98cd-9579087e65c3" executionId="ad0ed0d5-af54-4d6e-bdbb-0560727c74c8" testListId="8c84fa94-04c1-424b-9868-57a2d4851a1d" />
    <TestEntry testId="5504a173-57f9-d093-a416-9787aa80ef03" executionId="e0ce2b2f-10ab-41fe-a880-e4549ee72fc7" testListId="8c84fa94-04c1-424b-9868-57a2d4851a1d" />
    <TestEntry testId="68af451d-d0a8-d9cd-5e84-773e9b699c27" executionId="e2ff9aaa-6fd1-4daa-b863-9fa62fd2d028" testListId="8c84fa94-04c1-424b-9868-57a2d4851a1d" />
    <TestEntry testId="88f98847-e264-540c-7ef3-8a998eaae799" executionId="caaad213-dc19-40bb-bc7a-76a52aeae97a" testListId="8c84fa94-04c1-424b-9868-57a2d4851a1d" />
    <TestEntry testId="8f9d49c6-3bc8-fc50-5189-0ade56200caf" executionId="37f3a714-a90a-4776-96fa-8c04b42f94d0" testListId="8c84fa94-04c1-424b-9868-57a2d4851a1d" />
    <TestEntry testId="9febc2cf-374a-da71-e1c2-f5d88702790d" executionId="e0fc99e5-7299-47e9-8c63-8d116483dc07" testListId="8c84fa94-04c1-424b-9868-57a2d4851a1d" />
    <TestEntry testId="44bf7e9e-b8ad-dede-ffec-8b490d74891d" executionId="81cd6898-af4f-4469-84ea-c645c394df54" testListId="8c84fa94-04c1-424b-9868-57a2d4851a1d" />
    <TestEntry testId="5a51127b-c385-6b20-84b7-e052e7544c1f" executionId="c9bf2cd3-9068-4a03-a611-50629c427cef" testListId="8c84fa94-04c1-424b-9868-57a2d4851a1d" />
    <TestEntry testId="9ab9fec9-cbfe-568c-738f-bb37ffc2a5a7" executionId="348f6f5c-ade3-4310-aa5b-10bc1a5f9946" testListId="8c84fa94-04c1-424b-9868-57a2d4851a1d" />
    <TestEntry testId="c7cceb1d-ef98-e54e-d2b9-06bda31a4f04" executionId="94b61fa2-236c-404f-9dfa-7628d72aa6bf" testListId="8c84fa94-04c1-424b-9868-57a2d4851a1d" />
    <TestEntry testId="a755a03d-c9ff-ae45-c284-916c2ea1e2d3" executionId="2cb94736-f5d8-4eff-ab67-66cd082cfb7d" testListId="8c84fa94-04c1-424b-9868-57a2d4851a1d" />
    <TestEntry testId="05e84ba6-8ab9-da5a-0614-056075a388cd" executionId="e8caa676-c672-4d35-a208-4d37210dae03" testListId="8c84fa94-04c1-424b-9868-57a2d4851a1d" />
    <TestEntry testId="ab0e8f4f-4b20-b498-95db-7c80906ffae7" executionId="b14499ba-3f5e-4bb9-b428-0960d6fddb80" testListId="8c84fa94-04c1-424b-9868-57a2d4851a1d" />
    <TestEntry testId="229d66c3-b7c0-c609-ba48-faec20050c10" executionId="85490c85-61a9-4e35-a011-6dff631f4138" testListId="8c84fa94-04c1-424b-9868-57a2d4851a1d" />
    <TestEntry testId="67bc7691-4a4b-0120-0999-344275d5d514" executionId="01a45395-4a58-4d9c-9cb3-e4e80ca12989" testListId="8c84fa94-04c1-424b-9868-57a2d4851a1d" />
    <TestEntry testId="d93fc25d-e544-035d-a6a1-2dd9e6c99f39" executionId="eb679db5-6671-4497-9efd-3cb65ec42c39" testListId="8c84fa94-04c1-424b-9868-57a2d4851a1d" />
    <TestEntry testId="f5155119-ed14-c066-78ff-1b166bf9892c" executionId="f6fa01ac-8a0f-421f-9b43-34f9fa861009" testListId="8c84fa94-04c1-424b-9868-57a2d4851a1d" />
    <TestEntry testId="2b2d73dc-a10d-19f2-d365-f4cec9e4a62f" executionId="baab0aee-f31e-4819-bfc6-522fe703d6a0" testListId="8c84fa94-04c1-424b-9868-57a2d4851a1d" />
    <TestEntry testId="4c1d75f1-0ad8-74e8-5c78-3658fc55c9e2" executionId="595453c2-bd58-4e56-a071-18de29778667" testListId="8c84fa94-04c1-424b-9868-57a2d4851a1d" />
    <TestEntry testId="d9c7775b-9e85-be79-70cd-ee0b6404ad83" executionId="eac5bd12-6d72-44c1-978d-918fae483ecf" testListId="8c84fa94-04c1-424b-9868-57a2d4851a1d" />
    <TestEntry testId="66a5b7b8-89af-1680-9416-9bfe1435f028" executionId="f134b5f7-ff59-4351-bed3-f1be0efe641d" testListId="8c84fa94-04c1-424b-9868-57a2d4851a1d" />
    <TestEntry testId="5f97839d-f497-8885-e197-3076690f5de9" executionId="e5e25267-1c91-4602-ab18-692c56059d1c" testListId="8c84fa94-04c1-424b-9868-57a2d4851a1d" />
    <TestEntry testId="9c55c09f-d985-ab5d-b740-8ccaa6febe9a" executionId="a2af2dde-e506-4187-ab15-352db7ac0bee" testListId="8c84fa94-04c1-424b-9868-57a2d4851a1d" />
    <TestEntry testId="9fb157fc-51b6-1c28-b9de-457ab1fc0c9f" executionId="bbc611a3-d77f-431a-8e05-0424fbe1f3ef" testListId="8c84fa94-04c1-424b-9868-57a2d4851a1d" />
  </TestEntries>
  <TestLists>
    <TestList name="Results Not in a List" id="8c84fa94-04c1-424b-9868-57a2d4851a1d" />
    <TestList name="All Loaded Results" id="19431567-8539-422a-85d7-44ee4e166bda" />
  </TestLists>
  <ResultSummary outcome="Completed">
    <Counters total="109" executed="109" passed="109" failed="0" error="0" timeout="0" aborted="0" inconclusive="0" passedButRunAborted="0" notRunnable="0" notExecuted="0" disconnected="0" warning="0" completed="0" inProgress="0" pending="0" />
  </ResultSummary>
</TestRun>