<?xml version="1.0" encoding="utf-8"?>
<TestRun id="bdae91ad-b48f-4318-a9eb-3e7127575ddf" name="Jakub@DESKTOP-I52018A 2026-09-06 18:46:04" runUser="DESKTOP-I52018A\Jakub" xmlns="http://microsoft.com/schemas/VisualStudio/TeamTest/2010">
  <Times creation="2026-09-06T18:46:04.9081721+02:00" queuing="2026-09-06T18:46:04.9081726+02:00" start="2026-09-06T18:46:04.0821918+02:00" finish="2026-09-06T18:49:26.4176203+02:00" />
  <TestSettings name="default" id="95c2a544-ff21-444f-82c6-9805cf65a0c5">
    <Deployment runDeploymentRoot="Jakub_DESKTOP-I52018A_2026-09-06_18_46_04" />
  </TestSettings>
  <Results>
    <UnitTestResult executionId="c505cd01-0728-4328-9dde-058ac28a1214" testId="f299f5ca-e0fd-47f5-ed73-77c6a2d3226a" testName="WhenDataFlowCapturedVarsQueried_ShouldContainCapturedVar" computerName="DESKTOP-I52018A" duration="00:00:00.8571144" startTime="2026-09-06T18:49:15.3335836+02:00" endTime="2026-09-06T18:49:16.1907679+02:00" testType="13cdc9d9-ddb5-4fa4-a97d-d965ccfc6d4b" outcome="Passed" testListId="8c84fa94-04c1-424b-9868-57a2d4851a1d" relativeResultsDirectory="c505cd01-0728-4328-9dde-058ac28a1214" />
    <UnitTestResult executionId="bc26acc0-c4cc-44ed-bc15-de1ce78f1552" testId="733c6ca1-a761-0527-c1dc-e69689604e86" testName="DescSchema_ShouldHaveConsistentColumnTypes" computerName="DESKTOP-I52018A" duration="00:00:00.0295112" startTime="2026-09-06T18:46:06.3128732+02:00" endTime="2026-09-06T18:46:06.3424896+02:00" testType="13cdc9d9-ddb5-4fa4-a97d-d965ccfc6d4b" outcome="Passed" testListId="8c84fa94-04c1-424b-9868-57a2d4851a1d" relativeResultsDirectory="bc26acc0-c4cc-44ed-bc15-de1ce78f1552" />
    <UnitTestResult executionId="0fc71180-cb6e-4d23-b836-dbea66f5dcd9" testId="c57296fc-8217-4ead-c234-f2305bb7a67d" testName="MalformedRange_MissingComma_ShouldThrowException" computerName="DESKTOP-I52018A" duration="00:00:00.0001166" startTime="2026-09-06T18:49:26.2670622+02:00" endTime="2026-09-06T18:49:26.2671949+02:00" testType="13cdc9d9-ddb5-4fa4-a97d-d965ccfc6d4b" outcome="Passed" testListId="8c84fa94-04c1-424b-9868-57a2d4851a1d" relativeResultsDirectory="0fc71180-cb6e-4d23-b836-dbea66f5dcd9" />
    <UnitTestResult executionId="f883daba-3202-43e9-8109-426845d46fb2" testId="c95ef255-689f-6f89-5681-1435e5b5fb6d" testName="CaseInsensitiveOperators_ReturnCorrectIdentifiers (&quot;MIT and APACHE-2.0&quot;,[&quot;MIT&quot;,&quot;APACHE-2.0&quot;])" computerName="DESKTOP-I52018A" duration="00:00:00.0001065" startTime="2026-09-06T18:49:26.2618249+02:00" endTime="2026-09-06T18:49:26.2619684+02:00" testType="13cdc9d9-ddb5-4fa4-a97d-d965ccfc6d4b" outcome="Passed" testListId="8c84fa94-04c1-424b-9868-57a2d4851a1d" relativeResultsDirectory="f883daba-3202-43e9-8109-426845d46fb2" />
    <UnitTestResult executionId="83b68578-b689-4b65-9592-68c3b043b441" testId="8fc27d68-64e2-f961-1fcb-2fad3711d9bd" testName="GetMetadataFromPathAsync_WhenNuspecFileDoesNotExist_ReturnsNull" computerName="DESKTOP-I52018A" duration="00:00:00.0003752" startTime="2026-09-06T18:46:20.5985323+02:00" endTime="2026-09-06T18:46:20.5989468+02:00" testType="13cdc9d9-ddb5-4fa4-a97d-d965ccfc6d4b" outcome="Passed" testListId="8c84fa94-04c1-424b-9868-57a2d4851a1d" relativeResultsDirectory="83b68578-b689-4b65-9592-68c3b043b441" />
    <UnitTestResult executionId="7b3dade1-f0e7-4da9-9ef2-422416430dca" testId="a0ec866e-a003-756a-d205-7cb6ce755c40" testName="WhenEnumMembersQueried_ShouldReturnNameAndValue" computerName="DESKTOP-I52018A" duration="00:00:00.8344170" startTime="2026-09-06T18:49:03.7130966+02:00" endTime="2026-09-06T18:49:04.5476507+02:00" testType="13cdc9d9-ddb5-4fa4-a97d-d965ccfc6d4b" outcome="Passed" testListId="8c84fa94-04c1-424b-9868-57a2d4851a1d" relativeResultsDirectory="7b3dade1-f0e7-4da9-9ef2-422416430dca" />
    <UnitTestResult executionId="e0268d93-2037-4c9b-9def-07bc17285b00" testId="2ab34dad-66a6-fa72-1529-875be5a0f7f6" testName="WhenGetStructsByNames_ShouldReturnStructs" computerName="DESKTOP-I52018A" duration="00:00:00.8025370" startTime="2026-09-06T18:47:14.8924627+02:00" endTime="2026-09-06T18:47:15.6950673+02:00" testType="13cdc9d9-ddb5-4fa4-a97d-d965ccfc6d4b" outcome="Passed" testListId="8c84fa94-04c1-424b-9868-57a2d4851a1d" relativeResultsDirectory="e0268d93-2037-4c9b-9def-07bc17285b00" />
    <UnitTestResult executionId="c645b562-4f69-4d8a-8640-f678ff8b053a" testId="50f13686-63a7-3292-7918-8b4026a044a6" testName="WhenInterfaceMethodQueried_ShouldHaveNoBody" computerName="DESKTOP-I52018A" duration="00:00:00.8170607" startTime="2026-09-06T18:47:05.7699621+02:00" endTime="2026-09-06T18:47:06.5871430+02:00" testType="13cdc9d9-ddb5-4fa4-a97d-d965ccfc6d4b" outcome="Passed" testListId="8c84fa94-04c1-424b-9868-57a2d4851a1d" relativeResultsDirectory="c645b562-4f69-4d8a-8640-f678ff8b053a" />
    <UnitTestResult executionId="66b713e7-4989-4f80-8037-1494c463bf62" testId="85a0303f-344e-8647-683b-619d32aa8184" testName="WhenClassIsRecord_ShouldReturnTrue" computerName="DESKTOP-I52018A" duration="00:00:00.8013714" startTime="2026-09-06T18:48:47.2285220+02:00" endTime="2026-09-06T18:48:48.0299627+02:00" testType="13cdc9d9-ddb5-4fa4-a97d-d965ccfc6d4b" outcome="Passed" testListId="8c84fa94-04c1-424b-9868-57a2d4851a1d" relativeResultsDirectory="66b713e7-4989-4f80-8037-1494c463bf62" />
    <UnitTestResult executionId="4a6439e6-a16b-4f11-b976-ac98f6f96dd4" testId="dd2a5593-cd95-bd42-50b7-e2ad887e40e1" testName="GetMetadataAsync_WithBooleanProperty_ShouldParseCorrectly" computerName="DESKTOP-I52018A" duration="00:00:00.0027992" startTime="2026-09-06T18:46:20.6346397+02:00" endTime="2026-09-06T18:46:20.6374987+02:00" testType="13cdc9d9-ddb5-4fa4-a97d-d965ccfc6d4b" outcome="Passed" testListId="8c84fa94-04c1-424b-9868-57a2d4851a1d" relativeResultsDirectory="4a6439e6-a16b-4f11-b976-ac98f6f96dd4" />
    <UnitTestResult executionId="e4f313b1-059f-484a-9a32-e73eff0d384b" testId="11822bd4-4780-0df9-ac3e-7c7bf880fa86" testName="GetMetadataFromCustomApiAsync_WhenApiReturnsError_ReturnsNull" computerName="DESKTOP-I52018A" duration="00:00:00.0005429" startTime="2026-09-06T18:46:20.6037262+02:00" endTime="2026-09-06T18:46:20.6043280+02:00" testType="13cdc9d9-ddb5-4fa4-a97d-d965ccfc6d4b" outcome="Passed" testListId="8c84fa94-04c1-424b-9868-57a2d4851a1d" relativeResultsDirectory="e4f313b1-059f-484a-9a32-e73eff0d384b" />
    <UnitTestResult executionId="4acf78fb-a2e8-4910-b64b-40309730d8b4" testId="cedf3fb6-c36d-67cd-eb11-1c63814dc505" testName="CaseInsensitiveOperators_ReturnCorrectIdentifiers (&quot;MIT Or Apache-2.0&quot;,[&quot;MIT&quot;,&quot;Apache-2.0&quot;])" computerName="DESKTOP-I52018A" duration="00:00:00.0000030" startTime="2026-09-06T18:49:26.2619737+02:00" endTime="2026-09-06T18:49:26.2619997+02:00" testType="13cdc9d9-ddb5-4fa4-a97d-d965ccfc6d4b" outcome="Passed" testListId="8c84fa94-04c1-424b-9868-57a2d4851a1d" relativeResultsDirectory="4acf78fb-a2e8-4910-b64b-40309730d8b4" />
    <UnitTestResult executionId="f6660dfa-1294-4d32-aaf0-905351c60816" testId="bea77676-a3d4-aade-5c78-43dd7b02af78" testName="WhenReferencedTypesFiltered_OnlyInterfacesShouldBeReturned" computerName="DESKTOP-I52018A" duration="00:00:00.8653075" startTime="2026-09-06T18:47:48.0767812+02:00" endTime="2026-09-06T18:47:48.9421552+02:00" testType="13cdc9d9-ddb5-4fa4-a97d-d965ccfc6d4b" outcome="Passed" testListId="8c84fa94-04c1-424b-9868-57a2d4851a1d" relativeResultsDirectory="f6660dfa-1294-4d32-aaf0-905351c60816" />
    <UnitTestResult executionId="ebd175a0-fa8f-4c74-94f5-6fd614ad946a" testId="fb13703e-4900-18ab-bf4b-9dbb9763b2c4" testName="WhenMethodIsUsedQueried_ShouldReturnCorrectValues" computerName="DESKTOP-I52018A" duration="00:00:00.9409319" startTime="2026-09-06T18:47:24.9952219+02:00" endTime="2026-09-06T18:47:25.9362206+02:00" testType="13cdc9d9-ddb5-4fa4-a97d-d965ccfc6d4b" outcome="Passed" testListId="8c84fa94-04c1-424b-9868-57a2d4851a1d" relativeResultsDirectory="ebd175a0-fa8f-4c74-94f5-6fd614ad946a" />
    <UnitTestResult executionId="0b183a76-0591-4f28-8479-e09c07bab4e8" testId="c6855416-6424-1f2a-3954-d5de3c87e981" testName="LargerVersionNumbers_ShouldCompareCorrectly" computerName="DESKTOP-I52018A" duration="00:00:00.0000409" startTime="2026-09-06T18:49:26.2708261+02:00" endTime="2026-09-06T18:49:26.2708766+02:00" testType="13cdc9d9-ddb5-4fa4-a97d-d965ccfc6d4b" outcome="Passed" testListId="8c84fa94-04c1-424b-9868-57a2d4851a1d" relativeResultsDirectory="0b183a76-0591-4f28-8479-e09c07bab4e8" />
    <UnitTestResult executionId="31935e1b-af50-458c-b021-000f49c68f7e" testId="da3d4e4f-f4ff-0817-50b7-882a18d35264" testName="GetOrAddAsync_WithCancellation_CancelsOperation" computerName="DESKTOP-I52018A" duration="00:00:00.0008280" startTime="2026-09-06T18:49:26.2488907+02:00" endTime="2026-09-06T18:49:26.2497664+02:00" testType="13cdc9d9-ddb5-4fa4-a97d-d965ccfc6d4b" outcome="Passed" testListId="8c84fa94-04c1-424b-9868-57a2d4851a1d" relativeResultsDirectory="31935e1b-af50-458c-b021-000f49c68f7e" />
    <UnitTestResult executionId="65362f26-7b8f-4634-abc8-e02f82a9d8a0" testId="aa806919-8045-5fe2-06c5-d7d105eb02df" testName="SpecialCharactersInVersionRange_ShouldHandleGracefully" computerName="DESKTOP-I52018A" duration="00:00:00.0000959" startTime="2026-09-06T18:49:26.2692797+02:00" endTime="2026-09-06T18:49:26.2693867+02:00" testType="13cdc9d9-ddb5-4fa4-a97d-d965ccfc6d4b" outcome="Passed" testListId="8c84fa94-04c1-424b-9868-57a2d4851a1d" relativeResultsDirectory="65362f26-7b8f-4634-abc8-e02f82a9d8a0" />
    <UnitTestResult executionId="ae92d07f-f3eb-4fb0-9184-5edf059778cf" testId="374dabba-96c2-b330-dfa3-dd6d9903c15f" testName="WhenAsyncMethodPropertiesQueried_ShouldReturnCorrectValues" computerName="DESKTOP-I52018A" duration="00:00:00.8497695" startTime="2026-09-06T18:47:09.0328991+02:00" endTime="2026-09-06T18:47:09.8827392+02:00" testType="13cdc9d9-ddb5-4fa4-a97d-d965ccfc6d4b" outcome="Passed" testListId="8c84fa94-04c1-424b-9868-57a2d4851a1d" relativeResultsDirectory="ae92d07f-f3eb-4fb0-9184-5edf059778cf" />
    <UnitTestResult executionId="a12639a2-0121-4617-a2a2-51a826ce340a" testId="eff1fe3d-1a56-bbdb-7b23-84a6dca1f57d" testName="WhenMethodHasNoTypeReferences_ReferencedTypesCrossApplyShouldYieldNoRows" computerName="DESKTOP-I52018A" duration="00:00:00.8999619" startTime="2026-09-06T18:48:08.4355484+02:00" endTime="2026-09-06T18:48:09.3355769+02:00" testType="13cdc9d9-ddb5-4fa4-a97d-d965ccfc6d4b" outcome="Passed" testListId="8c84fa94-04c1-424b-9868-57a2d4851a1d" relativeResultsDirectory="a12639a2-0121-4617-a2a2-51a826ce340a" />
    <UnitTestResult executionId="907674d2-55e8-43b1-984d-0c6f1608bbaf" testId="ba1c93b4-7e4d-4c50-b620-5b47c60eb2bf" testName="WhenMethodFullReturnTypeQueried_VoidShouldBeVoid" computerName="DESKTOP-I52018A" duration="00:00:00.8198733" startTime="2026-09-06T18:48:32.0866624+02:00" endTime="2026-09-06T18:48:32.9066152+02:00" testType="13cdc9d9-ddb5-4fa4-a97d-d965ccfc6d4b" outcome="Passed" testListId="8c84fa94-04c1-424b-9868-57a2d4851a1d" relativeResultsDirectory="907674d2-55e8-43b1-984d-0c6f1608bbaf" />
    <UnitTestResult executionId="ca2cb66f-d9d9-43c3-9a15-e9788c7ceef4" testId="c6331cff-dbd1-05eb-648d-6f69e0da1924" testName="WhenMethodOverridesQueried_ShouldReturnOverriddenMethodInfo" computerName="DESKTOP-I52018A" duration="00:00:00.8029323" startTime="2026-09-06T18:47:28.5087765+02:00" endTime="2026-09-06T18:47:29.3117743+02:00" testType="13cdc9d9-ddb5-4fa4-a97d-d965ccfc6d4b" outcome="Passed" testListId="8c84fa94-04c1-424b-9868-57a2d4851a1d" relativeResultsDirectory="ca2cb66f-d9d9-43c3-9a15-e9788c7ceef4" />
    <UnitTestResult executionId="3d21baf5-a45b-4681-a25b-542fae881d27" testId="49b8ec3d-ea9b-1561-e8e1-35fe5a9d52a9" testName="WhenLinesOfCodeOfSpecificMethodQueried_ShouldPass" computerName="DESKTOP-I52018A" duration="00:00:00.8052288" startTime="2026-09-06T18:46:45.0002793+02:00" endTime="2026-09-06T18:46:45.8056190+02:00" testType="13cdc9d9-ddb5-4fa4-a97d-d965ccfc6d4b" outcome="Passed" testListId="8c84fa94-04c1-424b-9868-57a2d4851a1d" relativeResultsDirectory="3d21baf5-a45b-4681-a25b-542fae881d27" />
    <UnitTestResult executionId="95c47f66-8efc-40d9-ace4-71daacc8b1c2" testId="4a8b5828-ccb6-8271-60f9-9656474bc799" testName="TypeCollectionOverrides_AreCrossApplyAddressable" computerName="DESKTOP-I52018A" duration="00:00:07.9817434" startTime="2026-09-06T18:46:22.5760690+02:00" endTime="2026-09-06T18:46:30.5580180+02:00" testType="13cdc9d9-ddb5-4fa4-a97d-d965ccfc6d4b" outcome="Passed" testListId="8c84fa94-04c1-424b-9868-57a2d4851a1d" relativeResultsDirectory="95c47f66-8efc-40d9-ace4-71daacc8b1c2" />
    <UnitTestResult executionId="82457342-ed19-447f-a930-6082fb62f772" testId="680c0411-008d-deaa-31fb-b793f357a09c" testName="ComplexRangeWithDifferentLengths_ShouldWorkCorrectly" computerName="DESKTOP-I52018A" duration="00:00:00.0002871" startTime="2026-09-06T18:49:26.2659194+02:00" endTime="2026-09-06T18:49:26.2662156+02:00" testType="13cdc9d9-ddb5-4fa4-a97d-d965ccfc6d4b" outcome="Passed" testListId="8c84fa94-04c1-424b-9868-57a2d4851a1d" relativeResultsDirectory="82457342-ed19-447f-a930-6082fb62f772" />
    <UnitTestResult executionId="24522529-e0d5-44f2-a338-84fa85c25e19" testId="ffc302c4-b8e7-a53f-e39a-d475c7e5c29d" testName="WhenLambdaPropertiesQueried_ShouldReturnCorrectValues" computerName="DESKTOP-I52018A" duration="00:00:00.8445064" startTime="2026-09-06T18:47:09.8827655+02:00" endTime="2026-09-06T18:47:10.7273464+02:00" testType="13cdc9d9-ddb5-4fa4-a97d-d965ccfc6d4b" outcome="Passed" testListId="8c84fa94-04c1-424b-9868-57a2d4851a1d" relativeResultsDirectory="24522529-e0d5-44f2-a338-84fa85c25e19" />
    <UnitTestResult executionId="788d76e9-15f5-4451-895c-9bc039047af0" testId="2862f868-fdf9-015a-300e-ba767cde3445" testName="MalformedRange_MissingClosingBracket_ShouldThrowException" computerName="DESKTOP-I52018A" duration="00:00:00.0007642" startTime="2026-09-06T18:49:26.2662212+02:00" endTime="2026-09-06T18:49:26.2670550+02:00" testType="13cdc9d9-ddb5-4fa4-a97d-d965ccfc6d4b" outcome="Passed" testListId="8c84fa94-04c1-424b-9868-57a2d4851a1d" relativeResultsDirectory="788d76e9-15f5-4451-895c-9bc039047af0" />
    <UnitTestResult executionId="7a41f45d-c9b5-4e61-a3c6-935857209f62" testId="c58bf25a-1f57-8a42-398f-8c62b1107037" testName="GetMetadataFromCustomApiAsync_WhenApiReturnsData_ReturnsExpectedValue" computerName="DESKTOP-I52018A" duration="00:00:00.0005323" startTime="2026-09-06T18:46:20.6031356+02:00" endTime="2026-09-06T18:46:20.6037093+02:00" testType="13cdc9d9-ddb5-4fa4-a97d-d965ccfc6d4b" outcome="Passed" testListId="8c84fa94-04c1-424b-9868-57a2d4851a1d" relativeResultsDirectory="7a41f45d-c9b5-4e61-a3c6-935857209f62" />
    <UnitTestResult executionId="c4331d43-d864-48f1-bdc7-1dfa4ba6bbed" testId="cca25953-a637-1f78-0a7c-ab0d62c0a26d" testName="GetMetadataAsync_WhenCancellationRequested_ShouldStopProcessing" computerName="DESKTOP-I52018A" duration="00:00:00.0029432" startTime="2026-09-06T18:46:20.6263733+02:00" endTime="2026-09-06T18:46:20.6294004+02:00" testType="13cdc9d9-ddb5-4fa4-a97d-d965ccfc6d4b" outcome="Passed" testListId="8c84fa94-04c1-424b-9868-57a2d4851a1d" relativeResultsDirectory="c4331d43-d864-48f1-bdc7-1dfa4ba6bbed" />
    <UnitTestResult executionId="07901e57-d72a-496b-98be-170353fbad85" testId="f1832b58-c5cc-51c0-546f-b448b4d8e9a1" testName="WhenInterfaceIsQueried_ShouldHaveMethodsAndPropertiesCounts" computerName="DESKTOP-I52018A" duration="00:00:00.8296810" startTime="2026-09-06T18:49:05.3700608+02:00" endTime="2026-09-06T18:49:06.1998100+02:00" testType="13cdc9d9-ddb5-4fa4-a97d-d965ccfc6d4b" outcome="Passed" testListId="8c84fa94-04c1-424b-9868-57a2d4851a1d" relativeResultsDirectory="07901e57-d72a-496b-98be-170353fbad85" />
    <UnitTestResult executionId="e09840eb-faa8-45e2-95b5-7a6fb3fc22cd" testId="b25ed83b-41d2-7896-0a07-f95ef2bf0ce3" testName="DescSchema_ShouldListAllAvailableMethods" computerName="DESKTOP-I52018A" duration="00:00:01.3059631" startTime="2026-09-06T18:46:04.8824060+02:00" endTime="2026-09-06T18:46:06.1885689+02:00" testType="13cdc9d9-ddb5-4fa4-a97d-d965ccfc6d4b" outcome="Passed" testListId="8c84fa94-04c1-424b-9868-57a2d4851a1d" relativeResultsDirectory="e09840eb-faa8-45e2-95b5-7a6fb3fc22cd" />
    <UnitTestResult executionId="d5bbc01d-440e-4591-9cd5-8f8e8ab53307" testId="e4a27c2c-b3eb-fec8-f3a6-c5a300de3995" testName="WhenUsingDirectivesQueried_ShouldReturnResults" computerName="DESKTOP-I52018A" duration="00:00:00.8137458" startTime="2026-09-06T18:47:11.5665093+02:00" endTime="2026-09-06T18:47:12.3803281+02:00" testType="13cdc9d9-ddb5-4fa4-a97d-d965ccfc6d4b" outcome="Passed" testListId="8c84fa94-04c1-424b-9868-57a2d4851a1d" relativeResultsDirectory="d5bbc01d-440e-4591-9cd5-8f8e8ab53307" />
    <UnitTestResult executionId="71437248-a5a7-4242-b2b5-c333695aa017" testId="e4b7d060-fdf5-fb72-e05a-8c513ec04fa5" testName="WhenConstructorLocalVariableTypesQueried_ShouldDetectExplicitTypes" computerName="DESKTOP-I52018A" duration="00:00:00.8388889" startTime="2026-09-06T18:47:54.9072057+02:00" endTime="2026-09-06T18:47:55.7461714+02:00" testType="13cdc9d9-ddb5-4fa4-a97d-d965ccfc6d4b" outcome="Passed" testListId="8c84fa94-04c1-424b-9868-57a2d4851a1d" relativeResultsDirectory="71437248-a5a7-4242-b2b5-c333695aa017" />
    <UnitTestResult executionId="059b1bcd-e9e6-4a29-bf07-3408e23aeaf2" testId="138d0196-e196-1a63-2320-e8ec3983ef4e" testName="MultipleOrRanges_ShouldCombineCorrectly" computerName="DESKTOP-I52018A" duration="00:00:00.0000583" startTime="2026-09-06T18:49:26.2709375+02:00" endTime="2026-09-06T18:49:26.2710031+02:00" testType="13cdc9d9-ddb5-4fa4-a97d-d965ccfc6d4b" outcome="Passed" testListId="8c84fa94-04c1-424b-9868-57a2d4851a1d" relativeResultsDirectory="059b1bcd-e9e6-4a29-bf07-3408e23aeaf2" />
    <UnitTestResult executionId="72f51aa6-062f-45bb-aabd-70a8fc9e6530" testId="7e4bee66-bd35-5c25-2f0c-a3d5e5955a7d" testName="SpecialCharactersInLicenseIds_ReturnCorrectIdentifiers (&quot;LicenseRef-123.4-ABCD_xyz&quot;,[&quot;LicenseRef-123.4-ABCD_xyz&quot;])" computerName="DESKTOP-I52018A" duration="00:00:00.0002418" startTime="2026-09-06T18:49:26.2629013+02:00" endTime="2026-09-06T18:49:26.2631729+02:00" testType="13cdc9d9-ddb5-4fa4-a97d-d965ccfc6d4b" outcome="Passed" testListId="8c84fa94-04c1-424b-9868-57a2d4851a1d" relativeResultsDirectory="72f51aa6-062f-45bb-aabd-70a8fc9e6530" />
    <UnitTestResult executionId="36fd2cd7-1e75-462b-bb4b-d90f4491817f" testId="48fa2388-4102-6a71-8644-a3c18c43890f" testName="WhenMethodNullableReturnQueried_ShouldReturnCorrectValue" computerName="DESKTOP-I52018A" duration="00:00:00.8162281" startTime="2026-09-06T18:47:31.0196350+02:00" endTime="2026-09-06T18:47:31.8359288+02:00" testType="13cdc9d9-ddb5-4fa4-a97d-d965ccfc6d4b" outcome="Passed" testListId="8c84fa94-04c1-424b-9868-57a2d4851a1d" relativeResultsDirectory="36fd2cd7-1e75-462b-bb4b-d90f4491817f" />
    <UnitTestResult executionId="f20a1dc9-913e-4b75-82f4-f1beb04eb820" testId="0870ca87-783a-fdb0-b88e-938b0cef0827" testName="WhenProjectsFilteredByLanguage_ShouldReturnAllCSharpProjects" computerName="DESKTOP-I52018A" duration="00:00:00.7766189" startTime="2026-09-06T18:49:23.7408781+02:00" endTime="2026-09-06T18:49:24.5175580+02:00" testType="13cdc9d9-ddb5-4fa4-a97d-d965ccfc6d4b" outcome="Passed" testListId="8c84fa94-04c1-424b-9868-57a2d4851a1d" relativeResultsDirectory="f20a1dc9-913e-4b75-82f4-f1beb04eb820" />
    <UnitTestResult executionId="b0d62c4e-9051-4674-8d1f-a8ba2cbc9557" testId="c5e8c55a-0873-f9d2-548c-4c602fd683de" testName="Playground_WithoutTransitivePackages" computerName="DESKTOP-I52018A" startTime="2026-09-06T18:46:20.6417252+02:00" endTime="2026-09-06T18:46:20.6417328+02:00" testType="13cdc9d9-ddb5-4fa4-a97d-d965ccfc6d4b" outcome="NotExecuted" testListId="8c84fa94-04c1-424b-9868-57a2d4851a1d" relativeResultsDirectory="b0d62c4e-9051-4674-8d1f-a8ba2cbc9557">
      <Output></Output>
    </UnitTestResult>
    <UnitTestResult executionId="48c4d068-68ab-4f0d-a453-0b5b68829466" testId="b510fe85-767d-da26-8922-9b9344b2ea58" testName="WhenFieldsQueried_ShouldReturnCorrectValues" computerName="DESKTOP-I52018A" duration="00:00:00.8220266" startTime="2026-09-06T18:47:06.5871733+02:00" endTime="2026-09-06T18:47:07.4093177+02:00" testType="13cdc9d9-ddb5-4fa4-a97d-d965ccfc6d4b" outcome="Passed" testListId="8c84fa94-04c1-424b-9868-57a2d4851a1d" relativeResultsDirectory="48c4d068-68ab-4f0d-a453-0b5b68829466" />
    <UnitTestResult executionId="299bec44-cc10-43e7-a164-f2635d450144" testId="314e4cff-5f9f-6321-78af-d4be4a58c677" testName="GetMetadataFromNugetOrgAsync_WhenPropertyExists_ReturnsExpectedValue" computerName="DESKTOP-I52018A" duration="00:00:00.0012289" startTime="2026-09-06T18:46:20.6018539+02:00" endTime="2026-09-06T18:46:20.6031176+02:00" testType="13cdc9d9-ddb5-4fa4-a97d-d965ccfc6d4b" outcome="Passed" testListId="8c84fa94-04c1-424b-9868-57a2d4851a1d" relativeResultsDirectory="299bec44-cc10-43e7-a164-f2635d450144" />
    <UnitTestResult executionId="01f5a54e-5333-45c3-b269-a88228220b1f" testId="bbd25289-5692-144e-9b48-d412ac7161c2" testName="WhenQuickAccessForTypes_ShouldPass" computerName="DESKTOP-I52018A" duration="00:00:00.8401270" startTime="2026-09-06T18:46:32.2001112+02:00" endTime="2026-09-06T18:46:33.0403413+02:00" testType="13cdc9d9-ddb5-4fa4-a97d-d965ccfc6d4b" outcome="Passed" testListId="8c84fa94-04c1-424b-9868-57a2d4851a1d" relativeResultsDirectory="01f5a54e-5333-45c3-b269-a88228220b1f" />
    <UnitTestResult executionId="cabd25bd-41cd-4d5b-88e0-7ac7dda047e0" testId="2dd515ee-7de3-2eed-5db9-707d48068157" testName="HighVolumeRequests_ShouldBeHandledCorrectly" computerName="DESKTOP-I52018A" duration="00:00:02.0109556" startTime="2026-09-06T18:46:13.4659341+02:00" endTime="2026-09-06T18:46:15.4770444+02:00" testType="13cdc9d9-ddb5-4fa4-a97d-d965ccfc6d4b" outcome="Passed" testListId="8c84fa94-04c1-424b-9868-57a2d4851a1d" relativeResultsDirectory="cabd25bd-41cd-4d5b-88e0-7ac7dda047e0" />
    <UnitTestResult executionId="2aad5612-96f7-4213-bd47-7b764c4b2661" testId="303731dd-506c-15f8-99ed-fa671310af66" testName="WhenConstructorReferencedTypesQueried_ShouldDetectPatternMatch" computerName="DESKTOP-I52018A" duration="00:00:00.8597896" startTime="2026-09-06T18:48:11.9245263+02:00" endTime="2026-09-06T18:48:12.7843848+02:00" testType="13cdc9d9-ddb5-4fa4-a97d-d965ccfc6d4b" outcome="Passed" testListId="8c84fa94-04c1-424b-9868-57a2d4851a1d" relativeResultsDirectory="2aad5612-96f7-4213-bd47-7b764c4b2661" />
    <UnitTestResult executionId="3050f086-01b6-4732-9ae6-fb113b8e4387" testId="7f7ffd7c-737f-311b-0c57-e0c33f4fc486" testName="WhenNestingDepthQueried_ShouldReturnCorrectValues" computerName="DESKTOP-I52018A" duration="00:00:00.8390439" startTime="2026-09-06T18:47:10.7273715+02:00" endTime="2026-09-06T18:47:11.5664815+02:00" testType="13cdc9d9-ddb5-4fa4-a97d-d965ccfc6d4b" outcome="Passed" testListId="8c84fa94-04c1-424b-9868-57a2d4851a1d" relativeResultsDirectory="3050f086-01b6-4732-9ae6-fb113b8e4387" />
    <UnitTestResult executionId="8997fdd6-3da0-4fe5-a130-95adcc23bf3b" testId="fab6cb72-4775-873b-88be-084048e0fc8c" testName="WhenPropertyHasDocumentation_ShouldReturnTrue" computerName="DESKTOP-I52018A" duration="00:00:00.8142390" startTime="2026-09-06T18:48:52.1347067+02:00" endTime="2026-09-06T18:48:52.9490118+02:00" testType="13cdc9d9-ddb5-4fa4-a97d-d965ccfc6d4b" outcome="Passed" testListId="8c84fa94-04c1-424b-9868-57a2d4851a1d" relativeResultsDirectory="8997fdd6-3da0-4fe5-a130-95adcc23bf3b" />
    <UnitTestResult executionId="cffa2287-feea-4ba2-86fa-6bc54c70fac3" testId="6cc7db92-7831-d1eb-61cc-9310dc1de41f" testName="MultipleAddAndRetrieve_ShouldSucceed" computerName="DESKTOP-I52018A" duration="00:00:00.0543578" startTime="2026-09-06T18:46:04.4992872+02:00" endTime="2026-09-06T18:46:04.5538969+02:00" testType="13cdc9d9-ddb5-4fa4-a97d-d965ccfc6d4b" outcome="Passed" testListId="8c84fa94-04c1-424b-9868-57a2d4851a1d" relativeResultsDirectory="cffa2287-feea-4ba2-86fa-6bc54c70fac3" />
    <UnitTestResult executionId="de9643e7-9d13-43eb-9ae1-7e60c81f8efd" testId="43c94e62-7e3a-1a48-ef7b-c867125153d4" testName="SpecialCharactersInLicenseIds_ReturnCorrectIdentifiers (&quot;CDDL-1.1+&quot;,[&quot;CDDL-1.1+&quot;])" computerName="DESKTOP-I52018A" duration="00:00:00.0000885" startTime="2026-09-06T18:49:26.2631783+02:00" endTime="2026-09-06T18:49:26.2632960+02:00" testType="13cdc9d9-ddb5-4fa4-a97d-d965ccfc6d4b" outcome="Passed" testListId="8c84fa94-04c1-424b-9868-57a2d4851a1d" relativeResultsDirectory="de9643e7-9d13-43eb-9ae1-7e60c81f8efd" />
    <UnitTestResult executionId="98318eed-1d82-43ea-bb35-2463efdca910" testId="61e6f6e5-82c3-b7a5-a9e6-31a93795be84" testName="GetMetadataAsync_WithCustomApiAndInvalidResponse_ShouldHandleGracefully" computerName="DESKTOP-I52018A" duration="00:00:00.0040181" startTime="2026-09-06T18:46:20.6375222+02:00" endTime="2026-09-06T18:46:20.6416038+02:00" testType="13cdc9d9-ddb5-4fa4-a97d-d965ccfc6d4b" outcome="Passed" testListId="8c84fa94-04c1-424b-9868-57a2d4851a1d" relativeResultsDirectory="98318eed-1d82-43ea-bb35-2463efdca910" />
    <UnitTestResult executionId="7322f098-4cc0-4596-bd0c-5f409ce745d2" testId="5214578e-448f-0c42-2aac-9ba110d2b417" testName="WhenMethodFullReturnTypeQueried_ArrayReturnShouldBeFullyQualified" computerName="DESKTOP-I52018A" duration="00:00:00.8166081" startTime="2026-09-06T18:48:34.5844521+02:00" endTime="2026-09-06T18:48:35.4011290+02:00" testType="13cdc9d9-ddb5-4fa4-a97d-d965ccfc6d4b" outcome="Passed" testListId="8c84fa94-04c1-424b-9868-57a2d4851a1d" relativeResultsDirectory="7322f098-4cc0-4596-bd0c-5f409ce745d2" />
    <UnitTestResult executionId="456883c3-bc23-45a0-acb8-b5b731b71ffb" testId="60478d98-c00b-4bf4-3d0c-4f7344e48817" testName="CancellationToken_ShouldCancelRequest" computerName="DESKTOP-I52018A" duration="00:00:00.0026321" startTime="2026-09-06T18:46:13.4622610+02:00" endTime="2026-09-06T18:46:13.4650211+02:00" testType="13cdc9d9-ddb5-4fa4-a97d-d965ccfc6d4b" outcome="Passed" testListId="8c84fa94-04c1-424b-9868-57a2d4851a1d" relativeResultsDirectory="456883c3-bc23-45a0-acb8-b5b731b71ffb" />
    <UnitTestResult executionId="b13bddf0-145c-4956-93cf-eaced3fc3b83" testId="b7723725-c622-cb6b-5c5a-64347ea3d4bc" testName="WhenInterfaceIsUsedQueried_ShouldReturnCorrectValues" computerName="DESKTOP-I52018A" duration="00:00:00.8312671" startTime="2026-09-06T18:47:22.5260378+02:00" endTime="2026-09-06T18:47:23.3573706+02:00" testType="13cdc9d9-ddb5-4fa4-a97d-d965ccfc6d4b" outcome="Passed" testListId="8c84fa94-04c1-424b-9868-57a2d4851a1d" relativeResultsDirectory="b13bddf0-145c-4956-93cf-eaced3fc3b83" />
    <UnitTestResult executionId="94d87353-4065-4b02-9945-8544b8d5f3a2" testId="97201490-099d-040a-ad49-187667dee5fe" testName="WhenAllBaseInterfacesQueried_ShouldReturnTransitiveBaseInterfaces" computerName="DESKTOP-I52018A" duration="00:00:00.8077912" startTime="2026-09-06T18:47:37.7817938+02:00" endTime="2026-09-06T18:47:38.5896555+02:00" testType="13cdc9d9-ddb5-4fa4-a97d-d965ccfc6d4b" outcome="Passed" testListId="8c84fa94-04c1-424b-9868-57a2d4851a1d" relativeResultsDirectory="94d87353-4065-4b02-9945-8544b8d5f3a2" />
    <UnitTestResult executionId="21a03f81-167d-41d7-80c4-4e4d5acd068f" testId="d504bfd3-c45f-934c-157e-1b8925e566fe" testName="Playground_GetMetadataAsync" computerName="DESKTOP-I52018A" startTime="2026-09-06T18:46:20.5977322+02:00" endTime="2026-09-06T18:46:20.5977567+02:00" testType="13cdc9d9-ddb5-4fa4-a97d-d965ccfc6d4b" outcome="NotExecuted" testListId="8c84fa94-04c1-424b-9868-57a2d4851a1d" relativeResultsDirectory="21a03f81-167d-41d7-80c4-4e4d5acd068f">
      <Output></Output>
    </UnitTestResult>
    <UnitTestResult executionId="ded201a5-bdb4-4b30-93da-b4973be2a9d9" testId="5dc1a4dd-4b59-21ca-a015-a98ee901eae4" testName="FileCreatedExternally_ShouldBeDetectedAndCached" computerName="DESKTOP-I52018A" duration="00:00:00.0060884" startTime="2026-09-06T18:46:04.6778105+02:00" endTime="2026-09-06T18:46:04.6840239+02:00" testType="13cdc9d9-ddb5-4fa4-a97d-d965ccfc6d4b" outcome="Passed" testListId="8c84fa94-04c1-424b-9868-57a2d4851a1d" relativeResultsDirectory="ded201a5-bdb4-4b30-93da-b4973be2a9d9">
      <Output>
        <StdOut>MockFileSystem: Created file at C:/MockDir/1277f32d-9e9f-4831-be4c-8797c75a4c59/createdKey.json with content length 34&#xD;
MockFileWatcher: Simulating file created event for createdKey.json in &#xD;
ItemLoaded event fired with key: createdKey.json</StdOut>
      </Output>
    </UnitTestResult>
    <UnitTestResult executionId="8b8bf83f-8631-419c-8dc0-4af9cbc2d913" testId="933a638d-ac7c-f2ff-2880-97cc592c6782" testName="MultipleExceptions_ReturnAllIdentifiers (&quot;(MIT WITH MIT-exception) OR (Apache-2.0 WITH Apache-exception) OR (BSD WITH BSD-exception)&quot;,[&quot;MIT&quot;,&quot;MIT-exception&quot;,&quot;Apache-2.0&quot;,&quot;Apache-exception&quot;,&quot;BSD&quot;,&quot;BSD-exception&quot;])" computerName="DESKTOP-I52018A" duration="00:00:00.0000959" startTime="2026-09-06T18:49:26.2637574+02:00" endTime="2026-09-06T18:49:26.2638840+02:00" testType="13cdc9d9-ddb5-4fa4-a97d-d965ccfc6d4b" outcome="Passed" testListId="8c84fa94-04c1-424b-9868-57a2d4851a1d" relativeResultsDirectory="8b8bf83f-8631-419c-8dc0-4af9cbc2d913" />
    <UnitTestResult executionId="ad3ba3ad-70f3-4e16-b740-18d3be3916ba" testId="a439827e-3a7e-ea28-762a-c02964f8e7a1" testName="MalformedExpressions_ReturnAvailableIdentifiers (&quot;(MIT&quot;,[&quot;MIT&quot;])" computerName="DESKTOP-I52018A" duration="00:00:00.0000015" startTime="2026-09-06T18:49:26.2626066+02:00" endTime="2026-09-06T18:49:26.2626204+02:00" testType="13cdc9d9-ddb5-4fa4-a97d-d965ccfc6d4b" outcome="Passed" testListId="8c84fa94-04c1-424b-9868-57a2d4851a1d" relativeResultsDirectory="ad3ba3ad-70f3-4e16-b740-18d3be3916ba" />
    <UnitTestResult executionId="7e4ed110-094a-4ebe-a578-063adc24eded" testId="0ca32891-ea5c-ca0c-c755-20380323bffa" testName="WhenMethodIsRecursiveQueried_ShouldReturnCorrectValue" computerName="DESKTOP-I52018A" duration="00:00:00.9016537" startTime="2026-09-06T18:47:27.6070269+02:00" endTime="2026-09-06T18:47:28.5087484+02:00" testType="13cdc9d9-ddb5-4fa4-a97d-d965ccfc6d4b" outcome="Passed" testListId="8c84fa94-04c1-424b-9868-57a2d4851a1d" relativeResultsDirectory="7e4ed110-094a-4ebe-a578-063adc24eded" />
    <UnitTestResult executionId="db3aaf83-0a0a-43db-889f-99acdd3d8667" testId="69786b87-d18d-d9b4-33b4-577e09497787" testName="GetOrAddAsync_WhenCalledWithDifferentKeys_ExecutesOperationForEachKey" computerName="DESKTOP-I52018A" duration="00:00:00.0155014" startTime="2026-09-06T18:49:26.0954933+02:00" endTime="2026-09-06T18:49:26.1110398+02:00" testType="13cdc9d9-ddb5-4fa4-a97d-d965ccfc6d4b" outcome="Passed" testListId="8c84fa94-04c1-424b-9868-57a2d4851a1d" relativeResultsDirectory="db3aaf83-0a0a-43db-889f-99acdd3d8667" />
    <UnitTestResult executionId="732bf517-987e-46ef-887d-19dbbab8bc17" testId="e7cc6b6f-b63f-7c75-6ea3-45f8d3070c82" testName="WhenClassHasSingleInterface_AllInterfacesShouldContainOnlyThat" computerName="DESKTOP-I52018A" duration="00:00:00.8102494" startTime="2026-09-06T18:47:58.2842151+02:00" endTime="2026-09-06T18:47:59.0945333+02:00" testType="13cdc9d9-ddb5-4fa4-a97d-d965ccfc6d4b" outcome="Passed" testListId="8c84fa94-04c1-424b-9868-57a2d4851a1d" relativeResultsDirectory="732bf517-987e-46ef-887d-19dbbab8bc17" />
    <UnitTestResult executionId="43ed6097-bb2d-4970-a19f-57a7a6fff5a2" testId="b17eaf65-e30c-01c5-8487-f0424f272a67" testName="DescUnknownMethod_ShouldThrowException" computerName="DESKTOP-I52018A" duration="00:00:00.0862436" startTime="2026-09-06T18:46:06.2264705+02:00" endTime="2026-09-06T18:46:06.3128211+02:00" testType="13cdc9d9-ddb5-4fa4-a97d-d965ccfc6d4b" outcome="Passed" testListId="8c84fa94-04c1-424b-9868-57a2d4851a1d" relativeResultsDirectory="43ed6097-bb2d-4970-a19f-57a7a6fff5a2" />
    <UnitTestResult executionId="0d956b73-c607-430a-9aa5-1f12d798751f" testId="ac40ee08-4a73-0bb0-a80a-255e4de8753e" testName="WhenGetMethodsWithUnusedParametersCalled_ShouldReturnMethodsWithUnusedParams" computerName="DESKTOP-I52018A" duration="00:00:00.8427178" startTime="2026-09-06T18:47:19.9694213+02:00" endTime="2026-09-06T18:47:20.8122067+02:00" testType="13cdc9d9-ddb5-4fa4-a97d-d965ccfc6d4b" outcome="Passed" testListId="8c84fa94-04c1-424b-9868-57a2d4851a1d" relativeResultsDirectory="0d956b73-c607-430a-9aa5-1f12d798751f" />
    <UnitTestResult executionId="4260643b-73ba-45d0-8495-9aebdf3ac95c" testId="6d4adc43-690d-efb5-1000-663237346468" testName="WhenConstructorReferencedTypesQueried_ShouldDetectTypesInBody" computerName="DESKTOP-I52018A" duration="00:00:00.8710161" startTime="2026-09-06T18:47:51.4676530+02:00" endTime="2026-09-06T18:47:52.3387386+02:00" testType="13cdc9d9-ddb5-4fa4-a97d-d965ccfc6d4b" outcome="Passed" testListId="8c84fa94-04c1-424b-9868-57a2d4851a1d" relativeResultsDirectory="4260643b-73ba-45d0-8495-9aebdf3ac95c" />
    <UnitTestResult executionId="a70db06b-1525-460a-8a6f-eac077ebc29c" testId="06ef481e-cdbf-0667-9372-dc5f0beedb05" testName="VersionWith4Parts_ShouldBeGreaterThan3Parts" computerName="DESKTOP-I52018A" duration="00:00:00.0000335" startTime="2026-09-06T18:49:26.2711670+02:00" endTime="2026-09-06T18:49:26.2712099+02:00" testType="13cdc9d9-ddb5-4fa4-a97d-d965ccfc6d4b" outcome="Passed" testListId="8c84fa94-04c1-424b-9868-57a2d4851a1d" relativeResultsDirectory="a70db06b-1525-460a-8a6f-eac077ebc29c" />
    <UnitTestResult executionId="564bd14b-27f2-4e4f-a4b7-8bf99f9cc22b" testId="2d8586d2-13c3-b037-635c-5304c7670c83" testName="ExtractFromProjectMetadata_MusoqSchemaCase_ShouldPass" computerName="DESKTOP-I52018A" duration="00:00:00.0110343" startTime="2026-09-06T18:46:20.5862245+02:00" endTime="2026-09-06T18:46:20.5973764+02:00" testType="13cdc9d9-ddb5-4fa4-a97d-d965ccfc6d4b" outcome="Passed" testListId="8c84fa94-04c1-424b-9868-57a2d4851a1d" relativeResultsDirectory="564bd14b-27f2-4e4f-a4b7-8bf99f9cc22b" />
    <UnitTestResult executionId="62e16a45-0cd8-44c1-8431-ad4736fe511e" testId="8be31276-2096-ea74-9041-054f41f10942" testName="WhenLocalVariablesQueried_ShouldReturnVariablesWithUsage" computerName="DESKTOP-I52018A" duration="00:00:00.8699730" startTime="2026-09-06T18:47:16.5518758+02:00" endTime="2026-09-06T18:47:17.4219202+02:00" testType="13cdc9d9-ddb5-4fa4-a97d-d965ccfc6d4b" outcome="Passed" testListId="8c84fa94-04c1-424b-9868-57a2d4851a1d" relativeResultsDirectory="62e16a45-0cd8-44c1-8431-ad4736fe511e" />
    <UnitTestResult executionId="7cef27c4-8d1f-4cdb-ad98-0dd059283017" testId="81a18cf7-3e3d-8738-d8d1-45f3ff23bed4" testName="DeeplyNestedExpressions_ReturnCorrectIdentifiers (&quot;(((((((((MIT)))))))))) OR Apache-2.0&quot;,[&quot;MIT&quot;,&quot;Apache-2.0&quot;])" computerName="DESKTOP-I52018A" duration="00:00:00.0002490" startTime="2026-09-06T18:49:26.2638891+02:00" endTime="2026-09-06T18:49:26.2641639+02:00" testType="13cdc9d9-ddb5-4fa4-a97d-d965ccfc6d4b" outcome="Passed" testListId="8c84fa94-04c1-424b-9868-57a2d4851a1d" relativeResultsDirectory="7cef27c4-8d1f-4cdb-ad98-0dd059283017" />
    <UnitTestResult executionId="d2ad2e09-8dbe-4983-8e60-b5bb42cbe4ef" testId="98f30a5f-7307-507f-badd-72de39c271b7" testName="WhenDelegateCountQueried_ShouldReturnCorrectCount" computerName="DESKTOP-I52018A" duration="00:00:00.7907657" startTime="2026-09-06T18:49:12.8209856+02:00" endTime="2026-09-06T18:49:13.6118350+02:00" testType="13cdc9d9-ddb5-4fa4-a97d-d965ccfc6d4b" outcome="Passed" testListId="8c84fa94-04c1-424b-9868-57a2d4851a1d" relativeResultsDirectory="d2ad2e09-8dbe-4983-8e60-b5bb42cbe4ef" />
    <UnitTestResult executionId="895b1c05-7f31-4b7b-8ef6-2c1e90719ae1" testId="7bd335f6-af7b-d32a-ec63-59d52f8e5aaf" testName="EmptyOrNullInput_ReturnsEmptyList" computerName="DESKTOP-I52018A" duration="00:00:00.0004669" startTime="2026-09-06T18:49:26.2547865+02:00" endTime="2026-09-06T18:49:26.2552935+02:00" testType="13cdc9d9-ddb5-4fa4-a97d-d965ccfc6d4b" outcome="Passed" testListId="8c84fa94-04c1-424b-9868-57a2d4851a1d" relativeResultsDirectory="895b1c05-7f31-4b7b-8ef6-2c1e90719ae1" />
    <UnitTestResult executionId="5ff9b3e9-0815-48da-a0ee-30479e8f81dc" testId="e9a5b517-1971-b3a8-2007-2f491a6d2337" testName="WhenInterfaceIsPartial_ShouldReturnTrue" computerName="DESKTOP-I52018A" duration="00:00:00.7833816" startTime="2026-09-06T18:48:50.5334780+02:00" endTime="2026-09-06T18:48:51.3169248+02:00" testType="13cdc9d9-ddb5-4fa4-a97d-d965ccfc6d4b" outcome="Passed" testListId="8c84fa94-04c1-424b-9868-57a2d4851a1d" relativeResultsDirectory="5ff9b3e9-0815-48da-a0ee-30479e8f81dc" />
    <UnitTestResult executionId="e26e1fc9-aa44-49cc-99c5-e235040fc4df" testId="69e202f1-e1cb-eae2-1d5e-ff264038aef7" testName="OpenLowerBound_ShouldMatchAllVersionsBelowMaximum" computerName="DESKTOP-I52018A" duration="00:00:00.0000362" startTime="2026-09-06T18:49:26.2703061+02:00" endTime="2026-09-06T18:49:26.2703530+02:00" testType="13cdc9d9-ddb5-4fa4-a97d-d965ccfc6d4b" outcome="Passed" testListId="8c84fa94-04c1-424b-9868-57a2d4851a1d" relativeResultsDirectory="e26e1fc9-aa44-49cc-99c5-e235040fc4df" />
    <UnitTestResult executionId="71d857d3-4d8c-46f1-b167-20e9381dfa2c" testId="84af122b-0655-1f74-d48b-98662a1ea3a5" testName="WhenEnumIsUsedQueried_ShouldReturnCorrectValues" computerName="DESKTOP-I52018A" duration="00:00:00.8358414" startTime="2026-09-06T18:47:23.3573997+02:00" endTime="2026-09-06T18:47:24.1933150+02:00" testType="13cdc9d9-ddb5-4fa4-a97d-d965ccfc6d4b" outcome="Passed" testListId="8c84fa94-04c1-424b-9868-57a2d4851a1d" relativeResultsDirectory="71d857d3-4d8c-46f1-b167-20e9381dfa2c" />
    <UnitTestResult executionId="014e9226-5200-4331-b4c0-1eab2ff72611" testId="196e8fd7-4134-e329-40f9-6504c06a7ca7" testName="WhenVarInferredFromCast_ShouldResolveToTargetType" computerName="DESKTOP-I52018A" duration="00:00:00.8224167" startTime="2026-09-06T18:48:44.6773532+02:00" endTime="2026-09-06T18:48:45.4998370+02:00" testType="13cdc9d9-ddb5-4fa4-a97d-d965ccfc6d4b" outcome="Passed" testListId="8c84fa94-04c1-424b-9868-57a2d4851a1d" relativeResultsDirectory="014e9226-5200-4331-b4c0-1eab2ff72611" />
    <UnitTestResult executionId="e1bf0993-09f6-4833-823f-a45456820e81" testId="e6f5ad53-1f96-67a2-9a39-4bb7774e76a8" testName="MalformedExpressions_ReturnAvailableIdentifiers (&quot;MIT WITH&quot;,[&quot;MIT&quot;])" computerName="DESKTOP-I52018A" duration="00:00:00.0000028" startTime="2026-09-06T18:49:26.2625792+02:00" endTime="2026-09-06T18:49:26.2626035+02:00" testType="13cdc9d9-ddb5-4fa4-a97d-d965ccfc6d4b" outcome="Passed" testListId="8c84fa94-04c1-424b-9868-57a2d4851a1d" relativeResultsDirectory="e1bf0993-09f6-4833-823f-a45456820e81" />
    <UnitTestResult executionId="4c0d6158-0716-456b-981e-e22d1862bbc0" testId="5f6ae835-ed97-cca6-8db0-3d5add54ca2a" testName="MalformedExpressions_ReturnAvailableIdentifiers (&quot;MIT)&quot;,[&quot;MIT&quot;])" computerName="DESKTOP-I52018A" duration="00:00:00.0000018" startTime="2026-09-06T18:49:26.2626231+02:00" endTime="2026-09-06T18:49:26.2626356+02:00" testType="13cdc9d9-ddb5-4fa4-a97d-d965ccfc6d4b" outcome="Passed" testListId="8c84fa94-04c1-424b-9868-57a2d4851a1d" relativeResultsDirectory="4c0d6158-0716-456b-981e-e22d1862bbc0" />
    <UnitTestResult executionId="a760bbad-5e20-4eb7-b66b-e7381deeb982" testId="1eff3626-a9ac-096f-0509-538ef30578db" testName="SimpleOperators_ReturnCorrectIdentifiers (&quot;MIT AND Apache-2.0&quot;,[&quot;MIT&quot;,&quot;Apache-2.0&quot;])" computerName="DESKTOP-I52018A" duration="00:00:00.0003947" startTime="2026-09-06T18:49:26.2558473+02:00" endTime="2026-09-06T18:49:26.2593316+02:00" testType="13cdc9d9-ddb5-4fa4-a97d-d965ccfc6d4b" outcome="Passed" testListId="8c84fa94-04c1-424b-9868-57a2d4851a1d" relativeResultsDirectory="a760bbad-5e20-4eb7-b66b-e7381deeb982" />
    <UnitTestResult executionId="85587a5e-84ff-4313-bea6-7e29725c3981" testId="f55850ab-f5d0-8cbe-0a9c-87ada6b5603a" testName="MixedInclusivityRange_LowerExclusiveUpperInclusive_ShouldMatchAppropriately" computerName="DESKTOP-I52018A" duration="00:00:00.0000492" startTime="2026-09-06T18:49:26.2701856+02:00" endTime="2026-09-06T18:49:26.2702469+02:00" testType="13cdc9d9-ddb5-4fa4-a97d-d965ccfc6d4b" outcome="Passed" testListId="8c84fa94-04c1-424b-9868-57a2d4851a1d" relativeResultsDirectory="85587a5e-84ff-4313-bea6-7e29725c3981" />
    <UnitTestResult executionId="b260db4d-f06b-49d1-99f6-716e286289b0" testId="7fa2f5c4-7be1-5c92-f067-c8b750142f05" testName="WhenDocumentReferencedTypesQueried_ShouldReturnTypes" computerName="DESKTOP-I52018A" duration="00:00:00.8780040" startTime="2026-09-06T18:47:34.3334422+02:00" endTime="2026-09-06T18:47:35.2115130+02:00" testType="13cdc9d9-ddb5-4fa4-a97d-d965ccfc6d4b" outcome="Passed" testListId="8c84fa94-04c1-424b-9868-57a2d4851a1d" relativeResultsDirectory="b260db4d-f06b-49d1-99f6-716e286289b0" />
    <UnitTestResult executionId="1c48b80a-36b8-45c0-b80d-ed565cfcd047" testId="6b76cbf9-a0c2-63b1-14cd-1dbb975b3da0" testName="WhenProjectQueried_ShouldPass" computerName="DESKTOP-I52018A" duration="00:00:00.8668702" startTime="2026-09-06T18:46:31.3331158+02:00" endTime="2026-09-06T18:46:32.2000763+02:00" testType="13cdc9d9-ddb5-4fa4-a97d-d965ccfc6d4b" outcome="Passed" testListId="8c84fa94-04c1-424b-9868-57a2d4851a1d" relativeResultsDirectory="1c48b80a-36b8-45c0-b80d-ed565cfcd047" />
    <UnitTestResult executionId="5ece2f0e-34bc-48d9-addd-a32fe54001ae" testId="9e6ddaa4-3308-01dd-274b-5df5d5ee750d" testName="WhenConstructorHasMultipleLocalVariables_ShouldReturnAll" computerName="DESKTOP-I52018A" duration="00:00:00.8114139" startTime="2026-09-06T18:48:18.6985459+02:00" endTime="2026-09-06T18:48:19.5100281+02:00" testType="13cdc9d9-ddb5-4fa4-a97d-d965ccfc6d4b" outcome="Passed" testListId="8c84fa94-04c1-424b-9868-57a2d4851a1d" relativeResultsDirectory="5ece2f0e-34bc-48d9-addd-a32fe54001ae" />
    <UnitTestResult executionId="edb3fc95-f3f1-42d1-925e-12ad35c4e887" testId="7d7b4ef8-8485-a1e6-88be-22ca4b29a938" testName="WhenCyclomaticComplexityIsOne_ShouldPass" computerName="DESKTOP-I52018A" duration="00:00:00.8509536" startTime="2026-09-06T18:46:59.0522873+02:00" endTime="2026-09-06T18:46:59.9033385+02:00" testType="13cdc9d9-ddb5-4fa4-a97d-d965ccfc6d4b" outcome="Passed" testListId="8c84fa94-04c1-424b-9868-57a2d4851a1d" relativeResultsDirectory="edb3fc95-f3f1-42d1-925e-12ad35c4e887" />
    <UnitTestResult executionId="83b37f30-2d8f-4e62-bc33-d8ff1fc1909d" testId="5e016768-1789-3c21-a3c5-6374702234a2" testName="WhenAbstractMethodQueried_ShouldHaveNoBody" computerName="DESKTOP-I52018A" duration="00:00:00.8193328" startTime="2026-09-06T18:47:04.9504656+02:00" endTime="2026-09-06T18:47:05.7699050+02:00" testType="13cdc9d9-ddb5-4fa4-a97d-d965ccfc6d4b" outcome="Passed" testListId="8c84fa94-04c1-424b-9868-57a2d4851a1d" relativeResultsDirectory="83b37f30-2d8f-4e62-bc33-d8ff1fc1909d" />
    <UnitTestResult executionId="ae16ea25-a737-4cff-ac06-4775e679f912" testId="abd47127-4fae-fb61-8543-d0ec3d72717e" testName="ComplexExpressions_ReturnCorrectIdentifiers (&quot;(LGPL-2.1+ WITH Unix-exception-2.0) AND (GPL-2.0 OR MIT)&quot;,[&quot;LGPL-2.1+&quot;,&quot;Unix-exception-2.0&quot;,&quot;GPL-2.0&quot;,&quot;MIT&quot;])" computerName="DESKTOP-I52018A" duration="00:00:00.0000060" startTime="2026-09-06T18:49:26.2610050+02:00" endTime="2026-09-06T18:49:26.2610364+02:00" testType="13cdc9d9-ddb5-4fa4-a97d-d965ccfc6d4b" outcome="Passed" testListId="8c84fa94-04c1-424b-9868-57a2d4851a1d" relativeResultsDirectory="ae16ea25-a737-4cff-ac06-4775e679f912" />
    <UnitTestResult executionId="ad51a2fc-8019-4a5f-8780-e7ddcfa32670" testId="3cb9fc6a-ce54-8273-1b06-228a49f80342" testName="WhenLinesOfCodeOfSpecificClassQueried_ShouldPass" computerName="DESKTOP-I52018A" duration="00:00:00.8539372" startTime="2026-09-06T18:46:47.4316502+02:00" endTime="2026-09-06T18:46:48.2857004+02:00" testType="13cdc9d9-ddb5-4fa4-a97d-d965ccfc6d4b" outcome="Passed" testListId="8c84fa94-04c1-424b-9868-57a2d4851a1d" relativeResultsDirectory="ad51a2fc-8019-4a5f-8780-e7ddcfa32670" />
    <UnitTestResult executionId="df06320d-c639-4dbf-b159-bc74298b5001" testId="1a1a86f8-c7e2-7f87-5631-b81d2a60d71a" testName="ParenthesisSingleVersion_ShouldMatchNothing" computerName="DESKTOP-I52018A" duration="00:00:00.0000482" startTime="2026-09-06T18:49:26.2714644+02:00" endTime="2026-09-06T18:49:26.2715259+02:00" testType="13cdc9d9-ddb5-4fa4-a97d-d965ccfc6d4b" outcome="Passed" testListId="8c84fa94-04c1-424b-9868-57a2d4851a1d" relativeResultsDirectory="df06320d-c639-4dbf-b159-bc74298b5001" />
    <UnitTestResult executionId="7bee79f9-9eee-4c9e-b1cc-0560e8094606" testId="58e90a84-e511-e41f-51df-0e134cc88325" testName="WhenPropertySetterReferencedTypesQueried_ShouldDetectTypes" computerName="DESKTOP-I52018A" duration="00:00:00.8305120" startTime="2026-09-06T18:48:17.8679378+02:00" endTime="2026-09-06T18:48:18.6985190+02:00" testType="13cdc9d9-ddb5-4fa4-a97d-d965ccfc6d4b" outcome="Passed" testListId="8c84fa94-04c1-424b-9868-57a2d4851a1d" relativeResultsDirectory="7bee79f9-9eee-4c9e-b1cc-0560e8094606" />
    <UnitTestResult executionId="c1fc76ca-eb3a-4600-a178-0e8844c4d42c" testId="a0331e7c-2503-529c-cb65-c6784c0f263d" testName="WhenPropertyHasAttributes_ShouldReturnThem" computerName="DESKTOP-I52018A" duration="00:00:00.8904845" startTime="2026-09-06T18:48:52.9490367+02:00" endTime="2026-09-06T18:48:53.8395903+02:00" testType="13cdc9d9-ddb5-4fa4-a97d-d965ccfc6d4b" outcome="Passed" testListId="8c84fa94-04c1-424b-9868-57a2d4851a1d" relativeResultsDirectory="c1fc76ca-eb3a-4600-a178-0e8844c4d42c" />
    <UnitTestResult executionId="617a39df-4e7e-40b3-a6b4-1860415aed11" testId="ff1bb1d6-c191-e51f-14fa-88c9de361369" testName="NestedExpressions_ReturnCorrectIdentifiers (&quot;((MIT OR BSD-3-Clause) AND GPL-2.0) OR LGPL-2.1&quot;,[&quot;MIT&quot;,&quot;BSD-3-Clause&quot;,&quot;GPL-2.0&quot;,&quot;LGPL-2.1&quot;])" computerName="DESKTOP-I52018A" duration="00:00:00.0000062" startTime="2026-09-06T18:49:26.2599528+02:00" endTime="2026-09-06T18:49:26.2599844+02:00" testType="13cdc9d9-ddb5-4fa4-a97d-d965ccfc6d4b" outcome="Passed" testListId="8c84fa94-04c1-424b-9868-57a2d4851a1d" relativeResultsDirectory="617a39df-4e7e-40b3-a6b4-1860415aed11" />
    <UnitTestResult executionId="19003eed-ff43-459e-bb79-84723bd55ee9" testId="78c62a18-8b9e-2533-ee0d-19282f5789fe" testName="ZeroQueueLimit_ShouldAwaitForReplenishment" computerName="DESKTOP-I52018A" duration="00:00:01.0470574" startTime="2026-09-06T18:46:07.3852401+02:00" endTime="2026-09-06T18:46:08.4325175+02:00" testType="13cdc9d9-ddb5-4fa4-a97d-d965ccfc6d4b" outcome="Passed" testListId="8c84fa94-04c1-424b-9868-57a2d4851a1d" relativeResultsDirectory="19003eed-ff43-459e-bb79-84723bd55ee9" />
    <UnitTestResult executionId="1e6a7497-a438-4586-88f1-f69a7391a23e" testId="5f4492ab-2085-0597-6941-f3795b8b13b2" testName="InvalidVersionRange_ShouldThrowException" computerName="DESKTOP-I52018A" duration="00:00:00.0000519" startTime="2026-09-06T18:49:26.2710056+02:00" endTime="2026-09-06T18:49:26.2710703+02:00" testType="13cdc9d9-ddb5-4fa4-a97d-d965ccfc6d4b" outcome="Passed" testListId="8c84fa94-04c1-424b-9868-57a2d4851a1d" relativeResultsDirectory="1e6a7497-a438-4586-88f1-f69a7391a23e" />
    <UnitTestResult executionId="0aaa8917-d080-4475-b83f-40b51bd76618" testId="d3473526-becd-6bd8-69e3-6a821773a73c" testName="WhenClassIsPublicApiQueried_ShouldReturnCorrectValue" computerName="DESKTOP-I52018A" duration="00:00:00.7998803" startTime="2026-09-06T18:47:33.5334724+02:00" endTime="2026-09-06T18:47:34.3334212+02:00" testType="13cdc9d9-ddb5-4fa4-a97d-d965ccfc6d4b" outcome="Passed" testListId="8c84fa94-04c1-424b-9868-57a2d4851a1d" relativeResultsDirectory="0aaa8917-d080-4475-b83f-40b51bd76618" />
    <UnitTestResult executionId="500f3c19-b28e-4ce6-bf5d-3ef969cf5672" testId="7762dba1-5aa7-73b2-c288-1ffb5d70769b" testName="WhenStructHasAllInterfaces_ShouldReturnThem" computerName="DESKTOP-I52018A" duration="00:00:00.8433949" startTime="2026-09-06T18:48:57.9968975+02:00" endTime="2026-09-06T18:48:58.8403618+02:00" testType="13cdc9d9-ddb5-4fa4-a97d-d965ccfc6d4b" outcome="Passed" testListId="8c84fa94-04c1-424b-9868-57a2d4851a1d" relativeResultsDirectory="500f3c19-b28e-4ce6-bf5d-3ef969cf5672" />
    <UnitTestResult executionId="c035d970-d546-4193-b1ab-f4d1de7ccb62" testId="057eeafc-d34d-366e-6b2c-0a2d2d09672d" testName="WhenProjectsFilteredByNonExistentAssemblyName_ShouldReturnNoProjects" computerName="DESKTOP-I52018A" duration="00:00:00.7613327" startTime="2026-09-06T18:49:24.5175814+02:00" endTime="2026-09-06T18:49:25.2789762+02:00" testType="13cdc9d9-ddb5-4fa4-a97d-d965ccfc6d4b" outcome="Passed" testListId="8c84fa94-04c1-424b-9868-57a2d4851a1d" relativeResultsDirectory="c035d970-d546-4193-b1ab-f4d1de7ccb62" />
    <UnitTestResult executionId="bfe43ebb-a26a-427f-9a3a-e64f6fe31d60" testId="7f26afd2-bd70-a51e-f4b9-3da176434175" testName="WhenInterfaceHasMembers_ShouldReturnMemberNames" computerName="DESKTOP-I52018A" duration="00:00:00.8304841" startTime="2026-09-06T18:49:06.1998347+02:00" endTime="2026-09-06T18:49:07.0303870+02:00" testType="13cdc9d9-ddb5-4fa4-a97d-d965ccfc6d4b" outcome="Passed" testListId="8c84fa94-04c1-424b-9868-57a2d4851a1d" relativeResultsDirectory="bfe43ebb-a26a-427f-9a3a-e64f6fe31d60" />
    <UnitTestResult executionId="9d4dc058-c2b8-428e-a695-c32c093c4eaf" testId="ed0a332e-0f67-1e82-1290-456f7e25079c" testName="GetMetadataAsync_WhenCacheFileIsMissing_ShouldUseNuGetOrgData" computerName="DESKTOP-I52018A" duration="00:00:00.0073581" startTime="2026-09-06T18:46:20.6147384+02:00" endTime="2026-09-06T18:46:20.6222114+02:00" testType="13cdc9d9-ddb5-4fa4-a97d-d965ccfc6d4b" outcome="Passed" testListId="8c84fa94-04c1-424b-9868-57a2d4851a1d" relativeResultsDirectory="9d4dc058-c2b8-428e-a695-c32c093c4eaf" />
    <UnitTestResult executionId="70ede3d5-4050-400c-8840-6df7e3c0f109" testId="d32c324c-a0ab-6dcd-cebc-72c7a243c9b7" testName="DeepNestedExpressions_ShouldHandleGracefully" computerName="DESKTOP-I52018A" duration="00:00:00.0007417" startTime="2026-09-06T18:49:26.2685240+02:00" endTime="2026-09-06T18:49:26.2692759+02:00" testType="13cdc9d9-ddb5-4fa4-a97d-d965ccfc6d4b" outcome="Passed" testListId="8c84fa94-04c1-424b-9868-57a2d4851a1d" relativeResultsDirectory="70ede3d5-4050-400c-8840-6df7e3c0f109" />
    <UnitTestResult executionId="1adb5fd3-1910-49ca-8a65-34fe4dc8fa9b" testId="ab9eb564-7667-1ac4-dd9f-10ed658a88e2" testName="TryPlanSource_WhenProjectAssemblyNamePredicateIsUsed_AcceptsPredicate" computerName="DESKTOP-I52018A" duration="00:00:00.0025261" startTime="2026-09-06T18:46:20.6417378+02:00" endTime="2026-09-06T18:46:20.6443011+02:00" testType="13cdc9d9-ddb5-4fa4-a97d-d965ccfc6d4b" outcome="Passed" testListId="8c84fa94-04c1-424b-9868-57a2d4851a1d" relativeResultsDirectory="1adb5fd3-1910-49ca-8a65-34fe4dc8fa9b" />
    <UnitTestResult executionId="b2e9476a-1b2c-42a4-9df7-bcf3d58893c2" testId="d9f9eb90-b858-84e3-0f04-022d7657a34a" testName="InvalidOperatorSequences_ReturnAvailableLicenses (&quot;MIT OR AND GPL-3.0&quot;,[&quot;MIT&quot;,&quot;GPL-3.0&quot;])" computerName="DESKTOP-I52018A" duration="00:00:00.0000895" startTime="2026-09-06T18:49:26.2645932+02:00" endTime="2026-09-06T18:49:26.2647127+02:00" testType="13cdc9d9-ddb5-4fa4-a97d-d965ccfc6d4b" outcome="Passed" testListId="8c84fa94-04c1-424b-9868-57a2d4851a1d" relativeResultsDirectory="b2e9476a-1b2c-42a4-9df7-bcf3d58893c2" />
    <UnitTestResult executionId="3825c969-e2d4-45df-93a0-ef1cfda6586b" testId="2978675b-34e1-7e8e-95dc-96cf453b3cda" testName="WhenReferencedTypesQueried_PatternMatchShouldBeDetected" computerName="DESKTOP-I52018A" duration="00:00:00.8554449" startTime="2026-09-06T18:47:41.1726666+02:00" endTime="2026-09-06T18:47:42.0281812+02:00" testType="13cdc9d9-ddb5-4fa4-a97d-d965ccfc6d4b" outcome="Passed" testListId="8c84fa94-04c1-424b-9868-57a2d4851a1d" relativeResultsDirectory="3825c969-e2d4-45df-93a0-ef1cfda6586b" />
    <UnitTestResult executionId="78503019-a9d5-4a4c-9002-a2da0cbbf105" testId="4cb8fc5a-9af5-bf20-45bf-1928de740fb6" testName="WildcardVersion_ShouldMatchAllVersionsWithPrefix" computerName="DESKTOP-I52018A" duration="00:00:00.0002575" startTime="2026-09-06T18:49:26.2697105+02:00" endTime="2026-09-06T18:49:26.2699907+02:00" testType="13cdc9d9-ddb5-4fa4-a97d-d965ccfc6d4b" outcome="Passed" testListId="8c84fa94-04c1-424b-9868-57a2d4851a1d" relativeResultsDirectory="78503019-a9d5-4a4c-9002-a2da0cbbf105" />
    <UnitTestResult executionId="fc0ccc2d-7294-4273-abbb-513d443de197" testId="ef1ed17a-34df-0c10-1848-c1bdeb50032e" testName="ConcurrentRequestsToDifferentDomains_ShouldNotBlockEachOther" computerName="DESKTOP-I52018A" duration="00:00:00.0006823" startTime="2026-09-06T18:46:13.4650906+02:00" endTime="2026-09-06T18:46:13.4658975+02:00" testType="13cdc9d9-ddb5-4fa4-a97d-d965ccfc6d4b" outcome="Passed" testListId="8c84fa94-04c1-424b-9868-57a2d4851a1d" relativeResultsDirectory="fc0ccc2d-7294-4273-abbb-513d443de197" />
    <UnitTestResult executionId="4b0f429e-eb1e-474c-b67b-3ab221404eb5" testId="447523c5-f122-d807-29f2-4fdb4fa0eb39" testName="WhenDefaultConstructorLocalVariablesQueried_ShouldBeEmpty" computerName="DESKTOP-I52018A" duration="00:00:00.8687038" startTime="2026-09-06T18:48:20.3141051+02:00" endTime="2026-09-06T18:48:21.1828789+02:00" testType="13cdc9d9-ddb5-4fa4-a97d-d965ccfc6d4b" outcome="Passed" testListId="8c84fa94-04c1-424b-9868-57a2d4851a1d" relativeResultsDirectory="4b0f429e-eb1e-474c-b67b-3ab221404eb5" />
    <UnitTestResult executionId="728fd9cd-44d3-4463-822b-ef39698acb33" testId="a7045c0b-08a9-bc69-483a-67c2af32303a" testName="WhenStructHasEvents_ShouldReturnThem" computerName="DESKTOP-I52018A" duration="00:00:00.8232434" startTime="2026-09-06T18:48:58.8403866+02:00" endTime="2026-09-06T18:48:59.6636978+02:00" testType="13cdc9d9-ddb5-4fa4-a97d-d965ccfc6d4b" outcome="Passed" testListId="8c84fa94-04c1-424b-9868-57a2d4851a1d" relativeResultsDirectory="728fd9cd-44d3-4463-822b-ef39698acb33" />
    <UnitTestResult executionId="02096e56-7826-4230-8b79-5d48e2f79199" testId="a80cbf96-0ef6-5152-ffb4-41169a2776fc" testName="WhenClassIsUsedQueried_ShouldReturnCorrectValues" computerName="DESKTOP-I52018A" duration="00:00:00.8577103" startTime="2026-09-06T18:47:21.6682429+02:00" endTime="2026-09-06T18:47:22.5260142+02:00" testType="13cdc9d9-ddb5-4fa4-a97d-d965ccfc6d4b" outcome="Passed" testListId="8c84fa94-04c1-424b-9868-57a2d4851a1d" relativeResultsDirectory="02096e56-7826-4230-8b79-5d48e2f79199" />
    <UnitTestResult executionId="e365e81b-4198-4829-b59d-e5fec75cf395" testId="64c9830b-03f1-93f5-4613-09bc79f4a080" testName="WhenReferencedTypesQueried_MultipleUsagesShouldBeDetected" computerName="DESKTOP-I52018A" duration="00:00:00.8299687" startTime="2026-09-06T18:47:45.5138549+02:00" endTime="2026-09-06T18:47:46.3438897+02:00" testType="13cdc9d9-ddb5-4fa4-a97d-d965ccfc6d4b" outcome="Passed" testListId="8c84fa94-04c1-424b-9868-57a2d4851a1d" relativeResultsDirectory="e365e81b-4198-4829-b59d-e5fec75cf395" />
    <UnitTestResult executionId="5a699255-80d7-4d56-86c3-d84d85c795ed" testId="8f7d7901-6552-15d5-4b52-059a435399ac" testName="WhenConstructorReferencedTypesQueried_ShouldDetectArrayCreation" computerName="DESKTOP-I52018A" duration="00:00:00.8523112" startTime="2026-09-06T18:48:12.7844115+02:00" endTime="2026-09-06T18:48:13.6367903+02:00" testType="13cdc9d9-ddb5-4fa4-a97d-d965ccfc6d4b" outcome="Passed" testListId="8c84fa94-04c1-424b-9868-57a2d4851a1d" relativeResultsDirectory="5a699255-80d7-4d56-86c3-d84d85c795ed" />
    <UnitTestResult executionId="6df0378b-d46e-481b-ac4d-ea8211be0f95" testId="d650ef28-7155-b82a-6dac-3ae6d4f54a50" testName="WhenVarInferredWithGenericNew_ShouldResolveGenericType" computerName="DESKTOP-I52018A" duration="00:00:00.8772833" startTime="2026-09-06T18:48:46.3511477+02:00" endTime="2026-09-06T18:48:47.2284979+02:00" testType="13cdc9d9-ddb5-4fa4-a97d-d965ccfc6d4b" outcome="Passed" testListId="8c84fa94-04c1-424b-9868-57a2d4851a1d" relativeResultsDirectory="6df0378b-d46e-481b-ac4d-ea8211be0f95" />
    <UnitTestResult executionId="83f38874-131b-4bef-8ff4-18b00d16dd70" testId="3696e0e5-aabb-9d96-6642-ddf8686ac751" testName="WhenCyclomaticComplexityIsThree_ShouldPass" computerName="DESKTOP-I52018A" duration="00:00:00.8195422" startTime="2026-09-06T18:47:00.7069959+02:00" endTime="2026-09-06T18:47:01.5266362+02:00" testType="13cdc9d9-ddb5-4fa4-a97d-d965ccfc6d4b" outcome="Passed" testListId="8c84fa94-04c1-424b-9868-57a2d4851a1d" relativeResultsDirectory="83f38874-131b-4bef-8ff4-18b00d16dd70" />
    <UnitTestResult executionId="1cc84cf3-d47a-4d66-9503-64af151faf8d" testId="4216d7db-a34b-c141-d317-c622ce3922e2" testName="PrioritizeExactMatchOverWildcard" computerName="DESKTOP-I52018A" duration="00:00:00.0006341" startTime="2026-09-06T18:46:12.4515071+02:00" endTime="2026-09-06T18:46:12.4522636+02:00" testType="13cdc9d9-ddb5-4fa4-a97d-d965ccfc6d4b" outcome="Passed" testListId="8c84fa94-04c1-424b-9868-57a2d4851a1d" relativeResultsDirectory="1cc84cf3-d47a-4d66-9503-64af151faf8d" />
    <UnitTestResult executionId="0282e468-d7c0-418e-b1a7-f44e83cea6e6" testId="2ef5fd02-9526-d9fb-fae4-51630940fd68" testName="WhenClassSplitAsPartial_Properties_ShouldPass" computerName="DESKTOP-I52018A" duration="00:00:00.8115226" startTime="2026-09-06T18:46:46.6199861+02:00" endTime="2026-09-06T18:46:47.4316085+02:00" testType="13cdc9d9-ddb5-4fa4-a97d-d965ccfc6d4b" outcome="Passed" testListId="8c84fa94-04c1-424b-9868-57a2d4851a1d" relativeResultsDirectory="0282e468-d7c0-418e-b1a7-f44e83cea6e6" />
    <UnitTestResult executionId="14a49062-20c9-495d-8572-cbe7034042f1" testId="24f8d231-b409-89a8-844c-faa58fae3dcd" testName="DifferentLengthVersions_ShouldCompareCorrectly" computerName="DESKTOP-I52018A" duration="00:00:00.0006285" startTime="2026-09-06T18:49:26.2648887+02:00" endTime="2026-09-06T18:49:26.2655483+02:00" testType="13cdc9d9-ddb5-4fa4-a97d-d965ccfc6d4b" outcome="Passed" testListId="8c84fa94-04c1-424b-9868-57a2d4851a1d" relativeResultsDirectory="14a49062-20c9-495d-8572-cbe7034042f1" />
    <UnitTestResult executionId="b9555dd9-ad79-4b87-b561-7ed6f0bb9725" testId="13c41396-64ca-9a1b-0e69-9cc7d1064331" testName="WhenDelegatesQueried_ShouldReturnAllDelegates" computerName="DESKTOP-I52018A" duration="00:00:00.8052117" startTime="2026-09-06T18:49:11.2058301+02:00" endTime="2026-09-06T18:49:12.0111112+02:00" testType="13cdc9d9-ddb5-4fa4-a97d-d965ccfc6d4b" outcome="Passed" testListId="8c84fa94-04c1-424b-9868-57a2d4851a1d" relativeResultsDirectory="b9555dd9-ad79-4b87-b561-7ed6f0bb9725" />
    <UnitTestResult executionId="42a5724e-81bb-4561-b850-ec3738541cc6" testId="18e3260b-c1cc-6a97-acb8-4655fb379f07" testName="WhenParameterFullTypeNameQueried_GenericParamShouldBeFullyQualified" computerName="DESKTOP-I52018A" duration="00:00:00.8877425" startTime="2026-09-06T18:48:28.6722135+02:00" endTime="2026-09-06T18:48:29.5600230+02:00" testType="13cdc9d9-ddb5-4fa4-a97d-d965ccfc6d4b" outcome="Passed" testListId="8c84fa94-04c1-424b-9868-57a2d4851a1d" relativeResultsDirectory="42a5724e-81bb-4561-b850-ec3738541cc6" />
    <UnitTestResult executionId="46a2dc6b-ac45-4240-8bdb-c79c6ab871e3" testId="54d70b04-927d-2efe-c586-657823b6d94b" testName="WhenGetterOnlyPropertyLocalVariablesQueried_ShouldReturnGetterLocals" computerName="DESKTOP-I52018A" duration="00:00:00.8433856" startTime="2026-09-06T18:48:25.3866050+02:00" endTime="2026-09-06T18:48:26.2300604+02:00" testType="13cdc9d9-ddb5-4fa4-a97d-d965ccfc6d4b" outcome="Passed" testListId="8c84fa94-04c1-424b-9868-57a2d4851a1d" relativeResultsDirectory="46a2dc6b-ac45-4240-8bdb-c79c6ab871e3" />
    <UnitTestResult executionId="dcfd1bb1-913b-44ff-9a6d-9488b995350d" testId="fe77af63-ad6f-a065-7625-9bcf1ad361f9" testName="WhenCyclomaticComplexityIsTwo_ShouldPass" computerName="DESKTOP-I52018A" duration="00:00:00.8034887" startTime="2026-09-06T18:46:59.9033731+02:00" endTime="2026-09-06T18:47:00.7069595+02:00" testType="13cdc9d9-ddb5-4fa4-a97d-d965ccfc6d4b" outcome="Passed" testListId="8c84fa94-04c1-424b-9868-57a2d4851a1d" relativeResultsDirectory="dcfd1bb1-913b-44ff-9a6d-9488b995350d" />
    <UnitTestResult executionId="1413d91a-49f3-4451-8298-9a08ef5df6bb" testId="8c6cda55-9a7c-dc30-43d6-3f1be055fb8c" testName="WhenInterfaceHasAttribute_ShouldReturnIt" computerName="DESKTOP-I52018A" duration="00:00:00.8544671" startTime="2026-09-06T18:48:54.7019322+02:00" endTime="2026-09-06T18:48:55.5564644+02:00" testType="13cdc9d9-ddb5-4fa4-a97d-d965ccfc6d4b" outcome="Passed" testListId="8c84fa94-04c1-424b-9868-57a2d4851a1d" relativeResultsDirectory="1413d91a-49f3-4451-8298-9a08ef5df6bb" />
    <UnitTestResult executionId="677412b7-7e12-4564-977f-8dfc23296eff" testId="ce7ba45d-e45c-5641-5441-e1ab55202daf" testName="DuplicateLicenses_ReturnUniqueIdentifiers" computerName="DESKTOP-I52018A" duration="00:00:00.0002354" startTime="2026-09-06T18:49:26.2626510+02:00" endTime="2026-09-06T18:49:26.2628957+02:00" testType="13cdc9d9-ddb5-4fa4-a97d-d965ccfc6d4b" outcome="Passed" testListId="8c84fa94-04c1-424b-9868-57a2d4851a1d" relativeResultsDirectory="677412b7-7e12-4564-977f-8dfc23296eff" />
    <UnitTestResult executionId="0cc21efc-7653-45c4-8859-97b815e1281f" testId="5268f0fa-a647-6577-dd28-1cfe00e271cf" testName="WhenStructsQueried_ShouldReturnCorrectValues" computerName="DESKTOP-I52018A" duration="00:00:00.7926212" startTime="2026-09-06T18:47:08.2401839+02:00" endTime="2026-09-06T18:47:09.0328722+02:00" testType="13cdc9d9-ddb5-4fa4-a97d-d965ccfc6d4b" outcome="Passed" testListId="8c84fa94-04c1-424b-9868-57a2d4851a1d" relativeResultsDirectory="0cc21efc-7653-45c4-8859-97b815e1281f" />
    <UnitTestResult executionId="93483374-5c95-4a29-aff0-94ca873927f3" testId="19574280-22f9-a19e-2731-a408ae9c3590" testName="GetOrAddAsync_WhenCalledConcurrentlyWithSameKey_ExecutesOperationOnce" computerName="DESKTOP-I52018A" duration="00:00:00.0611172" startTime="2026-09-06T18:49:26.1110535+02:00" endTime="2026-09-06T18:49:26.1722065+02:00" testType="13cdc9d9-ddb5-4fa4-a97d-d965ccfc6d4b" outcome="Passed" testListId="8c84fa94-04c1-424b-9868-57a2d4851a1d" relativeResultsDirectory="93483374-5c95-4a29-aff0-94ca873927f3" />
    <UnitTestResult executionId="86d11314-fecb-4569-a7ff-8302b8f457f2" testId="03196a85-146e-f5bd-d476-f723ae560a4e" testName="WhenVarInferredFromAsOperator_ShouldResolveToTargetType" computerName="DESKTOP-I52018A" duration="00:00:00.8511921" startTime="2026-09-06T18:48:45.4998632+02:00" endTime="2026-09-06T18:48:46.3511231+02:00" testType="13cdc9d9-ddb5-4fa4-a97d-d965ccfc6d4b" outcome="Passed" testListId="8c84fa94-04c1-424b-9868-57a2d4851a1d" relativeResultsDirectory="86d11314-fecb-4569-a7ff-8302b8f457f2" />
    <UnitTestResult executionId="680d4d5e-c3cb-4ef2-a788-e086be3c24da" testId="e6ba5e49-a32a-2123-65b3-4717574ce231" testName="WhenAllInterfaceReferencesInClassQueried_ShouldFindAcrossMethodsConstructorsAndProperties" computerName="DESKTOP-I52018A" duration="00:00:02.5127537" startTime="2026-09-06T18:48:39.5369384+02:00" endTime="2026-09-06T18:48:42.0497904+02:00" testType="13cdc9d9-ddb5-4fa4-a97d-d965ccfc6d4b" outcome="Passed" testListId="8c84fa94-04c1-424b-9868-57a2d4851a1d" relativeResultsDirectory="680d4d5e-c3cb-4ef2-a788-e086be3c24da" />
    <UnitTestResult executionId="397acd59-e2e0-4222-b8d3-1ea4883a49d3" testId="d8f8bf22-734d-93a8-60c6-882553ce5080" testName="NullUri_ShouldBypassRateLimiting" computerName="DESKTOP-I52018A" duration="00:00:00.0023769" startTime="2026-09-06T18:46:13.4596696+02:00" endTime="2026-09-06T18:46:13.4622005+02:00" testType="13cdc9d9-ddb5-4fa4-a97d-d965ccfc6d4b" outcome="Passed" testListId="8c84fa94-04c1-424b-9868-57a2d4851a1d" relativeResultsDirectory="397acd59-e2e0-4222-b8d3-1ea4883a49d3" />
    <UnitTestResult executionId="aec64820-1737-429f-88fc-d7bbe9f58b8f" testId="ba5459cd-8dbc-8bab-ca1d-1c9aa33b46d2" testName="ZeroVsNoValue_ShouldCompareCorrectly" computerName="DESKTOP-I52018A" duration="00:00:00.0000493" startTime="2026-09-06T18:49:26.2713425+02:00" endTime="2026-09-06T18:49:26.2714036+02:00" testType="13cdc9d9-ddb5-4fa4-a97d-d965ccfc6d4b" outcome="Passed" testListId="8c84fa94-04c1-424b-9868-57a2d4851a1d" relativeResultsDirectory="aec64820-1737-429f-88fc-d7bbe9f58b8f" />
    <UnitTestResult executionId="3ec17d24-d933-481c-af22-a790682d53ca" testId="57017e90-68f1-fdc5-8e7f-e4bd6a93a3d9" testName="TryPlanSource_WhenClassNamePredicateUsesDifferentAlias_KeepsPredicateResidual" computerName="DESKTOP-I52018A" duration="00:00:00.0003139" startTime="2026-09-06T18:46:20.6447333+02:00" endTime="2026-09-06T18:46:20.6450776+02:00" testType="13cdc9d9-ddb5-4fa4-a97d-d965ccfc6d4b" outcome="Passed" testListId="8c84fa94-04c1-424b-9868-57a2d4851a1d" relativeResultsDirectory="3ec17d24-d933-481c-af22-a790682d53ca" />
    <UnitTestResult executionId="ece42a1c-e166-49be-bf8b-ec050a337c1f" testId="eb18e196-5062-f367-4a8e-08b746ebe574" testName="TryPlanSource_WhenRequiredColumnsArePresent_DoesNotAcceptProjection" computerName="DESKTOP-I52018A" duration="00:00:00.0003039" startTime="2026-09-06T18:46:20.6499449+02:00" endTime="2026-09-06T18:46:20.6503070+02:00" testType="13cdc9d9-ddb5-4fa4-a97d-d965ccfc6d4b" outcome="Passed" testListId="8c84fa94-04c1-424b-9868-57a2d4851a1d" relativeResultsDirectory="ece42a1c-e166-49be-bf8b-ec050a337c1f" />
    <UnitTestResult executionId="52e49d1e-563e-4ebf-bec0-56e4b8d833b1" testId="80d72abb-8675-600f-a920-5d4f0a32dbad" testName="WhenMethodReturnsTaskQueried_ShouldReturnCorrectValue" computerName="DESKTOP-I52018A" duration="00:00:00.8395624" startTime="2026-09-06T18:47:30.1799854+02:00" endTime="2026-09-06T18:47:31.0196108+02:00" testType="13cdc9d9-ddb5-4fa4-a97d-d965ccfc6d4b" outcome="Passed" testListId="8c84fa94-04c1-424b-9868-57a2d4851a1d" relativeResultsDirectory="52e49d1e-563e-4ebf-bec0-56e4b8d833b1" />
    <UnitTestResult executionId="c6c13ad2-aaa7-4602-ab55-a0364808bd61" testId="7881fe69-41be-ac07-174d-c82233a3dd17" testName="WhenAutoPropertyReferencedTypesQueried_ShouldBeEmpty" computerName="DESKTOP-I52018A" duration="00:00:00.8469747" startTime="2026-09-06T18:48:16.1783280+02:00" endTime="2026-09-06T18:48:17.0253705+02:00" testType="13cdc9d9-ddb5-4fa4-a97d-d965ccfc6d4b" outcome="Passed" testListId="8c84fa94-04c1-424b-9868-57a2d4851a1d" relativeResultsDirectory="c6c13ad2-aaa7-4602-ab55-a0364808bd61" />
    <UnitTestResult executionId="00cd9961-3d4e-4338-9b76-696e4f051c96" testId="70db6913-2919-eca3-f726-ce4943170b47" testName="TrailingZeros_ShouldNotAffectComparison" computerName="DESKTOP-I52018A" duration="00:00:00.0001481" startTime="2026-09-06T18:49:26.2655552+02:00" endTime="2026-09-06T18:49:26.2657177+02:00" testType="13cdc9d9-ddb5-4fa4-a97d-d965ccfc6d4b" outcome="Passed" testListId="8c84fa94-04c1-424b-9868-57a2d4851a1d" relativeResultsDirectory="00cd9961-3d4e-4338-9b76-696e4f051c96" />
    <UnitTestResult executionId="670fea60-335d-4434-8b65-3c8dbfb004e5" testId="0e659b16-4ff1-03e3-ee18-abbba4f57b15" testName="WhenConstructorReferencedTypesQueried_ShouldDetectCatchDeclaration" computerName="DESKTOP-I52018A" duration="00:00:00.8422990" startTime="2026-09-06T18:48:11.0821350+02:00" endTime="2026-09-06T18:48:11.9245021+02:00" testType="13cdc9d9-ddb5-4fa4-a97d-d965ccfc6d4b" outcome="Passed" testListId="8c84fa94-04c1-424b-9868-57a2d4851a1d" relativeResultsDirectory="670fea60-335d-4434-8b65-3c8dbfb004e5" />
    <UnitTestResult executionId="865e5510-56be-4ac1-b4e1-31104075b35f" testId="e00ea033-c0c8-ea41-977f-08b9d869a744" testName="ZeroQueueLimit_ShouldRejectExcessRequests" computerName="DESKTOP-I52018A" duration="00:00:00.0041473" startTime="2026-09-06T18:46:07.3808563+02:00" endTime="2026-09-06T18:46:07.3851734+02:00" testType="13cdc9d9-ddb5-4fa4-a97d-d965ccfc6d4b" outcome="Passed" testListId="8c84fa94-04c1-424b-9868-57a2d4851a1d" relativeResultsDirectory="865e5510-56be-4ac1-b4e1-31104075b35f" />
    <UnitTestResult executionId="b6b49ec2-4d2b-411c-adb7-3fa5bef68230" testId="f9f45cbe-af63-b95d-3c2d-c07b6a4dd44f" testName="ShortVersionWithLargerValues_ShouldCompareCorrectly" computerName="DESKTOP-I52018A" duration="00:00:00.0000395" startTime="2026-09-06T18:49:26.2657801+02:00" endTime="2026-09-06T18:49:26.2658270+02:00" testType="13cdc9d9-ddb5-4fa4-a97d-d965ccfc6d4b" outcome="Passed" testListId="8c84fa94-04c1-424b-9868-57a2d4851a1d" relativeResultsDirectory="b6b49ec2-4d2b-411c-adb7-3fa5bef68230" />
    <UnitTestResult executionId="c2feeb5d-9985-4078-bcff-65b884066937" testId="61d77e10-502d-5e99-0e13-1f7e9d9111b8" testName="FileDeletedExternally_ShouldBeRemovedFromCache" computerName="DESKTOP-I52018A" duration="00:00:00.0562317" startTime="2026-09-06T18:46:04.6842203+02:00" endTime="2026-09-06T18:46:04.7405922+02:00" testType="13cdc9d9-ddb5-4fa4-a97d-d965ccfc6d4b" outcome="Passed" testListId="8c84fa94-04c1-424b-9868-57a2d4851a1d" relativeResultsDirectory="c2feeb5d-9985-4078-bcff-65b884066937" />
    <UnitTestResult executionId="ca3cebe3-332b-4ed6-aac8-70faa88d419b" testId="cd7c205f-ec5d-d5d4-0ead-d3973117c51c" testName="GetOrAddAsync_WithCheckResult_OnlyCachesWhenCheckPasses" computerName="DESKTOP-I52018A" duration="00:00:00.0765760" startTime="2026-09-06T18:49:26.1722261+02:00" endTime="2026-09-06T18:49:26.2488653+02:00" testType="13cdc9d9-ddb5-4fa4-a97d-d965ccfc6d4b" outcome="Passed" testListId="8c84fa94-04c1-424b-9868-57a2d4851a1d" relativeResultsDirectory="ca3cebe3-332b-4ed6-aac8-70faa88d419b" />
    <UnitTestResult executionId="9940c090-ec0b-4231-8191-0e8f965c764c" testId="1e1a8474-425b-d9cb-d954-4fb6ec67c07c" testName="DescSolution_ShouldReturnMethodSignature" computerName="DESKTOP-I52018A" duration="00:00:00.0376377" startTime="2026-09-06T18:46:06.1886454+02:00" endTime="2026-09-06T18:46:06.2264217+02:00" testType="13cdc9d9-ddb5-4fa4-a97d-d965ccfc6d4b" outcome="Passed" testListId="8c84fa94-04c1-424b-9868-57a2d4851a1d" relativeResultsDirectory="9940c090-ec0b-4231-8191-0e8f965c764c" />
    <UnitTestResult executionId="a5f458d3-0820-4c81-a170-b3dff2efc7f8" testId="ab520ef3-e5ba-6198-8505-c81780623c27" testName="WhenReferencedTypesQueried_ObjectCreationShouldBeDetected" computerName="DESKTOP-I52018A" duration="00:00:00.9131822" startTime="2026-09-06T18:48:06.6923939+02:00" endTime="2026-09-06T18:48:07.6056444+02:00" testType="13cdc9d9-ddb5-4fa4-a97d-d965ccfc6d4b" outcome="Passed" testListId="8c84fa94-04c1-424b-9868-57a2d4851a1d" relativeResultsDirectory="a5f458d3-0820-4c81-a170-b3dff2efc7f8" />
    <UnitTestResult executionId="a5cb520d-41f9-4fad-ab7f-8312a3971d66" testId="2cf17104-bd16-c7eb-a525-8dcde815a368" testName="WhenPropertyFullTypeNameQueried_ShouldReturnFullyQualifiedName" computerName="DESKTOP-I52018A" duration="00:00:00.8471160" startTime="2026-09-06T18:47:48.9421793+02:00" endTime="2026-09-06T18:47:49.7893628+02:00" testType="13cdc9d9-ddb5-4fa4-a97d-d965ccfc6d4b" outcome="Passed" testListId="8c84fa94-04c1-424b-9868-57a2d4851a1d" relativeResultsDirectory="a5cb520d-41f9-4fad-ab7f-8312a3971d66" />
    <UnitTestResult executionId="8bb1ab1e-470b-4009-92e7-30c8e6639890" testId="be5d1fd0-55fb-571c-2889-23cd8f02e9ff" testName="WhenInterfaceBaseInterfacesQueriedAsTable_ShouldWork" computerName="DESKTOP-I52018A" duration="00:00:00.8221607" startTime="2026-09-06T18:49:22.1204740+02:00" endTime="2026-09-06T18:49:22.9427063+02:00" testType="13cdc9d9-ddb5-4fa4-a97d-d965ccfc6d4b" outcome="Passed" testListId="8c84fa94-04c1-424b-9868-57a2d4851a1d" relativeResultsDirectory="8bb1ab1e-470b-4009-92e7-30c8e6639890" />
    <UnitTestResult executionId="d2fd449d-5fcc-49cc-a109-372f23f38220" testId="c34bfe78-fe4f-a9bc-dc71-65a07dc51194" testName="ExtremelyLongVersionNumbers_ShouldHandleGracefully" computerName="DESKTOP-I52018A" duration="00:00:00.0000575" startTime="2026-09-06T18:49:26.2683494+02:00" endTime="2026-09-06T18:49:26.2684186+02:00" testType="13cdc9d9-ddb5-4fa4-a97d-d965ccfc6d4b" outcome="Passed" testListId="8c84fa94-04c1-424b-9868-57a2d4851a1d" relativeResultsDirectory="d2fd449d-5fcc-49cc-a109-372f23f38220" />
    <UnitTestResult executionId="ccaab7b7-f093-4ef0-8c6c-29b791928ebf" testId="8dfd2881-f100-573d-100b-2895ab1f860f" testName="SimpleOperators_ReturnCorrectIdentifiers (&quot;MIT OR Apache-2.0&quot;,[&quot;MIT&quot;,&quot;Apache-2.0&quot;])" computerName="DESKTOP-I52018A" duration="00:00:00.0001096" startTime="2026-09-06T18:49:26.2593406+02:00" endTime="2026-09-06T18:49:26.2595087+02:00" testType="13cdc9d9-ddb5-4fa4-a97d-d965ccfc6d4b" outcome="Passed" testListId="8c84fa94-04c1-424b-9868-57a2d4851a1d" relativeResultsDirectory="ccaab7b7-f093-4ef0-8c6c-29b791928ebf" />
    <UnitTestResult executionId="ad4bf67b-5d37-47e2-8271-13491f5a59d9" testId="b614041b-8a2e-6fb4-8d5b-aaed2e7929ca" testName="GetMetadataFromCustomApiAsync_When404ErrorOccurs_ThrowsHttpRequestException" computerName="DESKTOP-I52018A" duration="00:00:00.0004212" startTime="2026-09-06T18:46:20.6048468+02:00" endTime="2026-09-06T18:46:20.6053009+02:00" testType="13cdc9d9-ddb5-4fa4-a97d-d965ccfc6d4b" outcome="Passed" testListId="8c84fa94-04c1-424b-9868-57a2d4851a1d" relativeResultsDirectory="ad4bf67b-5d37-47e2-8271-13491f5a59d9" />
    <UnitTestResult executionId="f2697869-0806-4eac-ac31-2e4dcd60acc8" testId="ac7c0825-150d-4b7a-9a70-4c35d8797069" testName="WhenReferencedTypesQueried_LocalVariableShouldBeDetected" computerName="DESKTOP-I52018A" duration="00:00:00.8422803" startTime="2026-09-06T18:47:42.0282072+02:00" endTime="2026-09-06T18:47:42.8705527+02:00" testType="13cdc9d9-ddb5-4fa4-a97d-d965ccfc6d4b" outcome="Passed" testListId="8c84fa94-04c1-424b-9868-57a2d4851a1d" relativeResultsDirectory="f2697869-0806-4eac-ac31-2e4dcd60acc8" />
    <UnitTestResult executionId="5f149c01-3a95-4df0-8270-db966a174f98" testId="4e52d9d8-0aa5-a3f3-1d47-32eb0ed52c05" testName="GetMetadataFromPathAsync_WhenPackageVersionIsEmpty_ReturnsNull" computerName="DESKTOP-I52018A" duration="00:00:00.0002262" startTime="2026-09-06T18:46:20.6012648+02:00" endTime="2026-09-06T18:46:20.6015306+02:00" testType="13cdc9d9-ddb5-4fa4-a97d-d965ccfc6d4b" outcome="Passed" testListId="8c84fa94-04c1-424b-9868-57a2d4851a1d" relativeResultsDirectory="5f149c01-3a95-4df0-8270-db966a174f98" />
    <UnitTestResult executionId="75b92ca4-db59-4ad3-9b2d-45b67eaa00e0" testId="bc0ca79e-14bc-af7f-5dfc-ff487bf8372a" testName="WhenClassPropertiesQueried_ShouldPass" computerName="DESKTOP-I52018A" duration="00:00:01.6662412" startTime="2026-09-06T18:46:48.2857343+02:00" endTime="2026-09-06T18:46:49.9520848+02:00" testType="13cdc9d9-ddb5-4fa4-a97d-d965ccfc6d4b" outcome="Passed" testListId="8c84fa94-04c1-424b-9868-57a2d4851a1d" relativeResultsDirectory="75b92ca4-db59-4ad3-9b2d-45b67eaa00e0" />
    <UnitTestResult executionId="2b1dca61-805c-41a4-9986-8ed000c099ef" testId="7b990593-4bc8-60e8-30e1-2fbd79edd941" testName="TryPlanSource_WhenPredicateHasUnsupportedSide_KeepsResidualPredicate" computerName="DESKTOP-I52018A" duration="00:00:00.0044890" startTime="2026-09-06T18:46:20.6450896+02:00" endTime="2026-09-06T18:46:20.6496178+02:00" testType="13cdc9d9-ddb5-4fa4-a97d-d965ccfc6d4b" outcome="Passed" testListId="8c84fa94-04c1-424b-9868-57a2d4851a1d" relativeResultsDirectory="2b1dca61-805c-41a4-9986-8ed000c099ef" />
    <UnitTestResult executionId="b2bec5d7-fb4c-49d7-ae8f-b044830058b8" testId="9bc60c8e-7b68-d288-a2fd-c847bc97cbc0" testName="WhenClassIsPartial_ShouldReturnTrue" computerName="DESKTOP-I52018A" duration="00:00:00.8169392" startTime="2026-09-06T18:48:48.8501055+02:00" endTime="2026-09-06T18:48:49.6671284+02:00" testType="13cdc9d9-ddb5-4fa4-a97d-d965ccfc6d4b" outcome="Passed" testListId="8c84fa94-04c1-424b-9868-57a2d4851a1d" relativeResultsDirectory="b2bec5d7-fb4c-49d7-ae8f-b044830058b8" />
    <UnitTestResult executionId="2c7dcb35-15ca-42fb-9028-ce0d2d797c57" testId="738171b3-1a1c-3c3d-2daa-5c2825bffd90" testName="FileRenamedExternally_ShouldUpdateCache" computerName="DESKTOP-I52018A" duration="00:00:00.0626344" startTime="2026-09-06T18:46:04.7406516+02:00" endTime="2026-09-06T18:46:04.8034189+02:00" testType="13cdc9d9-ddb5-4fa4-a97d-d965ccfc6d4b" outcome="Passed" testListId="8c84fa94-04c1-424b-9868-57a2d4851a1d" relativeResultsDirectory="2c7dcb35-15ca-42fb-9028-ce0d2d797c57">
      <Output>
        <StdOut>MockFileSystem: Created file at C:/MockDir/626c00a1-3d4b-4df0-bfd5-0bd8307cd3ee/newKey.json with content length 30</StdOut>
      </Output>
    </UnitTestResult>
    <UnitTestResult executionId="7338ae85-dd75-4da2-bc85-562ef3a44375" testId="e04748ae-3c02-f8a1-c01f-07db9dfe1954" testName="WhenReferencedTypesQueried_FullNameShouldIncludeNamespace" computerName="DESKTOP-I52018A" duration="00:00:00.8503133" startTime="2026-09-06T18:48:03.2260592+02:00" endTime="2026-09-06T18:48:04.0764507+02:00" testType="13cdc9d9-ddb5-4fa4-a97d-d965ccfc6d4b" outcome="Passed" testListId="8c84fa94-04c1-424b-9868-57a2d4851a1d" relativeResultsDirectory="7338ae85-dd75-4da2-bc85-562ef3a44375" />
    <UnitTestResult executionId="bc2acf21-591f-4a12-b49b-9cc9795dd57e" testId="cdd2351e-262c-5b22-420b-3c3c66994dac" testName="WhenEnumHasUnderlyingByteType_ShouldReturnByte" computerName="DESKTOP-I52018A" duration="00:00:00.8055597" startTime="2026-09-06T18:49:02.9074422+02:00" endTime="2026-09-06T18:49:03.7130710+02:00" testType="13cdc9d9-ddb5-4fa4-a97d-d965ccfc6d4b" outcome="Passed" testListId="8c84fa94-04c1-424b-9868-57a2d4851a1d" relativeResultsDirectory="bc2acf21-591f-4a12-b49b-9cc9795dd57e" />
    <UnitTestResult executionId="9468502b-6c26-4f4a-8e02-f97798a46978" testId="7bb8eb2f-419d-eb72-c52f-979d73b74a74" testName="WhenMethodUnusedVariableCountQueried_ShouldReturnCorrectCount" computerName="DESKTOP-I52018A" duration="00:00:00.8340448" startTime="2026-09-06T18:47:19.1352845+02:00" endTime="2026-09-06T18:47:19.9693942+02:00" testType="13cdc9d9-ddb5-4fa4-a97d-d965ccfc6d4b" outcome="Passed" testListId="8c84fa94-04c1-424b-9868-57a2d4851a1d" relativeResultsDirectory="9468502b-6c26-4f4a-8e02-f97798a46978" />
    <UnitTestResult executionId="27e71056-20fa-47b5-8c8b-fdae2959c00d" testId="29624827-94e6-f700-8f93-9e4b22db8772" testName="GetMetadataAsync_NoCacheAndNoNuGetOrgData_ShouldCallCustomApi" computerName="DESKTOP-I52018A" duration="00:00:00.0039533" startTime="2026-09-06T18:46:20.6222634+02:00" endTime="2026-09-06T18:46:20.6263280+02:00" testType="13cdc9d9-ddb5-4fa4-a97d-d965ccfc6d4b" outcome="Passed" testListId="8c84fa94-04c1-424b-9868-57a2d4851a1d" relativeResultsDirectory="27e71056-20fa-47b5-8c8b-fdae2959c00d" />
    <UnitTestResult executionId="320e8e66-e9bd-4592-ae9b-65b675ef8a0f" testId="3e6ad269-e19c-54cc-afd2-d37a7e50fcba" testName="WhenParameterFullTypeNameQueried_InterfaceParamShouldBeFullyQualified" computerName="DESKTOP-I52018A" duration="00:00:00.8206203" startTime="2026-09-06T18:48:30.3998396+02:00" endTime="2026-09-06T18:48:31.2205286+02:00" testType="13cdc9d9-ddb5-4fa4-a97d-d965ccfc6d4b" outcome="Passed" testListId="8c84fa94-04c1-424b-9868-57a2d4851a1d" relativeResultsDirectory="320e8e66-e9bd-4592-ae9b-65b675ef8a0f" />
    <UnitTestResult executionId="fdf063f8-66e1-45a7-b7da-fa362d31005d" testId="1a9f98b3-2503-cf88-6795-1d756c94959a" testName="WhenDocumentFilePathQueried_ShouldReturnFilePath" computerName="DESKTOP-I52018A" duration="00:00:00.7960485" startTime="2026-09-06T18:47:02.4558099+02:00" endTime="2026-09-06T18:47:03.2519238+02:00" testType="13cdc9d9-ddb5-4fa4-a97d-d965ccfc6d4b" outcome="Passed" testListId="8c84fa94-04c1-424b-9868-57a2d4851a1d" relativeResultsDirectory="fdf063f8-66e1-45a7-b7da-fa362d31005d" />
    <UnitTestResult executionId="53ab9300-9a56-497b-9405-45ea25a7aa0b" testId="d2c5fd80-e1c1-cae3-6baf-8576a8e36c9f" testName="WhenClassIsNotRecord_ShouldReturnFalse" computerName="DESKTOP-I52018A" duration="00:00:00.8200189" startTime="2026-09-06T18:48:48.0299887+02:00" endTime="2026-09-06T18:48:48.8500794+02:00" testType="13cdc9d9-ddb5-4fa4-a97d-d965ccfc6d4b" outcome="Passed" testListId="8c84fa94-04c1-424b-9868-57a2d4851a1d" relativeResultsDirectory="53ab9300-9a56-497b-9405-45ea25a7aa0b" />
[...]
    <TestEntry testId="0131c468-3dd6-6830-69d5-cc5d7dc13ae6" executionId="5b20d294-0b22-473c-b633-e55d13f7321d" testListId="8c84fa94-04c1-424b-9868-57a2d4851a1d" />
    <TestEntry testId="dc69cade-9aa3-5d15-e677-906d832c2ecf" executionId="6f35e49c-53c1-4524-be8a-9f1077133bd8" testListId="8c84fa94-04c1-424b-9868-57a2d4851a1d" />
    <TestEntry testId="ea7bb96e-e3ac-616e-1d8f-997513630bbe" executionId="d0885571-a89d-4734-adf1-083bcc286e08" testListId="8c84fa94-04c1-424b-9868-57a2d4851a1d" />
    <TestEntry testId="5288be84-195d-892b-732f-82edf87f0fba" executionId="97f320df-2bbb-41f4-9d6e-842a439903dc" testListId="8c84fa94-04c1-424b-9868-57a2d4851a1d" />
    <TestEntry testId="85494bc2-76dc-856c-4c10-67975fab1198" executionId="283f1593-a931-472f-8ce6-35cf78d04f85" testListId="8c84fa94-04c1-424b-9868-57a2d4851a1d" />
    <TestEntry testId="a7b8fa3d-7684-bf43-9827-3394aa9bcbdb" executionId="82123b78-9435-4d79-8f70-2188e439a5dd" testListId="8c84fa94-04c1-424b-9868-57a2d4851a1d" />
    <TestEntry testId="24904d80-4647-17d7-e098-f7a173f43f3e" executionId="6553a385-70e3-404f-86f5-b5cfe4550011" testListId="8c84fa94-04c1-424b-9868-57a2d4851a1d" />
    <TestEntry testId="fe11f8fb-6087-8114-a212-00c3c2cf96f6" executionId="c8474d58-e044-446c-983f-75b20f75a04b" testListId="8c84fa94-04c1-424b-9868-57a2d4851a1d" />
    <TestEntry testId="c2e78e77-bdb8-63b9-53ef-a28809373275" executionId="c9922b62-29fe-431b-9db2-c1ca265d0dc4" testListId="8c84fa94-04c1-424b-9868-57a2d4851a1d" />
    <TestEntry testId="693235eb-514c-3a88-9de3-9556a4fae6ee" executionId="2b616dcf-1d6c-46f1-a745-d77f1887a035" testListId="8c84fa94-04c1-424b-9868-57a2d4851a1d" />
    <TestEntry testId="b78e0f19-c8bb-3ab7-5c88-0ac101c89518" executionId="5c814e85-eab0-4db6-a50b-ee24f2cc6bff" testListId="8c84fa94-04c1-424b-9868-57a2d4851a1d" />
    <TestEntry testId="76e81351-0e56-beee-5cd7-4b0d4d3807fa" executionId="33209940-4246-42af-91c3-f689c63ff85b" testListId="8c84fa94-04c1-424b-9868-57a2d4851a1d" />
    <TestEntry testId="81b25fe2-2e4d-7df5-5498-7cdbcde00cf9" executionId="81d0e688-cf27-45be-9171-d6d6caa0f6be" testListId="8c84fa94-04c1-424b-9868-57a2d4851a1d" />
    <TestEntry testId="0e9f1049-49e1-d3f4-8874-70d18a967c71" executionId="76398f37-6769-44f6-b853-af76317b991f" testListId="8c84fa94-04c1-424b-9868-57a2d4851a1d" />
    <TestEntry testId="c831c937-2d11-5a01-fbf9-abb919afb95f" executionId="50176d19-3e73-4608-80d3-a0749d5d3b5f" testListId="8c84fa94-04c1-424b-9868-57a2d4851a1d" />
    <TestEntry testId="44024200-95fe-7dcc-57c3-5c899e00dced" executionId="5a427a6f-5f07-4e8e-9a44-3dae26259602" testListId="8c84fa94-04c1-424b-9868-57a2d4851a1d" />
    <TestEntry testId="76b2e942-9197-4467-0f81-e8a40cbe585a" executionId="51beca43-bfd4-4901-b660-dc3bebe89e1a" testListId="8c84fa94-04c1-424b-9868-57a2d4851a1d" />
    <TestEntry testId="85d9af99-5734-674b-d1f0-5bd1a262a553" executionId="2e9e6ee2-18e4-464b-b657-06671b1817ff" testListId="8c84fa94-04c1-424b-9868-57a2d4851a1d" />
    <TestEntry testId="098b3e49-6e6e-6b6c-f7fc-8d17fa84d7a3" executionId="94e5a4b4-ff43-4a82-a037-419355cd3443" testListId="8c84fa94-04c1-424b-9868-57a2d4851a1d" />
    <TestEntry testId="ff7fa151-344b-8609-86b4-df84ba676b13" executionId="6d429039-470a-4e13-9e32-9132552ff330" testListId="8c84fa94-04c1-424b-9868-57a2d4851a1d" />
    <TestEntry testId="36007c56-0e87-da8a-9662-a29e5145a42e" executionId="ebdf5ef3-ecc5-417c-af87-a27086c0cbc5" testListId="8c84fa94-04c1-424b-9868-57a2d4851a1d" />
    <TestEntry testId="96f216ba-81c1-d70a-3088-a3c56a3fa7ad" executionId="6adbc3c9-6def-42a2-9583-70ec1635996a" testListId="8c84fa94-04c1-424b-9868-57a2d4851a1d" />
    <TestEntry testId="d39f4d4d-89ec-7605-b8b8-b8432e505b39" executionId="d176bbdb-c558-4309-8c76-a063da632ca1" testListId="8c84fa94-04c1-424b-9868-57a2d4851a1d" />
    <TestEntry testId="b35412cd-8810-d25a-c4eb-3427e2461dd1" executionId="22a033b0-863c-4171-8489-7c016e94a730" testListId="8c84fa94-04c1-424b-9868-57a2d4851a1d" />
    <TestEntry testId="04aeb509-7132-7c13-1781-a8a748ec6e10" executionId="909ac92d-e522-4bad-8780-baf172513d75" testListId="8c84fa94-04c1-424b-9868-57a2d4851a1d" />
    <TestEntry testId="74445216-edf1-5b66-5f94-0d5926bea48f" executionId="1436b088-4047-4b7e-aa9e-158c5e23176e" testListId="8c84fa94-04c1-424b-9868-57a2d4851a1d" />
    <TestEntry testId="d76163c3-2415-8bcd-3b9c-8e291ea30dd9" executionId="fd3a8c5c-5e9a-473b-ace5-9fe79ee4373c" testListId="8c84fa94-04c1-424b-9868-57a2d4851a1d" />
    <TestEntry testId="ded64ffc-2462-106c-7a24-f523bc7dc842" executionId="181ff79d-8ad5-4a22-893b-7f11d2b5d8c4" testListId="8c84fa94-04c1-424b-9868-57a2d4851a1d" />
    <TestEntry testId="d0d18a18-8993-8793-49d9-f6f60ae2a14d" executionId="3af46328-bfc9-4155-8368-32faf1ce88b7" testListId="8c84fa94-04c1-424b-9868-57a2d4851a1d" />
    <TestEntry testId="38b63155-f6a2-57ad-f196-b2bbb34de174" executionId="4e3766c1-317e-4c7b-823b-5c5697d95593" testListId="8c84fa94-04c1-424b-9868-57a2d4851a1d" />
    <TestEntry testId="b03c88b0-0dd6-db04-789d-eba086e1e7be" executionId="4c844e58-a887-480e-a8d5-0cc82f228b83" testListId="8c84fa94-04c1-424b-9868-57a2d4851a1d" />
    <TestEntry testId="0b7b9d8e-ced8-1941-c5ce-d6e40572a8cb" executionId="4d9d50f8-fd31-462a-be21-b01be3036500" testListId="8c84fa94-04c1-424b-9868-57a2d4851a1d" />
    <TestEntry testId="f4cede61-b813-a118-9473-31fe85f583f1" executionId="cf225071-f9db-4bc2-9901-e19519b2c48b" testListId="8c84fa94-04c1-424b-9868-57a2d4851a1d" />
    <TestEntry testId="f5ff5ba5-009c-fd5e-dbd1-4b1b20ac26b4" executionId="751b94e1-3fef-4e22-a24a-8a2e0a0091d8" testListId="8c84fa94-04c1-424b-9868-57a2d4851a1d" />
    <TestEntry testId="9f7580ff-15a6-5a58-2ded-37878f99e4ee" executionId="815f5820-3e12-410b-bbec-4e8e3318d2f9" testListId="8c84fa94-04c1-424b-9868-57a2d4851a1d" />
    <TestEntry testId="26e3998a-4fb8-6a51-e127-011f95fd54fb" executionId="4078ccf2-ddd4-4101-9d24-07837bcb947c" testListId="8c84fa94-04c1-424b-9868-57a2d4851a1d" />
    <TestEntry testId="bdece06b-e2d8-24d4-bcfa-8dee2aea61a6" executionId="fcfa192e-0cdb-42e1-9a24-f4cc90c18762" testListId="8c84fa94-04c1-424b-9868-57a2d4851a1d" />
    <TestEntry testId="b36710f3-cbb0-4003-6f55-7468ba28b39b" executionId="0f9adb5c-54de-477e-8394-e2bdaa4dc3e4" testListId="8c84fa94-04c1-424b-9868-57a2d4851a1d" />
    <TestEntry testId="6b685e10-4538-6915-9c8e-1ebd704c26e9" executionId="c4a30320-89e7-4002-99b2-0f1acdecd105" testListId="8c84fa94-04c1-424b-9868-57a2d4851a1d" />
    <TestEntry testId="01deb04e-687e-ebdb-07e6-2f3f8e953b8e" executionId="cde242b3-b445-4654-9409-17db44b3beab" testListId="8c84fa94-04c1-424b-9868-57a2d4851a1d" />
    <TestEntry testId="cbb1198a-0fde-bef6-58cb-a417df1302d7" executionId="91b7398e-75d0-43ba-a962-22483f26dfa8" testListId="8c84fa94-04c1-424b-9868-57a2d4851a1d" />
    <TestEntry testId="8438f183-f111-9512-c4d7-fd6eecb9662e" executionId="8b6711ab-f7f2-474d-b325-b03c7937ed46" testListId="8c84fa94-04c1-424b-9868-57a2d4851a1d" />
    <TestEntry testId="0a27cee2-aa55-06f5-8a1b-423c207ed3e3" executionId="50609471-f8c4-4fc5-b768-643db8a35ae4" testListId="8c84fa94-04c1-424b-9868-57a2d4851a1d" />
    <TestEntry testId="463e1776-e707-6920-726e-0dc54c7d0817" executionId="2e263693-7770-459d-b1fa-8d525a576309" testListId="8c84fa94-04c1-424b-9868-57a2d4851a1d" />
    <TestEntry testId="05ab5212-d507-75ec-301b-4baedd9a4f83" executionId="deae4416-0b71-4b12-82c5-484794143c30" testListId="8c84fa94-04c1-424b-9868-57a2d4851a1d" />
    <TestEntry testId="f8dea931-92d8-fe70-29d4-f395952fbbc2" executionId="259be5ab-2513-4b08-bf44-377079f96829" testListId="8c84fa94-04c1-424b-9868-57a2d4851a1d" />
    <TestEntry testId="3b53183e-ba8e-6def-0b93-3c0f8bcc8ddc" executionId="90610ac4-285e-48a2-bf72-32c3e7377ea0" testListId="8c84fa94-04c1-424b-9868-57a2d4851a1d" />
    <TestEntry testId="9a34fea4-ce64-5caf-6c22-016a26bc5114" executionId="27456149-c43d-4188-a794-1910a7ad33c8" testListId="8c84fa94-04c1-424b-9868-57a2d4851a1d" />
    <TestEntry testId="c9d754cb-ace3-1140-097f-501bd63a86b9" executionId="84dc08f0-5bcd-46f1-b1c2-80d9b4da15a3" testListId="8c84fa94-04c1-424b-9868-57a2d4851a1d" />
    <TestEntry testId="cabbdcfb-740f-d2fe-7010-aa25e04849a3" executionId="fd49be4f-924e-4a28-9e8b-fd885b286bd2" testListId="8c84fa94-04c1-424b-9868-57a2d4851a1d" />
    <TestEntry testId="48a20e57-34bb-9919-5027-fb0199419242" executionId="0ba700c5-611c-4666-afb9-d068038b7a78" testListId="8c84fa94-04c1-424b-9868-57a2d4851a1d" />
    <TestEntry testId="e946a87f-bb5c-5a98-c839-822c3da2e506" executionId="d0514481-97c6-43a3-9929-81d41adc3537" testListId="8c84fa94-04c1-424b-9868-57a2d4851a1d" />
    <TestEntry testId="2b6bbab3-f0da-c189-b2c8-2994ead085fc" executionId="9bd34c07-3963-4833-8925-6b3a03870fd8" testListId="8c84fa94-04c1-424b-9868-57a2d4851a1d" />
    <TestEntry testId="37b33d9b-eb76-7d07-2c94-4a301a22dc3d" executionId="7271f22d-dadf-4c8b-a3a6-915a79c43061" testListId="8c84fa94-04c1-424b-9868-57a2d4851a1d" />
    <TestEntry testId="222c0af3-b9d3-eafa-8803-68c8bdc29bbc" executionId="9e89b673-2c5f-4626-abfb-f867d7904917" testListId="8c84fa94-04c1-424b-9868-57a2d4851a1d" />
    <TestEntry testId="bd468a8a-4140-ddb6-ea12-501045def87e" executionId="6af417e4-c569-4c6d-b82a-1f5a25085fc0" testListId="8c84fa94-04c1-424b-9868-57a2d4851a1d" />
    <TestEntry testId="fc825f60-b912-5d4e-9543-f4ce046af008" executionId="72f426d0-7cfa-49d9-8c51-9e6309c3ce3a" testListId="8c84fa94-04c1-424b-9868-57a2d4851a1d" />
    <TestEntry testId="684ec1c9-3d92-6fe3-7b89-7cfd7686947d" executionId="efba25cc-2a71-4ff0-bc87-0ec2db56c5bf" testListId="8c84fa94-04c1-424b-9868-57a2d4851a1d" />
    <TestEntry testId="19323407-2781-662e-df60-95918add1342" executionId="5f59c623-725b-4f1f-a6d0-54f5a2abc3db" testListId="8c84fa94-04c1-424b-9868-57a2d4851a1d" />
    <TestEntry testId="524c4f08-1077-ee68-8d19-bfb80d4cea8d" executionId="3faf216b-54b3-476d-a6e8-3749f32c7982" testListId="8c84fa94-04c1-424b-9868-57a2d4851a1d" />
    <TestEntry testId="743c5230-d501-834b-6520-e0538f2a150c" executionId="ace11c6d-736e-4fde-8f11-f6f1bb6535da" testListId="8c84fa94-04c1-424b-9868-57a2d4851a1d" />
    <TestEntry testId="af5b70a1-94d0-a6d0-06b7-e74f752575cc" executionId="ae71b8f0-ea7b-4313-b2d7-47ec9eecb25a" testListId="8c84fa94-04c1-424b-9868-57a2d4851a1d" />
    <TestEntry testId="10571699-926e-bbd5-e7b9-bd07873e7e2f" executionId="1681ace0-2567-4ab3-a474-c3bcac8c297e" testListId="8c84fa94-04c1-424b-9868-57a2d4851a1d" />
    <TestEntry testId="f8e593e8-ceba-9a9c-ac1f-7a67fe7a9717" executionId="3a3873b6-551f-444b-a639-0584845e8a12" testListId="8c84fa94-04c1-424b-9868-57a2d4851a1d" />
    <TestEntry testId="f5162eeb-c3c1-e848-82a4-bd65f648a51e" executionId="ac148f06-bc97-44d5-ae92-7d4ff15722bf" testListId="8c84fa94-04c1-424b-9868-57a2d4851a1d" />
    <TestEntry testId="c350c44e-7933-96f3-1730-37ab19b6b3f4" executionId="a7ce24c1-2b03-4f7d-938c-0653cf4de55b" testListId="8c84fa94-04c1-424b-9868-57a2d4851a1d" />
    <TestEntry testId="05d83c3e-a930-7ebd-8c29-3ba8f13ba354" executionId="0c187a67-f011-4025-aeb8-0b42205ebdb0" testListId="8c84fa94-04c1-424b-9868-57a2d4851a1d" />
    <TestEntry testId="e218582e-c7b8-ccb5-0770-67882aab6a7e" executionId="d4329884-6b03-4daa-aaeb-bd3276dbfee7" testListId="8c84fa94-04c1-424b-9868-57a2d4851a1d" />
    <TestEntry testId="61bf7da3-eb12-3c24-15dc-477723e80b10" executionId="311c983a-24a4-4e36-9a44-cafa5145aaf6" testListId="8c84fa94-04c1-424b-9868-57a2d4851a1d" />
    <TestEntry testId="b0a00eea-de9f-19b1-f7c9-8c92b7e167d4" executionId="dbf7b1f3-ec38-45c9-abab-6de3400581df" testListId="8c84fa94-04c1-424b-9868-57a2d4851a1d" />
    <TestEntry testId="969bd83c-9d82-2fda-8d26-fa14627d123c" executionId="be1883e9-1d1e-4a30-8404-76936f87eb68" testListId="8c84fa94-04c1-424b-9868-57a2d4851a1d" />
    <TestEntry testId="d186779e-cec1-f095-0cf6-08364f71d6b7" executionId="c22fbff5-cdac-4e1b-844c-1744ef018ab5" testListId="8c84fa94-04c1-424b-9868-57a2d4851a1d" />
    <TestEntry testId="ff895050-0eb3-8151-ca66-c836b0d5a408" executionId="3347bbf0-6c47-4fcc-85bd-3c295e072243" testListId="8c84fa94-04c1-424b-9868-57a2d4851a1d" />
    <TestEntry testId="3edec186-161f-a714-e38b-c75091c5c4f0" executionId="57f1b9bc-0d13-41f7-9c58-29e8d4e4c8a5" testListId="8c84fa94-04c1-424b-9868-57a2d4851a1d" />
    <TestEntry testId="11036b06-3913-c9ce-cf69-ba0f03d5d6f0" executionId="812c215e-eb16-45ff-9c1c-2dd3a45be3e6" testListId="8c84fa94-04c1-424b-9868-57a2d4851a1d" />
    <TestEntry testId="85d17174-d332-f9dd-72e6-4d83a9becaf1" executionId="fc89996f-4cfe-4915-95ba-219f3765381a" testListId="8c84fa94-04c1-424b-9868-57a2d4851a1d" />
    <TestEntry testId="d95771b1-2f81-c225-f121-fbfad1803ceb" executionId="7a9536c4-59cf-4390-a1ec-5c702485643a" testListId="8c84fa94-04c1-424b-9868-57a2d4851a1d" />
    <TestEntry testId="0ee9c35a-dd59-c3c5-f256-2bdd7200683f" executionId="b060f297-4ad4-4e0a-823e-b92f1d10623f" testListId="8c84fa94-04c1-424b-9868-57a2d4851a1d" />
    <TestEntry testId="bcbf2f6a-c0b2-89dc-c32b-87105418ee5c" executionId="ea218425-5b99-4a2d-9561-66f355b7f083" testListId="8c84fa94-04c1-424b-9868-57a2d4851a1d" />
    <TestEntry testId="aad7a563-33f0-19d9-66a6-9e05f00e296a" executionId="37acb573-5661-4605-97e0-962949a3c36a" testListId="8c84fa94-04c1-424b-9868-57a2d4851a1d" />
    <TestEntry testId="9e97377f-a08b-4769-6854-71c1cfdf386f" executionId="c696e66d-bf26-49da-b672-fa8a9dd206cf" testListId="8c84fa94-04c1-424b-9868-57a2d4851a1d" />
    <TestEntry testId="ef183b21-9288-0d63-345c-3d94059a88d4" executionId="a0e564eb-3da3-4564-8b38-0dad44469c9d" testListId="8c84fa94-04c1-424b-9868-57a2d4851a1d" />
    <TestEntry testId="cb2dead0-cf39-e80a-8b70-473c9e949958" executionId="4cbff7ac-ad24-4ed9-b2e1-0112b81aa8f1" testListId="8c84fa94-04c1-424b-9868-57a2d4851a1d" />
    <TestEntry testId="a756dfb6-9ea2-46ca-f645-8d58e03dd144" executionId="1fac2c46-4de4-4d9f-8085-25dbaf7720b2" testListId="8c84fa94-04c1-424b-9868-57a2d4851a1d" />
    <TestEntry testId="17650936-022a-b675-5dfe-01702e4c69ad" executionId="15350672-5e3b-487c-aec6-1d857121f96e" testListId="8c84fa94-04c1-424b-9868-57a2d4851a1d" />
    <TestEntry testId="aa3fe85f-8ba9-3a95-13b7-903c21bce48b" executionId="8c92a83c-6c33-4a18-b751-02a982e6ea26" testListId="8c84fa94-04c1-424b-9868-57a2d4851a1d" />
    <TestEntry testId="cbff06bc-1e7d-49fe-6686-00b0fbe21d2b" executionId="46515673-a303-4c93-af4e-f0a89ad0aee5" testListId="8c84fa94-04c1-424b-9868-57a2d4851a1d" />
    <TestEntry testId="5c069787-52fd-0d84-7504-99cad2f56d5b" executionId="4bf9e3d4-bdfd-41f4-a430-c8bca7cf71c1" testListId="8c84fa94-04c1-424b-9868-57a2d4851a1d" />
    <TestEntry testId="6507ad66-7407-4adf-38c0-de83e938ba9d" executionId="e32d13b5-2039-4f7e-b3c2-962ae7a55c16" testListId="8c84fa94-04c1-424b-9868-57a2d4851a1d" />
    <TestEntry testId="7aaa78c4-32e6-ce99-a196-cdc99ed229c5" executionId="70a06e6c-1d72-43a9-86f9-c94864d3b61b" testListId="8c84fa94-04c1-424b-9868-57a2d4851a1d" />
    <TestEntry testId="7e34b02c-41bc-fc94-0ca4-f7c29767a64f" executionId="be258af8-f2e2-4e75-89ee-e3d972358af4" testListId="8c84fa94-04c1-424b-9868-57a2d4851a1d" />
    <TestEntry testId="a2b8c216-3adf-8a02-6a0d-6ee03814ceb0" executionId="09e9d2d5-01a0-4e13-a066-6d4d8acd4c6a" testListId="8c84fa94-04c1-424b-9868-57a2d4851a1d" />
    <TestEntry testId="c698b268-19aa-2a73-04d4-43a82bd8c24b" executionId="25119aeb-f405-4998-bd84-3650139b1f79" testListId="8c84fa94-04c1-424b-9868-57a2d4851a1d" />
    <TestEntry testId="b1398d24-38d5-67af-5c70-56c5adb06fe6" executionId="1c6770f9-24e6-4c2a-ad4e-7e90f010b568" testListId="8c84fa94-04c1-424b-9868-57a2d4851a1d" />
    <TestEntry testId="e9cd6f52-1b81-0c17-054d-3f70b8855dd0" executionId="0ee6e5e2-2706-4128-8c70-1456ded95791" testListId="8c84fa94-04c1-424b-9868-57a2d4851a1d" />
    <TestEntry testId="24d50c3b-7a5a-6796-e677-64f54c8509d2" executionId="fea7bf0a-aedb-48ac-9880-eb0ffe8c40a0" testListId="8c84fa94-04c1-424b-9868-57a2d4851a1d" />
    <TestEntry testId="0772ea71-d3c4-1b6a-29e3-3c31ee24aa1c" executionId="58864075-d43a-4da5-93f0-27f30bb0dd93" testListId="8c84fa94-04c1-424b-9868-57a2d4851a1d" />
    <TestEntry testId="25325180-a1f6-410c-4bd8-423189f1903e" executionId="a433d0ff-326a-44dd-b8c3-2a14d26a0a3e" testListId="8c84fa94-04c1-424b-9868-57a2d4851a1d" />
    <TestEntry testId="5033cd09-b527-627f-b3e8-a3af8ec79346" executionId="c465a58e-1175-470b-b085-7a50f13a53ba" testListId="8c84fa94-04c1-424b-9868-57a2d4851a1d" />
    <TestEntry testId="74943d33-a352-024f-e261-c367ea512273" executionId="fbba3691-2a28-4d81-b780-3a0156b8e6ae" testListId="8c84fa94-04c1-424b-9868-57a2d4851a1d" />
    <TestEntry testId="360d63bf-ce57-9529-4926-f040710be9e9" executionId="4e6d1c5b-9717-4f0d-8b67-f5c4298ee20b" testListId="8c84fa94-04c1-424b-9868-57a2d4851a1d" />
    <TestEntry testId="7b27547d-0a4c-7bb3-84bb-d283bee2f0dc" executionId="7245dde6-e722-46d9-a7fd-f3ba966899b9" testListId="8c84fa94-04c1-424b-9868-57a2d4851a1d" />
    <TestEntry testId="1d8d624c-cb13-42db-e003-306b6e002663" executionId="088e9538-59b6-490d-afc6-be0b6e5fe689" testListId="8c84fa94-04c1-424b-9868-57a2d4851a1d" />
    <TestEntry testId="76cee728-df58-4686-94aa-144128eddca7" executionId="fda33731-4558-4937-831b-11ab661a3398" testListId="8c84fa94-04c1-424b-9868-57a2d4851a1d" />
    <TestEntry testId="5541a3ed-50cb-7b4c-26ac-344369f90f64" executionId="9f4f8a10-a3cc-4b0a-9e68-20e19b09b866" testListId="8c84fa94-04c1-424b-9868-57a2d4851a1d" />
    <TestEntry testId="d927eb7f-7522-2bd2-8804-e0019e6f7d9d" executionId="addad754-169e-4d54-87d6-428da6fd413b" testListId="8c84fa94-04c1-424b-9868-57a2d4851a1d" />
    <TestEntry testId="509a5468-8b9d-aa0b-ad93-75cfcecd556b" executionId="64cc89ce-d3f0-4cc5-86c6-a105f9d5744f" testListId="8c84fa94-04c1-424b-9868-57a2d4851a1d" />
    <TestEntry testId="b5096f2e-0945-9643-b0a6-353edcd2c637" executionId="993eb80c-cbdf-43b5-93e6-3f62766436d7" testListId="8c84fa94-04c1-424b-9868-57a2d4851a1d" />
    <TestEntry testId="c2827eae-9729-c0cf-5a72-0beccd3d31d7" executionId="216804c0-8ec7-43a8-b0f6-ae3c4399984f" testListId="8c84fa94-04c1-424b-9868-57a2d4851a1d" />
    <TestEntry testId="faa20433-ce22-d794-26a9-b8af070182c8" executionId="e1870808-840e-45fb-acb5-639a1938a520" testListId="8c84fa94-04c1-424b-9868-57a2d4851a1d" />
    <TestEntry testId="b53beafc-7300-0a8d-7a92-a80d9f408497" executionId="2c48ec8c-e0be-4ebe-ac91-fa25fe61a00a" testListId="8c84fa94-04c1-424b-9868-57a2d4851a1d" />
    <TestEntry testId="44518dd5-7403-db3a-8262-1697288b076d" executionId="8c8fd3fd-53bb-48fe-ae2e-c5a966f607fc" testListId="8c84fa94-04c1-424b-9868-57a2d4851a1d" />
    <TestEntry testId="88a2fe0e-ca21-3233-fe6a-f96f4977b55c" executionId="94ec4bc5-92e6-4d51-afec-5138115cab3f" testListId="8c84fa94-04c1-424b-9868-57a2d4851a1d" />
  </TestEntries>
  <TestLists>
    <TestList name="Results Not in a List" id="8c84fa94-04c1-424b-9868-57a2d4851a1d" />
    <TestList name="All Loaded Results" id="19431567-8539-422a-85d7-44ee4e166bda" />
  </TestLists>
  <ResultSummary outcome="Completed">
    <Counters total="347" executed="342" passed="342" failed="0" error="0" timeout="0" aborted="0" inconclusive="0" passedButRunAborted="0" notRunnable="0" notExecuted="0" disconnected="0" warning="0" completed="0" inProgress="0" pending="0" />
    <Output>
      <StdOut>Test 'Playground_GetDependenciesAsync' was skipped in the test run.&#xD;
Test 'Playground_GetMetadataAsync' was skipped in the test run.&#xD;
Test 'SolutionPlayground' was skipped in the test run.&#xD;
Test 'Playground_WithTransitivePackages' was skipped in the test run.&#xD;
Test 'Playground_WithoutTransitivePackages' was skipped in the test run.&#xD;
NUnit Adapter 4.5.0.0: Test execution started&#xD;
Running all tests in D:\repos\Musoq.DataSources\Musoq.DataSources.Roslyn.Tests\bin\Release\net10.0\Musoq.DataSources.Roslyn.Tests.dll&#xD;
   NUnit3TestExecutor discovered 0 of 0 NUnit test cases using Current Discovery mode, Explicit run&#xD;
NUnit Adapter 4.5.0.0: Test execution complete&#xD;
</StdOut>
    </Output>
  </ResultSummary>
</TestRun>