<?xml version="1.0" encoding="utf-8"?>
<TestRun id="929a0359-fbf9-4a31-bf7a-34b1e37cc8c9" name="Jakub@DESKTOP-I52018A 2026-09-06 18:46:06" runUser="DESKTOP-I52018A\Jakub" xmlns="http://microsoft.com/schemas/VisualStudio/TeamTest/2010">
  <Times creation="2026-09-06T18:46:06.1896281+02:00" queuing="2026-09-06T18:46:06.1896282+02:00" start="2026-09-06T18:46:04.0967599+02:00" finish="2026-09-06T18:46:06.1928944+02:00" />
  <TestSettings name="default" id="0386ad63-55ee-4957-abb3-336774af7e59">
    <Deployment runDeploymentRoot="Jakub_DESKTOP-I52018A_2026-09-06_18_46_06" />
  </TestSettings>
  <Results>
    <UnitTestResult executionId="f9c76e6a-6951-4141-99a2-d0257ab7efd4" testId="62dde46c-bbfd-1774-df68-f9d9a1a0fc49" testName="HashSchemaName_ShouldExposeProcessName" computerName="DESKTOP-I52018A" duration="00:00:00.0510994" startTime="2026-09-06T18:46:06.0058898+02:00" endTime="2026-09-06T18:46:06.0572410+02:00" testType="13cdc9d9-ddb5-4fa4-a97d-d965ccfc6d4b" outcome="Passed" testListId="8c84fa94-04c1-424b-9868-57a2d4851a1d" relativeResultsDirectory="f9c76e6a-6951-4141-99a2-d0257ab7efd4">
      <Output>
        <StdOut>TestContext Messages:&#xD;
Query: select ProcessName from os.processes()&#xD;
Columns: ProcessName (String)&#xD;
Rows: 394&#xD;
Row 0: Idle&#xD;
Row 1: System&#xD;
Row 2: Secure System</StdOut>
      </Output>
    </UnitTestResult>
    <UnitTestResult executionId="28d463dc-1326-4ae0-a468-25ceb633058d" testId="552046b5-63c0-ad94-0eff-bb4b6556b274" testName="BareSchemaName_ShouldExposeProcessName" computerName="DESKTOP-I52018A" duration="00:00:01.5929277" startTime="2026-09-06T18:46:04.4017433+02:00" endTime="2026-09-06T18:46:06.0030840+02:00" testType="13cdc9d9-ddb5-4fa4-a97d-d965ccfc6d4b" outcome="Passed" testListId="8c84fa94-04c1-424b-9868-57a2d4851a1d" relativeResultsDirectory="28d463dc-1326-4ae0-a468-25ceb633058d">
      <Output>
        <StdOut>TestContext Messages:&#xD;
Query: select ProcessName from os.processes()&#xD;
Columns: ProcessName (String)&#xD;
Rows: 392&#xD;
Row 0: Idle&#xD;
Row 1: System&#xD;
Row 2: Secure System</StdOut>
      </Output>
    </UnitTestResult>
    <UnitTestResult executionId="e15ebe0b-706f-4323-bd22-e729fee48e3c" testId="7b655e02-a210-fafe-4cdd-1f1047ffffc0" testName="HashSchemaName_ProcessNameControl_ShouldRun" computerName="DESKTOP-I52018A" duration="00:00:00.0719917" startTime="2026-09-06T18:46:06.0575693+02:00" endTime="2026-09-06T18:46:06.1303111+02:00" testType="13cdc9d9-ddb5-4fa4-a97d-d965ccfc6d4b" outcome="Passed" testListId="8c84fa94-04c1-424b-9868-57a2d4851a1d" relativeResultsDirectory="e15ebe0b-706f-4323-bd22-e729fee48e3c">
      <Output>
        <StdOut>TestContext Messages:&#xD;
Query: select ProcessName from os.processes()&#xD;
Columns: ProcessName (String)&#xD;
Rows: 394&#xD;
Row 0: Idle&#xD;
Row 1: System&#xD;
Row 2: Secure System</StdOut>
      </Output>
    </UnitTestResult>
  </Results>
  <TestDefinitions>
    <UnitTest name="BareSchemaName_ShouldExposeProcessName" storage="d:\repos\musoq.datasources\musoq.datasources.os.playground\bin\release\net10.0\musoq.datasources.os.playground.dll" id="552046b5-63c0-ad94-0eff-bb4b6556b274">
      <Execution id="28d463dc-1326-4ae0-a468-25ceb633058d" />
      <TestMethod codeBase="D:\repos\Musoq.DataSources\Musoq.DataSources.Os.Playground\bin\Release\net10.0\Musoq.DataSources.Os.Playground.dll" adapterTypeName="executor://mstestadapter/v2" className="Musoq.DataSources.Os.Playground.OsProcessesPlaygroundTests" name="BareSchemaName_ShouldExposeProcessName" />
    </UnitTest>
    <UnitTest name="HashSchemaName_ProcessNameControl_ShouldRun" storage="d:\repos\musoq.datasources\musoq.datasources.os.playground\bin\release\net10.0\musoq.datasources.os.playground.dll" id="7b655e02-a210-fafe-4cdd-1f1047ffffc0">
      <Execution id="e15ebe0b-706f-4323-bd22-e729fee48e3c" />
      <TestMethod codeBase="D:\repos\Musoq.DataSources\Musoq.DataSources.Os.Playground\bin\Release\net10.0\Musoq.DataSources.Os.Playground.dll" adapterTypeName="executor://mstestadapter/v2" className="Musoq.DataSources.Os.Playground.OsProcessesPlaygroundTests" name="HashSchemaName_ProcessNameControl_ShouldRun" />
    </UnitTest>
    <UnitTest name="HashSchemaName_ShouldExposeProcessName" storage="d:\repos\musoq.datasources\musoq.datasources.os.playground\bin\release\net10.0\musoq.datasources.os.playground.dll" id="62dde46c-bbfd-1774-df68-f9d9a1a0fc49">
      <Execution id="f9c76e6a-6951-4141-99a2-d0257ab7efd4" />
      <TestMethod codeBase="D:\repos\Musoq.DataSources\Musoq.DataSources.Os.Playground\bin\Release\net10.0\Musoq.DataSources.Os.Playground.dll" adapterTypeName="executor://mstestadapter/v2" className="Musoq.DataSources.Os.Playground.OsProcessesPlaygroundTests" name="HashSchemaName_ShouldExposeProcessName" />
    </UnitTest>
  </TestDefinitions>
  <TestEntries>
    <TestEntry testId="62dde46c-bbfd-1774-df68-f9d9a1a0fc49" executionId="f9c76e6a-6951-4141-99a2-d0257ab7efd4" testListId="8c84fa94-04c1-424b-9868-57a2d4851a1d" />
    <TestEntry testId="552046b5-63c0-ad94-0eff-bb4b6556b274" executionId="28d463dc-1326-4ae0-a468-25ceb633058d" testListId="8c84fa94-04c1-424b-9868-57a2d4851a1d" />
    <TestEntry testId="7b655e02-a210-fafe-4cdd-1f1047ffffc0" executionId="e15ebe0b-706f-4323-bd22-e729fee48e3c" testListId="8c84fa94-04c1-424b-9868-57a2d4851a1d" />
  </TestEntries>
  <TestLists>
    <TestList name="Results Not in a List" id="8c84fa94-04c1-424b-9868-57a2d4851a1d" />
    <TestList name="All Loaded Results" id="19431567-8539-422a-85d7-44ee4e166bda" />
  </TestLists>
  <ResultSummary outcome="Completed">
    <Counters total="3" executed="3" passed="3" failed="0" error="0" timeout="0" aborted="0" inconclusive="0" passedButRunAborted="0" notRunnable="0" notExecuted="0" disconnected="0" warning="0" completed="0" inProgress="0" pending="0" />
  </ResultSummary>
</TestRun>